        -:    0:Source:/Users/igor/Development/theciphers/includes/interfaces/icipher.h
        -:    0:Graph:./DerivedData/theciphers/Build/Intermediates/theciphers.build/Debug/unit_tests.build/Objects-normal/x86_64/aes_cipher.gcno
        -:    0:Data:./DerivedData/theciphers/Build/Intermediates/theciphers.build/Debug/unit_tests.build/Objects-normal/x86_64/aes_cipher.gcda
        -:    0:Runs:1
        -:    0:Programs:1
        -:    1://
        -:    2://  ICipher.h
        -:    3://  theciphers
        -:    4://
        -:    5://  Created by Igor de Oliveira Sa on 23/03/14.
        -:    6://  Copyright (c) 2014 Igor de Oliveira Sa. All rights reserved.
        -:    7://
        -:    8:
        -:    9:#ifndef theciphers_ICipher_h
        -:   10:#define theciphers_ICipher_h
        -:   11:
        -:   12:#include "the_ciphers.h"
        -:   13:
        1:   14:class ICipher {
        -:   15:public:
        -:   16:    virtual int Cipher(unsigned char * message, size_t message_size, unsigned char * ciphered_message) = 0;
        -:   17:    virtual int Decipher(unsigned char * ciphered_message, size_t ciphered_message_size, unsigned char * deciphered_message) = 0;
        -:   18:};
        -:   19:
        -:   20:#endif
