        -:    0:Source:/Applications/Xcode.app/Contents/Developer/Toolchains/XcodeDefault.xctoolchain/usr/bin/../lib/c++/v1/locale
        -:    0:Graph:./DerivedData/theciphers/Build/Intermediates/theciphers.build/Debug/unit_tests.build/Objects-normal/x86_64/main.gcno
        -:    0:Data:-
        -:    0:Runs:0
        -:    0:Programs:0
        -:    1:// -*- C++ -*-
        -:    2://===-------------------------- locale ------------------------------------===//
        -:    3://
        -:    4://                     The LLVM Compiler Infrastructure
        -:    5://
        -:    6:// This file is dual licensed under the MIT and the University of Illinois Open
        -:    7:// Source Licenses. See LICENSE.TXT for details.
        -:    8://
        -:    9://===----------------------------------------------------------------------===//
        -:   10:
        -:   11:#ifndef _LIBCPP_LOCALE
        -:   12:#define _LIBCPP_LOCALE
        -:   13:
        -:   14:/*
        -:   15:    locale synopsis
        -:   16:
        -:   17:namespace std
        -:   18:{
        -:   19:
        -:   20:class locale
        -:   21:{
        -:   22:public:
        -:   23:    // types:
        -:   24:    class facet;
        -:   25:    class id;
        -:   26:
        -:   27:    typedef int category;
        -:   28:    static const category // values assigned here are for exposition only
        -:   29:        none     = 0x000,
        -:   30:        collate  = 0x010,
        -:   31:        ctype    = 0x020,
        -:   32:        monetary = 0x040,
        -:   33:        numeric  = 0x080,
        -:   34:        time     = 0x100,
        -:   35:        messages = 0x200,
        -:   36:        all = collate | ctype | monetary | numeric | time | messages;
        -:   37:
        -:   38:    // construct/copy/destroy:
        -:   39:    locale() noexcept;
        -:   40:    locale(const locale& other) noexcept;
        -:   41:    explicit locale(const char* std_name);
        -:   42:    explicit locale(const string& std_name);
        -:   43:    locale(const locale& other, const char* std_name, category);
        -:   44:    locale(const locale& other, const string& std_name, category);
        -:   45:    template <class Facet> locale(const locale& other, Facet* f);
        -:   46:    locale(const locale& other, const locale& one, category);
        -:   47:
        -:   48:    ~locale(); // not virtual
        -:   49:
        -:   50:    const locale& operator=(const locale& other) noexcept;
        -:   51:
        -:   52:    template <class Facet> locale combine(const locale& other) const;
        -:   53:
        -:   54:    // locale operations:
        -:   55:    basic_string<char> name() const;
        -:   56:    bool operator==(const locale& other) const;
        -:   57:    bool operator!=(const locale& other) const;
        -:   58:    template <class charT, class Traits, class Allocator>
        -:   59:      bool operator()(const basic_string<charT,Traits,Allocator>& s1,
        -:   60:                      const basic_string<charT,Traits,Allocator>& s2) const;
        -:   61:
        -:   62:    // global locale objects:
        -:   63:    static locale global(const locale&);
        -:   64:    static const locale& classic();
        -:   65:};
        -:   66:
        -:   67:template <class Facet> const Facet& use_facet(const locale&);
        -:   68:template <class Facet> bool has_facet(const locale&) noexcept;
        -:   69:
        -:   70:// 22.3.3, convenience interfaces:
        -:   71:template <class charT> bool isspace (charT c, const locale& loc);
        -:   72:template <class charT> bool isprint (charT c, const locale& loc);
        -:   73:template <class charT> bool iscntrl (charT c, const locale& loc);
        -:   74:template <class charT> bool isupper (charT c, const locale& loc);
        -:   75:template <class charT> bool islower (charT c, const locale& loc);
        -:   76:template <class charT> bool isalpha (charT c, const locale& loc);
        -:   77:template <class charT> bool isdigit (charT c, const locale& loc);
        -:   78:template <class charT> bool ispunct (charT c, const locale& loc);
        -:   79:template <class charT> bool isxdigit(charT c, const locale& loc);
        -:   80:template <class charT> bool isalnum (charT c, const locale& loc);
        -:   81:template <class charT> bool isgraph (charT c, const locale& loc);
        -:   82:template <class charT> charT toupper(charT c, const locale& loc);
        -:   83:template <class charT> charT tolower(charT c, const locale& loc);
        -:   84:
        -:   85:template<class Codecvt, class Elem = wchar_t,
        -:   86:         class Wide_alloc = allocator<Elem>,
        -:   87:         class Byte_alloc = allocator<char>>
        -:   88:class wstring_convert
        -:   89:{
        -:   90:public:
        -:   91:    typedef basic_string<char, char_traits<char>, Byte_alloc> byte_string;
        -:   92:    typedef basic_string<Elem, char_traits<Elem>, Wide_alloc> wide_string;
        -:   93:    typedef typename Codecvt::state_type                      state_type;
        -:   94:    typedef typename wide_string::traits_type::int_type       int_type;
        -:   95:
        -:   96:    explicit wstring_convert(Codecvt* pcvt = new Codecvt);          // explicit in C++14
        -:   97:    wstring_convert(Codecvt* pcvt, state_type state);
        -:   98:    explicit wstring_convert(const byte_string& byte_err,           // explicit in C++14
        -:   99:                    const wide_string& wide_err = wide_string());
        -:  100:    wstring_convert(const wstring_convert&) = delete;               // C++14
        -:  101:    wstring_convert & operator=(const wstring_convert &) = delete;  // C++14
        -:  102:    ~wstring_convert();
        -:  103:
        -:  104:    wide_string from_bytes(char byte);
        -:  105:    wide_string from_bytes(const char* ptr);
        -:  106:    wide_string from_bytes(const byte_string& str);
        -:  107:    wide_string from_bytes(const char* first, const char* last);
        -:  108:
        -:  109:    byte_string to_bytes(Elem wchar);
        -:  110:    byte_string to_bytes(const Elem* wptr);
        -:  111:    byte_string to_bytes(const wide_string& wstr);
        -:  112:    byte_string to_bytes(const Elem* first, const Elem* last);
        -:  113:
        -:  114:    size_t converted() const; // noexcept in C++14
        -:  115:    state_type state() const;
        -:  116:};
        -:  117:
        -:  118:template <class Codecvt, class Elem = wchar_t, class Tr = char_traits<Elem>>
        -:  119:class wbuffer_convert
        -:  120:    : public basic_streambuf<Elem, Tr>
        -:  121:{
        -:  122:public:
        -:  123:    typedef typename Tr::state_type state_type;
        -:  124:
        -:  125:    explicit wbuffer_convert(streambuf* bytebuf = 0, Codecvt* pcvt = new Codecvt,
        -:  126:                    state_type state = state_type());       // explicit in C++14
        -:  127:    wbuffer_convert(const wbuffer_convert&) = delete;               // C++14
        -:  128:    wbuffer_convert & operator=(const wbuffer_convert &) = delete;  // C++14
        -:  129:    ~wbuffer_convert();                                             // C++14
        -:  130:    
        -:  131:    streambuf* rdbuf() const;
        -:  132:    streambuf* rdbuf(streambuf* bytebuf);
        -:  133:
        -:  134:    state_type state() const;
        -:  135:};
        -:  136:
        -:  137:// 22.4.1 and 22.4.1.3, ctype:
        -:  138:class ctype_base;
        -:  139:template <class charT> class ctype;
        -:  140:template <> class ctype<char>; // specialization
        -:  141:template <class charT> class ctype_byname;
        -:  142:template <> class ctype_byname<char>; // specialization
        -:  143:
        -:  144:class codecvt_base;
        -:  145:template <class internT, class externT, class stateT> class codecvt;
        -:  146:template <class internT, class externT, class stateT> class codecvt_byname;
        -:  147:
        -:  148:// 22.4.2 and 22.4.3, numeric:
        -:  149:template <class charT, class InputIterator> class num_get;
        -:  150:template <class charT, class OutputIterator> class num_put;
        -:  151:template <class charT> class numpunct;
        -:  152:template <class charT> class numpunct_byname;
        -:  153:
        -:  154:// 22.4.4, col lation:
        -:  155:template <class charT> class collate;
        -:  156:template <class charT> class collate_byname;
        -:  157:
        -:  158:// 22.4.5, date and time:
        -:  159:class time_base;
        -:  160:template <class charT, class InputIterator> class time_get;
        -:  161:template <class charT, class InputIterator> class time_get_byname;
        -:  162:template <class charT, class OutputIterator> class time_put;
        -:  163:template <class charT, class OutputIterator> class time_put_byname;
        -:  164:
        -:  165:// 22.4.6, money:
        -:  166:class money_base;
        -:  167:template <class charT, class InputIterator> class money_get;
        -:  168:template <class charT, class OutputIterator> class money_put;
        -:  169:template <class charT, bool Intl> class moneypunct;
        -:  170:template <class charT, bool Intl> class moneypunct_byname;
        -:  171:
        -:  172:// 22.4.7, message retrieval:
        -:  173:class messages_base;
        -:  174:template <class charT> class messages;
        -:  175:template <class charT> class messages_byname;
        -:  176:
        -:  177:}  // std
        -:  178:
        -:  179:*/
        -:  180:
        -:  181:#include <__config>
        -:  182:#include <__locale>
        -:  183:#include <algorithm>
        -:  184:#include <memory>
        -:  185:#include <ios>
        -:  186:#include <streambuf>
        -:  187:#include <iterator>
        -:  188:#include <limits>
        -:  189:#ifndef __APPLE__
        -:  190:#include <cstdarg>
        -:  191:#endif
        -:  192:#include <cstdlib>
        -:  193:#include <ctime>
        -:  194:#if defined(_LIBCPP_MSVCRT) || defined(__MINGW32__)
        -:  195:#include <support/win32/locale_win32.h>
        -:  196:#else // _LIBCPP_MSVCRT
        -:  197:#include <nl_types.h>
        -:  198:#endif  // !_LIBCPP_MSVCRT
        -:  199:
        -:  200:#ifdef __APPLE__
        -:  201:#include <Availability.h>
        -:  202:#endif
        -:  203:
        -:  204:#include <__undef_min_max>
        -:  205:
        -:  206:#if !defined(_LIBCPP_HAS_NO_PRAGMA_SYSTEM_HEADER)
        -:  207:#pragma GCC system_header
        -:  208:#endif
        -:  209:
        -:  210:_LIBCPP_BEGIN_NAMESPACE_STD
        -:  211:
        -:  212:#if defined(__APPLE__) || defined(__FreeBSD__)
        -:  213:#  define _LIBCPP_GET_C_LOCALE 0
        -:  214:#elif defined(__NetBSD__)
        -:  215:#  define _LIBCPP_GET_C_LOCALE LC_C_LOCALE
        -:  216:#else
        -:  217:#  define _LIBCPP_GET_C_LOCALE __cloc()
        -:  218:   // Get the C locale object
        -:  219:   _LIBCPP_FUNC_VIS locale_t __cloc();
        -:  220:#define __cloc_defined
        -:  221:#endif
        -:  222:
        -:  223:typedef _VSTD::remove_pointer<locale_t>::type __locale_struct;
        -:  224:typedef _VSTD::unique_ptr<__locale_struct, decltype(&freelocale)> __locale_unique_ptr;
        -:  225:#ifndef _LIBCPP_LOCALE__L_EXTENSIONS
        -:  226:typedef _VSTD::unique_ptr<__locale_struct, decltype(&uselocale)> __locale_raii;
        -:  227:#endif
        -:  228:
        -:  229:// OSX has nice foo_l() functions that let you turn off use of the global
        -:  230:// locale.  Linux, not so much.  The following functions avoid the locale when
        -:  231:// that's possible and otherwise do the wrong thing.  FIXME.
        -:  232:#if defined(__linux__) || defined(EMSCRIPTEN) || defined(_AIX)
        -:  233:
        -:  234:#ifdef _LIBCPP_LOCALE__L_EXTENSIONS
        -:  235:decltype(MB_CUR_MAX_L(_VSTD::declval<locale_t>()))
        -:  236:inline _LIBCPP_INLINE_VISIBILITY
        -:  237:__mb_cur_max_l(locale_t __l)
        -:  238:{
        -:  239:  return MB_CUR_MAX_L(__l);
        -:  240:}
        -:  241:#else  // _LIBCPP_LOCALE__L_EXTENSIONS
        -:  242:inline _LIBCPP_ALWAYS_INLINE
        -:  243:decltype(MB_CUR_MAX) __mb_cur_max_l(locale_t __l)
        -:  244:{
        -:  245:  __locale_raii __current(uselocale(__l), uselocale);
        -:  246:  return MB_CUR_MAX;
        -:  247:}
        -:  248:#endif // _LIBCPP_LOCALE__L_EXTENSIONS
        -:  249:
        -:  250:inline _LIBCPP_ALWAYS_INLINE
        -:  251:wint_t __btowc_l(int __c, locale_t __l)
        -:  252:{
        -:  253:#ifdef _LIBCPP_LOCALE__L_EXTENSIONS
        -:  254:  return btowc_l(__c, __l);
        -:  255:#else
        -:  256:  __locale_raii __current(uselocale(__l), uselocale);
        -:  257:  return btowc(__c);
        -:  258:#endif
        -:  259:}
        -:  260:
        -:  261:inline _LIBCPP_ALWAYS_INLINE
        -:  262:int __wctob_l(wint_t __c, locale_t __l)
        -:  263:{
        -:  264:#ifdef _LIBCPP_LOCALE__L_EXTENSIONS
        -:  265:  return wctob_l(__c, __l);
        -:  266:#else
        -:  267:  __locale_raii __current(uselocale(__l), uselocale);
        -:  268:  return wctob(__c);
        -:  269:#endif
        -:  270:}
        -:  271:
        -:  272:inline _LIBCPP_ALWAYS_INLINE
        -:  273:size_t __wcsnrtombs_l(char *__dest, const wchar_t **__src, size_t __nwc,
        -:  274:                      size_t __len, mbstate_t *__ps, locale_t __l)
        -:  275:{
        -:  276:#ifdef _LIBCPP_LOCALE__L_EXTENSIONS
        -:  277:  return wcsnrtombs_l(__dest, __src, __nwc, __len, __ps, __l);
        -:  278:#else
        -:  279:  __locale_raii __current(uselocale(__l), uselocale);
        -:  280:  return wcsnrtombs(__dest, __src, __nwc, __len, __ps);
        -:  281:#endif
        -:  282:}
        -:  283:
        -:  284:inline _LIBCPP_ALWAYS_INLINE
        -:  285:size_t __wcrtomb_l(char *__s, wchar_t __wc, mbstate_t *__ps, locale_t __l)
        -:  286:{
        -:  287:#ifdef _LIBCPP_LOCALE__L_EXTENSIONS
        -:  288:  return wcrtomb_l(__s, __wc, __ps, __l);
        -:  289:#else
        -:  290:  __locale_raii __current(uselocale(__l), uselocale);
        -:  291:  return wcrtomb(__s, __wc, __ps);
        -:  292:#endif
        -:  293:}
        -:  294:
        -:  295:inline _LIBCPP_ALWAYS_INLINE
        -:  296:size_t __mbsnrtowcs_l(wchar_t * __dest, const char **__src, size_t __nms,
        -:  297:                      size_t __len, mbstate_t *__ps, locale_t __l)
        -:  298:{
        -:  299:#ifdef _LIBCPP_LOCALE__L_EXTENSIONS
        -:  300:  return mbsnrtowcs_l(__dest, __src, __nms, __len, __ps, __l);
        -:  301:#else
        -:  302:  __locale_raii __current(uselocale(__l), uselocale);
        -:  303:  return mbsnrtowcs(__dest, __src, __nms, __len, __ps);
        -:  304:#endif
        -:  305:}
        -:  306:
        -:  307:inline _LIBCPP_ALWAYS_INLINE
        -:  308:size_t __mbrtowc_l(wchar_t *__pwc, const char *__s, size_t __n,
        -:  309:                   mbstate_t *__ps, locale_t __l)
        -:  310:{
        -:  311:#ifdef _LIBCPP_LOCALE__L_EXTENSIONS
        -:  312:  return mbrtowc_l(__pwc, __s, __n, __ps, __l);
        -:  313:#else
        -:  314:  __locale_raii __current(uselocale(__l), uselocale);
        -:  315:  return mbrtowc(__pwc, __s, __n, __ps);
        -:  316:#endif
        -:  317:}
        -:  318:
        -:  319:inline _LIBCPP_ALWAYS_INLINE
        -:  320:int __mbtowc_l(wchar_t *__pwc, const char *__pmb, size_t __max, locale_t __l)
        -:  321:{
        -:  322:#ifdef _LIBCPP_LOCALE__L_EXTENSIONS
        -:  323:  return mbtowc_l(__pwc, __pmb, __max, __l);
        -:  324:#else
        -:  325:  __locale_raii __current(uselocale(__l), uselocale);
        -:  326:  return mbtowc(__pwc, __pmb, __max);
        -:  327:#endif
        -:  328:}
        -:  329:
        -:  330:inline _LIBCPP_ALWAYS_INLINE
        -:  331:size_t __mbrlen_l(const char *__s, size_t __n, mbstate_t *__ps, locale_t __l)
        -:  332:{
        -:  333:#ifdef _LIBCPP_LOCALE__L_EXTENSIONS
        -:  334:  return mbrlen_l(__s, __n, __ps, __l);
        -:  335:#else
        -:  336:  __locale_raii __current(uselocale(__l), uselocale);
        -:  337:  return mbrlen(__s, __n, __ps);
        -:  338:#endif
        -:  339:}
        -:  340:
        -:  341:inline _LIBCPP_ALWAYS_INLINE
        -:  342:lconv *__localeconv_l(locale_t __l)
        -:  343:{
        -:  344:#ifdef _LIBCPP_LOCALE__L_EXTENSIONS
        -:  345:  return localeconv_l(__l);
        -:  346:#else
        -:  347:  __locale_raii __current(uselocale(__l), uselocale);
        -:  348:  return localeconv();
        -:  349:#endif
        -:  350:}
        -:  351:
        -:  352:inline _LIBCPP_ALWAYS_INLINE
        -:  353:size_t __mbsrtowcs_l(wchar_t *__dest, const char **__src, size_t __len,
        -:  354:                     mbstate_t *__ps, locale_t __l)
        -:  355:{
        -:  356:#ifdef _LIBCPP_LOCALE__L_EXTENSIONS
        -:  357:  return mbsrtowcs_l(__dest, __src, __len, __ps, __l);
        -:  358:#else
        -:  359:  __locale_raii __current(uselocale(__l), uselocale);
        -:  360:  return mbsrtowcs(__dest, __src, __len, __ps);
        -:  361:#endif
        -:  362:}
        -:  363:
        -:  364:inline
        -:  365:int __snprintf_l(char *__s, size_t __n, locale_t __l, const char *__format, ...) {
        -:  366:  va_list __va;
        -:  367:  va_start(__va, __format);
        -:  368:#ifdef _LIBCPP_LOCALE__L_EXTENSIONS
        -:  369:  int __res = vsnprintf_l(__s, __n, __l, __format, __va);
        -:  370:#else
        -:  371:  __locale_raii __current(uselocale(__l), uselocale);
        -:  372:  int __res = vsnprintf(__s, __n, __format, __va);
        -:  373:#endif
        -:  374:  va_end(__va);
        -:  375:  return __res;
        -:  376:}
        -:  377:
        -:  378:inline
        -:  379:int __asprintf_l(char **__s, locale_t __l, const char *__format, ...) {
        -:  380:  va_list __va;
        -:  381:  va_start(__va, __format);
        -:  382:#ifdef _LIBCPP_LOCALE__L_EXTENSIONS
        -:  383:  int __res = vasprintf_l(__s, __l, __format, __va);
        -:  384:#else
        -:  385:  __locale_raii __current(uselocale(__l), uselocale);
        -:  386:  int __res = vasprintf(__s, __format, __va);
        -:  387:#endif
        -:  388:  va_end(__va);
        -:  389:  return __res;
        -:  390:}
        -:  391:
        -:  392:inline
        -:  393:int __sscanf_l(const char *__s, locale_t __l, const char *__format, ...) {
        -:  394:  va_list __va;
        -:  395:  va_start(__va, __format);
        -:  396:#ifdef _LIBCPP_LOCALE__L_EXTENSIONS
        -:  397:  int __res = vsscanf_l(__s, __l, __format, __va);
        -:  398:#else
        -:  399:  __locale_raii __current(uselocale(__l), uselocale);
        -:  400:  int __res = vsscanf(__s, __format, __va);
        -:  401:#endif
        -:  402:  va_end(__va);
        -:  403:  return __res;
        -:  404:}
        -:  405:
        -:  406:#endif  // __linux__
        -:  407:
        -:  408:// __scan_keyword
        -:  409:// Scans [__b, __e) until a match is found in the basic_strings range
        -:  410://  [__kb, __ke) or until it can be shown that there is no match in [__kb, __ke).
        -:  411://  __b will be incremented (visibly), consuming CharT until a match is found
        -:  412://  or proved to not exist.  A keyword may be "", in which will match anything.
        -:  413://  If one keyword is a prefix of another, and the next CharT in the input
        -:  414://  might match another keyword, the algorithm will attempt to find the longest
        -:  415://  matching keyword.  If the longer matching keyword ends up not matching, then
        -:  416://  no keyword match is found.  If no keyword match is found, __ke is returned
        -:  417://  and failbit is set in __err.
        -:  418://  Else an iterator pointing to the matching keyword is found.  If more than
        -:  419://  one keyword matches, an iterator to the first matching keyword is returned.
        -:  420://  If on exit __b == __e, eofbit is set in __err.  If __case_senstive is false,
        -:  421://  __ct is used to force to lower case before comparing characters.
        -:  422://  Examples:
        -:  423://  Keywords:  "a", "abb"
        -:  424://  If the input is "a", the first keyword matches and eofbit is set.
        -:  425://  If the input is "abc", no match is found and "ab" are consumed.
        -:  426:template <class _InputIterator, class _ForwardIterator, class _Ctype>
        -:  427:_LIBCPP_HIDDEN
        -:  428:_ForwardIterator
        -:  429:__scan_keyword(_InputIterator& __b, _InputIterator __e,
        -:  430:               _ForwardIterator __kb, _ForwardIterator __ke,
        -:  431:               const _Ctype& __ct, ios_base::iostate& __err,
        -:  432:               bool __case_sensitive = true)
        -:  433:{
        -:  434:    typedef typename iterator_traits<_InputIterator>::value_type _CharT;
        -:  435:    size_t __nkw = static_cast<size_t>(_VSTD::distance(__kb, __ke));
        -:  436:    const unsigned char __doesnt_match = '\0';
        -:  437:    const unsigned char __might_match = '\1';
        -:  438:    const unsigned char __does_match = '\2';
        -:  439:    unsigned char __statbuf[100];
        -:  440:    unsigned char* __status = __statbuf;
        -:  441:    unique_ptr<unsigned char, void(*)(void*)> __stat_hold(0, free);
        -:  442:    if (__nkw > sizeof(__statbuf))
        -:  443:    {
        -:  444:        __status = (unsigned char*)malloc(__nkw);
        -:  445:        if (__status == 0)
        -:  446:            __throw_bad_alloc();
        -:  447:        __stat_hold.reset(__status);
        -:  448:    }
        -:  449:    size_t __n_might_match = __nkw;  // At this point, any keyword might match
        -:  450:    size_t __n_does_match = 0;       // but none of them definitely do
        -:  451:    // Initialize all statuses to __might_match, except for "" keywords are __does_match
        -:  452:    unsigned char* __st = __status;
        -:  453:    for (_ForwardIterator __ky = __kb; __ky != __ke; ++__ky, ++__st)
        -:  454:    {
        -:  455:        if (!__ky->empty())
        -:  456:            *__st = __might_match;
        -:  457:        else
        -:  458:        {
        -:  459:            *__st = __does_match;
        -:  460:            --__n_might_match;
        -:  461:            ++__n_does_match;
        -:  462:        }
        -:  463:    }
        -:  464:    // While there might be a match, test keywords against the next CharT
        -:  465:    for (size_t __indx = 0; __b != __e && __n_might_match > 0; ++__indx)
        -:  466:    {
        -:  467:        // Peek at the next CharT but don't consume it
        -:  468:        _CharT __c = *__b;
        -:  469:        if (!__case_sensitive)
        -:  470:            __c = __ct.toupper(__c);
        -:  471:        bool __consume = false;
        -:  472:        // For each keyword which might match, see if the __indx character is __c
        -:  473:        // If a match if found, consume __c
        -:  474:        // If a match is found, and that is the last character in the keyword,
        -:  475:        //    then that keyword matches.
        -:  476:        // If the keyword doesn't match this character, then change the keyword
        -:  477:        //    to doesn't match
        -:  478:        __st = __status;
        -:  479:        for (_ForwardIterator __ky = __kb; __ky != __ke; ++__ky, ++__st)
        -:  480:        {
        -:  481:            if (*__st == __might_match)
        -:  482:            {
        -:  483:                _CharT __kc = (*__ky)[__indx];
        -:  484:                if (!__case_sensitive)
        -:  485:                    __kc = __ct.toupper(__kc);
        -:  486:                if (__c == __kc)
        -:  487:                {
        -:  488:                    __consume = true;
        -:  489:                    if (__ky->size() == __indx+1)
        -:  490:                    {
        -:  491:                        *__st = __does_match;
        -:  492:                        --__n_might_match;
        -:  493:                        ++__n_does_match;
        -:  494:                    }
        -:  495:                }
        -:  496:                else
        -:  497:                {
        -:  498:                    *__st = __doesnt_match;
        -:  499:                    --__n_might_match;
        -:  500:                }
        -:  501:            }
        -:  502:        }
        -:  503:        // consume if we matched a character
        -:  504:        if (__consume)
        -:  505:        {
        -:  506:            ++__b;
        -:  507:            // If we consumed a character and there might be a matched keyword that
        -:  508:            //   was marked matched on a previous iteration, then such keywords
        -:  509:            //   which are now marked as not matching.
        -:  510:            if (__n_might_match + __n_does_match > 1)
        -:  511:            {
        -:  512:                __st = __status;
        -:  513:                for (_ForwardIterator __ky = __kb; __ky != __ke; ++__ky, ++__st)
        -:  514:                {
        -:  515:                    if (*__st == __does_match && __ky->size() != __indx+1)
        -:  516:                    {
        -:  517:                        *__st = __doesnt_match;
        -:  518:                        --__n_does_match;
        -:  519:                    }
        -:  520:                }
        -:  521:            }
        -:  522:        }
        -:  523:    }
        -:  524:    // We've exited the loop because we hit eof and/or we have no more "might matches".
        -:  525:    if (__b == __e)
        -:  526:        __err |= ios_base::eofbit;
        -:  527:    // Return the first matching result
        -:  528:    for (__st = __status; __kb != __ke; ++__kb, ++__st)
        -:  529:        if (*__st == __does_match)
        -:  530:            break;
        -:  531:    if (__kb == __ke)
        -:  532:        __err |= ios_base::failbit;
        -:  533:    return __kb;
        -:  534:}
        -:  535:
        -:  536:struct _LIBCPP_TYPE_VIS __num_get_base
        -:  537:{
        -:  538:    static const int __num_get_buf_sz = 40;
        -:  539:
        -:  540:    static int __get_base(ios_base&);
        -:  541:    static const char __src[33];
        -:  542:};
        -:  543:
        -:  544:_LIBCPP_FUNC_VIS
        -:  545:void __check_grouping(const string& __grouping, unsigned* __g, unsigned* __g_end,
        -:  546:                      ios_base::iostate& __err);
        -:  547:
        -:  548:template <class _CharT>
        -:  549:struct __num_get
        -:  550:    : protected __num_get_base
        -:  551:{
        -:  552:    static string __stage2_int_prep(ios_base& __iob, _CharT* __atoms, _CharT& __thousands_sep);
        -:  553:    static string __stage2_float_prep(ios_base& __iob, _CharT* __atoms, _CharT& __decimal_point,
        -:  554:                                      _CharT& __thousands_sep);
        -:  555:    static int __stage2_int_loop(_CharT __ct, int __base, char* __a, char*& __a_end,
        -:  556:                  unsigned& __dc, _CharT __thousands_sep, const string& __grouping,
        -:  557:                  unsigned* __g, unsigned*& __g_end, _CharT* __atoms);
        -:  558:    static int __stage2_float_loop(_CharT __ct, bool& __in_units, char& __exp,
        -:  559:                                   char* __a, char*& __a_end,
        -:  560:                                   _CharT __decimal_point, _CharT __thousands_sep,
        -:  561:                                   const string& __grouping, unsigned* __g,
        -:  562:                                   unsigned*& __g_end, unsigned& __dc, _CharT* __atoms);
        -:  563:};
        -:  564:
        -:  565:template <class _CharT>
        -:  566:string
        -:  567:__num_get<_CharT>::__stage2_int_prep(ios_base& __iob, _CharT* __atoms, _CharT& __thousands_sep)
        -:  568:{
        -:  569:    locale __loc = __iob.getloc();
        -:  570:    use_facet<ctype<_CharT> >(__loc).widen(__src, __src + 26, __atoms);
        -:  571:    const numpunct<_CharT>& __np = use_facet<numpunct<_CharT> >(__loc);
        -:  572:    __thousands_sep = __np.thousands_sep();
        -:  573:    return __np.grouping();
        -:  574:}
        -:  575:
        -:  576:template <class _CharT>
        -:  577:string
        -:  578:__num_get<_CharT>::__stage2_float_prep(ios_base& __iob, _CharT* __atoms, _CharT& __decimal_point,
        -:  579:                    _CharT& __thousands_sep)
        -:  580:{
        -:  581:    locale __loc = __iob.getloc();
        -:  582:    use_facet<ctype<_CharT> >(__loc).widen(__src, __src + 32, __atoms);
        -:  583:    const numpunct<_CharT>& __np = use_facet<numpunct<_CharT> >(__loc);
        -:  584:    __decimal_point = __np.decimal_point();
        -:  585:    __thousands_sep = __np.thousands_sep();
        -:  586:    return __np.grouping();
        -:  587:}
        -:  588:
        -:  589:template <class _CharT>
        -:  590:int
        -:  591:__num_get<_CharT>::__stage2_int_loop(_CharT __ct, int __base, char* __a, char*& __a_end,
        -:  592:                  unsigned& __dc, _CharT __thousands_sep, const string& __grouping,
        -:  593:                  unsigned* __g, unsigned*& __g_end, _CharT* __atoms)
        -:  594:{
        -:  595:    if (__a_end == __a && (__ct == __atoms[24] || __ct == __atoms[25]))
        -:  596:    {
        -:  597:        *__a_end++ = __ct == __atoms[24] ? '+' : '-';
        -:  598:        __dc = 0;
        -:  599:        return 0;
        -:  600:    }
        -:  601:    if (__grouping.size() != 0 && __ct == __thousands_sep)
        -:  602:    {
        -:  603:        if (__g_end-__g < __num_get_buf_sz)
        -:  604:        {
        -:  605:            *__g_end++ = __dc;
        -:  606:            __dc = 0;
        -:  607:        }
        -:  608:        return 0;
        -:  609:    }
        -:  610:    ptrdiff_t __f = find(__atoms, __atoms + 26, __ct) - __atoms;
        -:  611:    if (__f >= 24)
        -:  612:        return -1;
        -:  613:    switch (__base)
        -:  614:    {
        -:  615:    case 8:
        -:  616:    case 10:
        -:  617:        if (__f >= __base)
        -:  618:            return -1;
        -:  619:        break;
        -:  620:    case 16:
        -:  621:        if (__f < 22)
        -:  622:            break;
        -:  623:        if (__a_end != __a && __a_end - __a <= 2 && __a_end[-1] == '0')
        -:  624:        {
        -:  625:            __dc = 0;
        -:  626:            *__a_end++ = __src[__f];
        -:  627:            return 0;
        -:  628:        }
        -:  629:        return -1;
        -:  630:    }
        -:  631:    *__a_end++ = __src[__f];
        -:  632:    ++__dc;
        -:  633:    return 0;
        -:  634:}
        -:  635:
        -:  636:template <class _CharT>
        -:  637:int
        -:  638:__num_get<_CharT>::__stage2_float_loop(_CharT __ct, bool& __in_units, char& __exp, char* __a, char*& __a_end,
        -:  639:                    _CharT __decimal_point, _CharT __thousands_sep, const string& __grouping,
        -:  640:                    unsigned* __g, unsigned*& __g_end, unsigned& __dc, _CharT* __atoms)
        -:  641:{
        -:  642:    if (__ct == __decimal_point)
        -:  643:    {
        -:  644:        if (!__in_units)
        -:  645:            return -1;
        -:  646:        __in_units = false;
        -:  647:        *__a_end++ = '.';
        -:  648:        if (__grouping.size() != 0 && __g_end-__g < __num_get_buf_sz)
        -:  649:            *__g_end++ = __dc;
        -:  650:        return 0;
        -:  651:    }
        -:  652:    if (__ct == __thousands_sep && __grouping.size() != 0)
        -:  653:    {
        -:  654:        if (!__in_units)
        -:  655:            return -1;
        -:  656:        if (__g_end-__g < __num_get_buf_sz)
        -:  657:        {
        -:  658:            *__g_end++ = __dc;
        -:  659:            __dc = 0;
        -:  660:        }
        -:  661:        return 0;
        -:  662:    }
        -:  663:    ptrdiff_t __f = find(__atoms, __atoms + 32, __ct) - __atoms;
        -:  664:    if (__f >= 32)
        -:  665:        return -1;
        -:  666:    char __x = __src[__f];
        -:  667:    if (__x == '-' || __x == '+')
        -:  668:    {
        -:  669:        if (__a_end == __a || (__a_end[-1] & 0x5F) == (__exp & 0x7F))
        -:  670:        {
        -:  671:            *__a_end++ = __x;
        -:  672:            return 0;
        -:  673:        }
        -:  674:        return -1;
        -:  675:    }
        -:  676:    if (__x == 'x' || __x == 'X')
        -:  677:        __exp = 'P';
        -:  678:    else if ((__x & 0x5F) == __exp)
        -:  679:    {
        -:  680:        __exp |= 0x80;
        -:  681:        if (__in_units)
        -:  682:        {
        -:  683:            __in_units = false;
        -:  684:            if (__grouping.size() != 0 && __g_end-__g < __num_get_buf_sz)
        -:  685:                *__g_end++ = __dc;
        -:  686:        }
        -:  687:    }
        -:  688:    *__a_end++ = __x;
        -:  689:    if (__f >= 22)
        -:  690:        return 0;
        -:  691:    ++__dc;
        -:  692:    return 0;
        -:  693:}
        -:  694:
        -:  695:_LIBCPP_EXTERN_TEMPLATE2(struct _LIBCPP_TYPE_VIS __num_get<char>)
        -:  696:_LIBCPP_EXTERN_TEMPLATE2(struct _LIBCPP_TYPE_VIS __num_get<wchar_t>)
        -:  697:
        -:  698:template <class _CharT, class _InputIterator = istreambuf_iterator<_CharT> >
        -:  699:class _LIBCPP_TYPE_VIS_ONLY num_get
        -:  700:    : public locale::facet,
        -:  701:      private __num_get<_CharT>
        -:  702:{
        -:  703:public:
        -:  704:    typedef _CharT char_type;
        -:  705:    typedef _InputIterator iter_type;
        -:  706:
        -:  707:    _LIBCPP_ALWAYS_INLINE
        -:  708:    explicit num_get(size_t __refs = 0)
        -:  709:        : locale::facet(__refs) {}
        -:  710:
        -:  711:    _LIBCPP_ALWAYS_INLINE
        -:  712:    iter_type get(iter_type __b, iter_type __e, ios_base& __iob,
        -:  713:                  ios_base::iostate& __err, bool& __v) const
        -:  714:    {
        -:  715:        return do_get(__b, __e, __iob, __err, __v);
        -:  716:    }
        -:  717:
        -:  718:    _LIBCPP_ALWAYS_INLINE
        -:  719:    iter_type get(iter_type __b, iter_type __e, ios_base& __iob,
        -:  720:                  ios_base::iostate& __err, long& __v) const
        -:  721:    {
        -:  722:        return do_get(__b, __e, __iob, __err, __v);
        -:  723:    }
        -:  724:
        -:  725:    _LIBCPP_ALWAYS_INLINE
        -:  726:    iter_type get(iter_type __b, iter_type __e, ios_base& __iob,
        -:  727:                  ios_base::iostate& __err, long long& __v) const
        -:  728:    {
        -:  729:        return do_get(__b, __e, __iob, __err, __v);
        -:  730:    }
        -:  731:
        -:  732:    _LIBCPP_ALWAYS_INLINE
        -:  733:    iter_type get(iter_type __b, iter_type __e, ios_base& __iob,
        -:  734:                  ios_base::iostate& __err, unsigned short& __v) const
        -:  735:    {
        -:  736:        return do_get(__b, __e, __iob, __err, __v);
        -:  737:    }
        -:  738:
        -:  739:    _LIBCPP_ALWAYS_INLINE
        -:  740:    iter_type get(iter_type __b, iter_type __e, ios_base& __iob,
        -:  741:                  ios_base::iostate& __err, unsigned int& __v) const
        -:  742:    {
        -:  743:        return do_get(__b, __e, __iob, __err, __v);
        -:  744:    }
        -:  745:
        -:  746:    _LIBCPP_ALWAYS_INLINE
        -:  747:    iter_type get(iter_type __b, iter_type __e, ios_base& __iob,
        -:  748:                  ios_base::iostate& __err, unsigned long& __v) const
        -:  749:    {
        -:  750:        return do_get(__b, __e, __iob, __err, __v);
        -:  751:    }
        -:  752:
        -:  753:    _LIBCPP_ALWAYS_INLINE
        -:  754:    iter_type get(iter_type __b, iter_type __e, ios_base& __iob,
        -:  755:                  ios_base::iostate& __err, unsigned long long& __v) const
        -:  756:    {
        -:  757:        return do_get(__b, __e, __iob, __err, __v);
        -:  758:    }
        -:  759:
        -:  760:    _LIBCPP_ALWAYS_INLINE
        -:  761:    iter_type get(iter_type __b, iter_type __e, ios_base& __iob,
        -:  762:                  ios_base::iostate& __err, float& __v) const
        -:  763:    {
        -:  764:        return do_get(__b, __e, __iob, __err, __v);
        -:  765:    }
        -:  766:
        -:  767:    _LIBCPP_ALWAYS_INLINE
        -:  768:    iter_type get(iter_type __b, iter_type __e, ios_base& __iob,
        -:  769:                  ios_base::iostate& __err, double& __v) const
        -:  770:    {
        -:  771:        return do_get(__b, __e, __iob, __err, __v);
        -:  772:    }
        -:  773:
        -:  774:    _LIBCPP_ALWAYS_INLINE
        -:  775:    iter_type get(iter_type __b, iter_type __e, ios_base& __iob,
        -:  776:                  ios_base::iostate& __err, long double& __v) const
        -:  777:    {
        -:  778:        return do_get(__b, __e, __iob, __err, __v);
        -:  779:    }
        -:  780:
        -:  781:    _LIBCPP_ALWAYS_INLINE
        -:  782:    iter_type get(iter_type __b, iter_type __e, ios_base& __iob,
        -:  783:                  ios_base::iostate& __err, void*& __v) const
        -:  784:    {
        -:  785:        return do_get(__b, __e, __iob, __err, __v);
        -:  786:    }
        -:  787:
        -:  788:    static locale::id id;
        -:  789:
        -:  790:protected:
        -:  791:    _LIBCPP_ALWAYS_INLINE
        -:  792:    ~num_get() {}
        -:  793:
        -:  794:    template <class _Fp>
        -:  795:    iter_type __do_get_floating_point
        -:  796:                            (iter_type __b, iter_type __e, ios_base& __iob,
        -:  797:                             ios_base::iostate& __err, _Fp& __v) const;
        -:  798:
        -:  799:    template <class _Signed>
        -:  800:    iter_type __do_get_signed
        -:  801:                            (iter_type __b, iter_type __e, ios_base& __iob,
        -:  802:                             ios_base::iostate& __err, _Signed& __v) const;
        -:  803:
        -:  804:    template <class _Unsigned>
        -:  805:    iter_type __do_get_unsigned
        -:  806:                            (iter_type __b, iter_type __e, ios_base& __iob,
        -:  807:                             ios_base::iostate& __err, _Unsigned& __v) const;
        -:  808:
        -:  809:
        -:  810:    virtual iter_type do_get(iter_type __b, iter_type __e, ios_base& __iob,
        -:  811:                             ios_base::iostate& __err, bool& __v) const;
        -:  812:
        -:  813:    virtual iter_type do_get(iter_type __b, iter_type __e, ios_base& __iob,
        -:  814:                             ios_base::iostate& __err, long& __v) const
        -:  815:    { return this->__do_get_signed ( __b, __e, __iob, __err, __v ); }
        -:  816:
        -:  817:    virtual iter_type do_get(iter_type __b, iter_type __e, ios_base& __iob,
        -:  818:                             ios_base::iostate& __err, long long& __v) const
        -:  819:    { return this->__do_get_signed ( __b, __e, __iob, __err, __v ); }
        -:  820:
        -:  821:    virtual iter_type do_get(iter_type __b, iter_type __e, ios_base& __iob,
        -:  822:                             ios_base::iostate& __err, unsigned short& __v) const
        -:  823:    { return this->__do_get_unsigned ( __b, __e, __iob, __err, __v ); }
        -:  824:
        -:  825:    virtual iter_type do_get(iter_type __b, iter_type __e, ios_base& __iob,
        -:  826:                             ios_base::iostate& __err, unsigned int& __v) const
        -:  827:    { return this->__do_get_unsigned ( __b, __e, __iob, __err, __v ); }
        -:  828:
        -:  829:    virtual iter_type do_get(iter_type __b, iter_type __e, ios_base& __iob,
        -:  830:                             ios_base::iostate& __err, unsigned long& __v) const
        -:  831:    { return this->__do_get_unsigned ( __b, __e, __iob, __err, __v ); }
        -:  832:
        -:  833:    virtual iter_type do_get(iter_type __b, iter_type __e, ios_base& __iob,
        -:  834:                             ios_base::iostate& __err, unsigned long long& __v) const
        -:  835:    { return this->__do_get_unsigned ( __b, __e, __iob, __err, __v ); }
        -:  836:
        -:  837:    virtual iter_type do_get(iter_type __b, iter_type __e, ios_base& __iob,
        -:  838:                             ios_base::iostate& __err, float& __v) const
        -:  839:    { return this->__do_get_floating_point ( __b, __e, __iob, __err, __v ); }
        -:  840:
        -:  841:    virtual iter_type do_get(iter_type __b, iter_type __e, ios_base& __iob,
        -:  842:                             ios_base::iostate& __err, double& __v) const
        -:  843:    { return this->__do_get_floating_point ( __b, __e, __iob, __err, __v ); }
        -:  844:
        -:  845:    virtual iter_type do_get(iter_type __b, iter_type __e, ios_base& __iob,
        -:  846:                             ios_base::iostate& __err, long double& __v) const
        -:  847:    { return this->__do_get_floating_point ( __b, __e, __iob, __err, __v ); }
        -:  848:
        -:  849:    virtual iter_type do_get(iter_type __b, iter_type __e, ios_base& __iob,
        -:  850:                             ios_base::iostate& __err, void*& __v) const;
        -:  851:};
        -:  852:
        -:  853:template <class _CharT, class _InputIterator>
        -:  854:locale::id
        -:  855:num_get<_CharT, _InputIterator>::id;
        -:  856:
        -:  857:template <class _Tp>
        -:  858:_Tp
        -:  859:__num_get_signed_integral(const char* __a, const char* __a_end,
        -:  860:                          ios_base::iostate& __err, int __base)
        -:  861:{
        -:  862:    if (__a != __a_end)
        -:  863:    {
        -:  864:        typename remove_reference<decltype(errno)>::type __save_errno = errno;
        -:  865:        errno = 0;
        -:  866:        char *__p2;
        -:  867:        long long __ll = strtoll_l(__a, &__p2, __base, _LIBCPP_GET_C_LOCALE);
        -:  868:        typename remove_reference<decltype(errno)>::type __current_errno = errno;
        -:  869:        if (__current_errno == 0)
        -:  870:            errno = __save_errno;
        -:  871:        if (__p2 != __a_end)
        -:  872:        {
        -:  873:            __err = ios_base::failbit;
        -:  874:            return 0;
        -:  875:        }
        -:  876:        else if (__current_errno == ERANGE         ||
        -:  877:                 __ll < numeric_limits<_Tp>::min() ||
        -:  878:                 numeric_limits<_Tp>::max() < __ll)
        -:  879:        {
        -:  880:            __err = ios_base::failbit;
        -:  881:            if (__ll > 0)
        -:  882:                return numeric_limits<_Tp>::max();
        -:  883:            else
        -:  884:                return numeric_limits<_Tp>::min();
        -:  885:        }
        -:  886:        return static_cast<_Tp>(__ll);
        -:  887:    }
        -:  888:    __err = ios_base::failbit;
        -:  889:    return 0;
        -:  890:}
        -:  891:
        -:  892:template <class _Tp>
        -:  893:_Tp
        -:  894:__num_get_unsigned_integral(const char* __a, const char* __a_end,
        -:  895:                            ios_base::iostate& __err, int __base)
        -:  896:{
        -:  897:    if (__a != __a_end)
        -:  898:    {
        -:  899:        if (*__a == '-')
        -:  900:        {
        -:  901:            __err = ios_base::failbit;
        -:  902:            return 0;
        -:  903:        }
        -:  904:        typename remove_reference<decltype(errno)>::type __save_errno = errno;
        -:  905:        errno = 0;
        -:  906:        char *__p2;
        -:  907:        unsigned long long __ll = strtoull_l(__a, &__p2, __base, _LIBCPP_GET_C_LOCALE);
        -:  908:        typename remove_reference<decltype(errno)>::type __current_errno = errno;
        -:  909:        if (__current_errno == 0)
        -:  910:            errno = __save_errno;
        -:  911:        if (__p2 != __a_end)
        -:  912:        {
        -:  913:            __err = ios_base::failbit;
        -:  914:            return 0;
        -:  915:        }
        -:  916:        else if (__current_errno == ERANGE ||
        -:  917:                 numeric_limits<_Tp>::max() < __ll)
        -:  918:        {
        -:  919:            __err = ios_base::failbit;
        -:  920:            return numeric_limits<_Tp>::max();
        -:  921:        }
        -:  922:        return static_cast<_Tp>(__ll);
        -:  923:    }
        -:  924:    __err = ios_base::failbit;
        -:  925:    return 0;
        -:  926:}
        -:  927:
        -:  928:template <class _Tp>
        -:  929:_Tp
        -:  930:__num_get_float(const char* __a, const char* __a_end, ios_base::iostate& __err)
        -:  931:{
        -:  932:    if (__a != __a_end)
        -:  933:    {
        -:  934:        typename remove_reference<decltype(errno)>::type __save_errno = errno;
        -:  935:        errno = 0;
        -:  936:        char *__p2;
        -:  937:        long double __ld = strtold_l(__a, &__p2, _LIBCPP_GET_C_LOCALE);
        -:  938:        typename remove_reference<decltype(errno)>::type __current_errno = errno;
        -:  939:        if (__current_errno == 0)
        -:  940:            errno = __save_errno;
        -:  941:        if (__p2 != __a_end)
        -:  942:        {
        -:  943:            __err = ios_base::failbit;
        -:  944:            return 0;
        -:  945:        }
        -:  946:        else if (__current_errno == ERANGE)
        -:  947:            __err = ios_base::failbit;
        -:  948:        return static_cast<_Tp>(__ld);
        -:  949:    }
        -:  950:    __err = ios_base::failbit;
        -:  951:    return 0;
        -:  952:}
        -:  953:
        -:  954:template <class _CharT, class _InputIterator>
        -:  955:_InputIterator
        -:  956:num_get<_CharT, _InputIterator>::do_get(iter_type __b, iter_type __e,
        -:  957:                                        ios_base& __iob,
        -:  958:                                        ios_base::iostate& __err,
        -:  959:                                        bool& __v) const
        -:  960:{
        -:  961:    if ((__iob.flags() & ios_base::boolalpha) == 0)
        -:  962:    {
        -:  963:        long __lv = -1;
        -:  964:        __b = do_get(__b, __e, __iob, __err, __lv);
        -:  965:        switch (__lv)
        -:  966:        {
        -:  967:        case 0:
        -:  968:            __v = false;
        -:  969:            break;
        -:  970:        case 1:
        -:  971:            __v = true;
        -:  972:            break;
        -:  973:        default:
        -:  974:            __v = true;
        -:  975:            __err = ios_base::failbit;
        -:  976:            break;
        -:  977:        }
        -:  978:        return __b;
        -:  979:    }
        -:  980:    const ctype<_CharT>& __ct = use_facet<ctype<_CharT> >(__iob.getloc());
        -:  981:    const numpunct<_CharT>& __np = use_facet<numpunct<_CharT> >(__iob.getloc());
        -:  982:    typedef typename numpunct<_CharT>::string_type string_type;
        -:  983:    const string_type __names[2] = {__np.truename(), __np.falsename()};
        -:  984:    const string_type* __i = __scan_keyword(__b, __e, __names, __names+2,
        -:  985:                                            __ct, __err);
        -:  986:    __v = __i == __names;
        -:  987:    return __b;
        -:  988:}
        -:  989:
        -:  990:// signed
        -:  991:
        -:  992:template <class _CharT, class _InputIterator>
        -:  993:template <class _Signed>
        -:  994:_InputIterator
        -:  995:num_get<_CharT, _InputIterator>::__do_get_signed(iter_type __b, iter_type __e,
        -:  996:                                        ios_base& __iob,
        -:  997:                                        ios_base::iostate& __err,
        -:  998:                                        _Signed& __v) const
        -:  999:{
        -: 1000:    // Stage 1
        -: 1001:    int __base = this->__get_base(__iob);
        -: 1002:    // Stage 2
        -: 1003:    char_type __atoms[26];
        -: 1004:    char_type __thousands_sep;
        -: 1005:    string __grouping = this->__stage2_int_prep(__iob, __atoms, __thousands_sep);
        -: 1006:    string __buf;
        -: 1007:    __buf.resize(__buf.capacity());
        -: 1008:    char* __a = &__buf[0];
        -: 1009:    char* __a_end = __a;
        -: 1010:    unsigned __g[__num_get_base::__num_get_buf_sz];
        -: 1011:    unsigned* __g_end = __g;
        -: 1012:    unsigned __dc = 0;
        -: 1013:    for (; __b != __e; ++__b)
        -: 1014:    {
        -: 1015:        if (__a_end - __a == __buf.size())
        -: 1016:        {
        -: 1017:            size_t __tmp = __buf.size();
        -: 1018:            __buf.resize(2*__buf.size());
        -: 1019:            __buf.resize(__buf.capacity());
        -: 1020:            __a = &__buf[0];
        -: 1021:            __a_end = __a + __tmp;
        -: 1022:        }
        -: 1023:        if (this->__stage2_int_loop(*__b, __base, __a, __a_end, __dc,
        -: 1024:                                    __thousands_sep, __grouping, __g, __g_end,
        -: 1025:                                    __atoms))
        -: 1026:            break;
        -: 1027:    }
        -: 1028:    if (__grouping.size() != 0 && __g_end-__g < __num_get_base::__num_get_buf_sz)
        -: 1029:        *__g_end++ = __dc;
        -: 1030:    // Stage 3
        -: 1031:    __v = __num_get_signed_integral<_Signed>(__a, __a_end, __err, __base);
        -: 1032:    // Digit grouping checked
        -: 1033:    __check_grouping(__grouping, __g, __g_end, __err);
        -: 1034:    // EOF checked
        -: 1035:    if (__b == __e)
        -: 1036:        __err |= ios_base::eofbit;
        -: 1037:    return __b;
        -: 1038:}
        -: 1039:
        -: 1040:// unsigned
        -: 1041:
        -: 1042:template <class _CharT, class _InputIterator>
        -: 1043:template <class _Unsigned>
        -: 1044:_InputIterator
        -: 1045:num_get<_CharT, _InputIterator>::__do_get_unsigned(iter_type __b, iter_type __e,
        -: 1046:                                        ios_base& __iob,
        -: 1047:                                        ios_base::iostate& __err,
        -: 1048:                                        _Unsigned& __v) const
        -: 1049:{
        -: 1050:    // Stage 1
        -: 1051:    int __base = this->__get_base(__iob);
        -: 1052:    // Stage 2
        -: 1053:    char_type __atoms[26];
        -: 1054:    char_type __thousands_sep;
        -: 1055:    string __grouping = this->__stage2_int_prep(__iob, __atoms, __thousands_sep);
        -: 1056:    string __buf;
        -: 1057:    __buf.resize(__buf.capacity());
        -: 1058:    char* __a = &__buf[0];
        -: 1059:    char* __a_end = __a;
        -: 1060:    unsigned __g[__num_get_base::__num_get_buf_sz];
        -: 1061:    unsigned* __g_end = __g;
        -: 1062:    unsigned __dc = 0;
        -: 1063:    for (; __b != __e; ++__b)
        -: 1064:    {
        -: 1065:        if (__a_end - __a == __buf.size())
        -: 1066:        {
        -: 1067:            size_t __tmp = __buf.size();
        -: 1068:            __buf.resize(2*__buf.size());
        -: 1069:            __buf.resize(__buf.capacity());
        -: 1070:            __a = &__buf[0];
        -: 1071:            __a_end = __a + __tmp;
        -: 1072:        }
        -: 1073:        if (this->__stage2_int_loop(*__b, __base, __a, __a_end, __dc,
        -: 1074:                                    __thousands_sep, __grouping, __g, __g_end,
        -: 1075:                                    __atoms))
        -: 1076:            break;
        -: 1077:    }
        -: 1078:    if (__grouping.size() != 0 && __g_end-__g < __num_get_base::__num_get_buf_sz)
        -: 1079:        *__g_end++ = __dc;
        -: 1080:    // Stage 3
        -: 1081:    __v = __num_get_unsigned_integral<_Unsigned>(__a, __a_end, __err, __base);
        -: 1082:    // Digit grouping checked
        -: 1083:    __check_grouping(__grouping, __g, __g_end, __err);
        -: 1084:    // EOF checked
        -: 1085:    if (__b == __e)
        -: 1086:        __err |= ios_base::eofbit;
        -: 1087:    return __b;
        -: 1088:}
        -: 1089:
        -: 1090:// floating point
        -: 1091:
        -: 1092:template <class _CharT, class _InputIterator>
        -: 1093:template <class _Fp>
        -: 1094:_InputIterator
        -: 1095:num_get<_CharT, _InputIterator>::__do_get_floating_point(iter_type __b, iter_type __e,
        -: 1096:                                        ios_base& __iob,
        -: 1097:                                        ios_base::iostate& __err,
        -: 1098:                                        _Fp& __v) const
        -: 1099:{
        -: 1100:    // Stage 1, nothing to do
        -: 1101:    // Stage 2
        -: 1102:    char_type __atoms[32];
        -: 1103:    char_type __decimal_point;
        -: 1104:    char_type __thousands_sep;
        -: 1105:    string __grouping = this->__stage2_float_prep(__iob, __atoms,
        -: 1106:                                                  __decimal_point,
        -: 1107:                                                  __thousands_sep);
        -: 1108:    string __buf;
        -: 1109:    __buf.resize(__buf.capacity());
        -: 1110:    char* __a = &__buf[0];
        -: 1111:    char* __a_end = __a;
        -: 1112:    unsigned __g[__num_get_base::__num_get_buf_sz];
        -: 1113:    unsigned* __g_end = __g;
        -: 1114:    unsigned __dc = 0;
        -: 1115:    bool __in_units = true;
        -: 1116:    char __exp = 'E';
        -: 1117:    for (; __b != __e; ++__b)
        -: 1118:    {
        -: 1119:        if (__a_end - __a == __buf.size())
        -: 1120:        {
        -: 1121:            size_t __tmp = __buf.size();
        -: 1122:            __buf.resize(2*__buf.size());
        -: 1123:            __buf.resize(__buf.capacity());
        -: 1124:            __a = &__buf[0];
        -: 1125:            __a_end = __a + __tmp;
        -: 1126:        }
        -: 1127:        if (this->__stage2_float_loop(*__b, __in_units, __exp, __a, __a_end,
        -: 1128:                                      __decimal_point, __thousands_sep,
        -: 1129:                                      __grouping, __g, __g_end,
        -: 1130:                                      __dc, __atoms))
        -: 1131:            break;
        -: 1132:    }
        -: 1133:    if (__grouping.size() != 0 && __in_units && __g_end-__g < __num_get_base::__num_get_buf_sz)
        -: 1134:        *__g_end++ = __dc;
        -: 1135:    // Stage 3
        -: 1136:    __v = __num_get_float<_Fp>(__a, __a_end, __err);
        -: 1137:    // Digit grouping checked
        -: 1138:    __check_grouping(__grouping, __g, __g_end, __err);
        -: 1139:    // EOF checked
        -: 1140:    if (__b == __e)
        -: 1141:        __err |= ios_base::eofbit;
        -: 1142:    return __b;
        -: 1143:}
        -: 1144:
        -: 1145:template <class _CharT, class _InputIterator>
        -: 1146:_InputIterator
        -: 1147:num_get<_CharT, _InputIterator>::do_get(iter_type __b, iter_type __e,
        -: 1148:                                        ios_base& __iob,
        -: 1149:                                        ios_base::iostate& __err,
        -: 1150:                                        void*& __v) const
        -: 1151:{
        -: 1152:    // Stage 1
        -: 1153:    int __base = 16;
        -: 1154:    // Stage 2
        -: 1155:    char_type __atoms[26];
        -: 1156:    char_type __thousands_sep = 0;
        -: 1157:    string __grouping;
        -: 1158:    use_facet<ctype<_CharT> >(__iob.getloc()).widen(__num_get_base::__src,
        -: 1159:                                                    __num_get_base::__src + 26, __atoms);
        -: 1160:    string __buf;
        -: 1161:    __buf.resize(__buf.capacity());
        -: 1162:    char* __a = &__buf[0];
        -: 1163:    char* __a_end = __a;
        -: 1164:    unsigned __g[__num_get_base::__num_get_buf_sz];
        -: 1165:    unsigned* __g_end = __g;
        -: 1166:    unsigned __dc = 0;
        -: 1167:    for (; __b != __e; ++__b)
        -: 1168:    {
        -: 1169:        if (__a_end - __a == __buf.size())
        -: 1170:        {
        -: 1171:            size_t __tmp = __buf.size();
        -: 1172:            __buf.resize(2*__buf.size());
        -: 1173:            __buf.resize(__buf.capacity());
        -: 1174:            __a = &__buf[0];
        -: 1175:            __a_end = __a + __tmp;
        -: 1176:        }
        -: 1177:        if (this->__stage2_int_loop(*__b, __base, __a, __a_end, __dc,
        -: 1178:                                    __thousands_sep, __grouping,
        -: 1179:                                    __g, __g_end, __atoms))
        -: 1180:            break;
        -: 1181:    }
        -: 1182:    // Stage 3
        -: 1183:    __a[sizeof(__a)-1] = 0;
        -: 1184:#ifdef _LIBCPP_LOCALE__L_EXTENSIONS
        -: 1185:    if (sscanf_l(__a, _LIBCPP_GET_C_LOCALE, "%p", &__v) != 1)
        -: 1186:#else
        -: 1187:    if (__sscanf_l(__a, __cloc(), "%p", &__v) != 1)
        -: 1188:#endif
        -: 1189:        __err = ios_base::failbit;
        -: 1190:    // EOF checked
        -: 1191:    if (__b == __e)
        -: 1192:        __err |= ios_base::eofbit;
        -: 1193:    return __b;
        -: 1194:}
        -: 1195:
        -: 1196:_LIBCPP_EXTERN_TEMPLATE2(class _LIBCPP_TYPE_VIS num_get<char>)
        -: 1197:_LIBCPP_EXTERN_TEMPLATE2(class _LIBCPP_TYPE_VIS num_get<wchar_t>)
        -: 1198:
        -: 1199:struct _LIBCPP_TYPE_VIS __num_put_base
        -: 1200:{
        -: 1201:protected:
        -: 1202:    static void __format_int(char* __fmt, const char* __len, bool __signd,
        -: 1203:                             ios_base::fmtflags __flags);
        -: 1204:    static bool __format_float(char* __fmt, const char* __len,
        -: 1205:                               ios_base::fmtflags __flags);
        -: 1206:    static char* __identify_padding(char* __nb, char* __ne,
        -: 1207:                                    const ios_base& __iob);
        -: 1208:};
        -: 1209:
        -: 1210:template <class _CharT>
        -: 1211:struct __num_put
        -: 1212:    : protected __num_put_base
        -: 1213:{
        -: 1214:    static void __widen_and_group_int(char* __nb, char* __np, char* __ne,
        -: 1215:                                      _CharT* __ob, _CharT*& __op, _CharT*& __oe,
        -: 1216:                                      const locale& __loc);
        -: 1217:    static void __widen_and_group_float(char* __nb, char* __np, char* __ne,
        -: 1218:                                        _CharT* __ob, _CharT*& __op, _CharT*& __oe,
        -: 1219:                                        const locale& __loc);
        -: 1220:};
        -: 1221:
        -: 1222:template <class _CharT>
        -: 1223:void
        -: 1224:__num_put<_CharT>::__widen_and_group_int(char* __nb, char* __np, char* __ne,
        -: 1225:                                         _CharT* __ob, _CharT*& __op, _CharT*& __oe,
        -: 1226:                                         const locale& __loc)
        -: 1227:{
        -: 1228:    const ctype<_CharT>&    __ct = use_facet<ctype<_CharT> >   (__loc);
        -: 1229:    const numpunct<_CharT>& __npt = use_facet<numpunct<_CharT> >(__loc);
        -: 1230:    string __grouping = __npt.grouping();
        -: 1231:    if (__grouping.empty())
        -: 1232:    {
        -: 1233:        __ct.widen(__nb, __ne, __ob);
        -: 1234:        __oe = __ob + (__ne - __nb);
        -: 1235:    }
        -: 1236:    else
        -: 1237:    {
        -: 1238:        __oe = __ob;
        -: 1239:        char* __nf = __nb;
        -: 1240:        if (*__nf == '-' || *__nf == '+')
        -: 1241:            *__oe++ = __ct.widen(*__nf++);
        -: 1242:        if (__ne - __nf >= 2 && __nf[0] == '0' && (__nf[1] == 'x' ||
        -: 1243:                                                   __nf[1] == 'X'))
        -: 1244:        {
        -: 1245:            *__oe++ = __ct.widen(*__nf++);
        -: 1246:            *__oe++ = __ct.widen(*__nf++);
        -: 1247:        }
        -: 1248:        reverse(__nf, __ne);
        -: 1249:        _CharT __thousands_sep = __npt.thousands_sep();
        -: 1250:        unsigned __dc = 0;
        -: 1251:        unsigned __dg = 0;
        -: 1252:        for (char* __p = __nf; __p < __ne; ++__p)
        -: 1253:        {
        -: 1254:            if (static_cast<unsigned>(__grouping[__dg]) > 0 &&
        -: 1255:                __dc == static_cast<unsigned>(__grouping[__dg]))
        -: 1256:            {
        -: 1257:                *__oe++ = __thousands_sep;
        -: 1258:                __dc = 0;
        -: 1259:                if (__dg < __grouping.size()-1)
        -: 1260:                    ++__dg;
        -: 1261:            }
        -: 1262:            *__oe++ = __ct.widen(*__p);
        -: 1263:            ++__dc;
        -: 1264:        }
        -: 1265:        reverse(__ob + (__nf - __nb), __oe);
        -: 1266:    }
        -: 1267:    if (__np == __ne)
        -: 1268:        __op = __oe;
        -: 1269:    else
        -: 1270:        __op = __ob + (__np - __nb);
        -: 1271:}
        -: 1272:
        -: 1273:template <class _CharT>
        -: 1274:void
        -: 1275:__num_put<_CharT>::__widen_and_group_float(char* __nb, char* __np, char* __ne,
        -: 1276:                                           _CharT* __ob, _CharT*& __op, _CharT*& __oe,
        -: 1277:                                           const locale& __loc)
        -: 1278:{
        -: 1279:    const ctype<_CharT>&    __ct = use_facet<ctype<_CharT> >   (__loc);
        -: 1280:    const numpunct<_CharT>& __npt = use_facet<numpunct<_CharT> >(__loc);
        -: 1281:    string __grouping = __npt.grouping();
        -: 1282:    __oe = __ob;
        -: 1283:    char* __nf = __nb;
        -: 1284:    if (*__nf == '-' || *__nf == '+')
        -: 1285:        *__oe++ = __ct.widen(*__nf++);
        -: 1286:    char* __ns;
        -: 1287:    if (__ne - __nf >= 2 && __nf[0] == '0' && (__nf[1] == 'x' ||
        -: 1288:                                               __nf[1] == 'X'))
        -: 1289:    {
        -: 1290:        *__oe++ = __ct.widen(*__nf++);
        -: 1291:        *__oe++ = __ct.widen(*__nf++);
        -: 1292:        for (__ns = __nf; __ns < __ne; ++__ns)
        -: 1293:            if (!isxdigit_l(*__ns, _LIBCPP_GET_C_LOCALE))
        -: 1294:                break;
        -: 1295:    }
        -: 1296:    else
        -: 1297:    {
        -: 1298:        for (__ns = __nf; __ns < __ne; ++__ns)
        -: 1299:            if (!isdigit_l(*__ns, _LIBCPP_GET_C_LOCALE))
        -: 1300:                break;
        -: 1301:    }
        -: 1302:    if (__grouping.empty())
        -: 1303:    {
        -: 1304:        __ct.widen(__nf, __ns, __oe);
        -: 1305:        __oe += __ns - __nf;
        -: 1306:    }
        -: 1307:    else
        -: 1308:    {
        -: 1309:        reverse(__nf, __ns);
        -: 1310:        _CharT __thousands_sep = __npt.thousands_sep();
        -: 1311:        unsigned __dc = 0;
        -: 1312:        unsigned __dg = 0;
        -: 1313:        for (char* __p = __nf; __p < __ns; ++__p)
        -: 1314:        {
        -: 1315:            if (__grouping[__dg] > 0 && __dc == static_cast<unsigned>(__grouping[__dg]))
        -: 1316:            {
        -: 1317:                *__oe++ = __thousands_sep;
        -: 1318:                __dc = 0;
        -: 1319:                if (__dg < __grouping.size()-1)
        -: 1320:                    ++__dg;
        -: 1321:            }
        -: 1322:            *__oe++ = __ct.widen(*__p);
        -: 1323:            ++__dc;
        -: 1324:        }
        -: 1325:        reverse(__ob + (__nf - __nb), __oe);
        -: 1326:    }
        -: 1327:    for (__nf = __ns; __nf < __ne; ++__nf)
        -: 1328:    {
        -: 1329:        if (*__nf == '.')
        -: 1330:        {
        -: 1331:            *__oe++ = __npt.decimal_point();
        -: 1332:            ++__nf;
        -: 1333:            break;
        -: 1334:        }
        -: 1335:        else
        -: 1336:            *__oe++ = __ct.widen(*__nf);
        -: 1337:    }
        -: 1338:    __ct.widen(__nf, __ne, __oe);
        -: 1339:    __oe += __ne - __nf;
        -: 1340:    if (__np == __ne)
        -: 1341:        __op = __oe;
        -: 1342:    else
        -: 1343:        __op = __ob + (__np - __nb);
        -: 1344:}
        -: 1345:
        -: 1346:_LIBCPP_EXTERN_TEMPLATE2(struct _LIBCPP_TYPE_VIS __num_put<char>)
        -: 1347:_LIBCPP_EXTERN_TEMPLATE2(struct _LIBCPP_TYPE_VIS __num_put<wchar_t>)
        -: 1348:
        -: 1349:template <class _CharT, class _OutputIterator = ostreambuf_iterator<_CharT> >
        -: 1350:class _LIBCPP_TYPE_VIS_ONLY num_put
        -: 1351:    : public locale::facet,
        -: 1352:      private __num_put<_CharT>
        -: 1353:{
        -: 1354:public:
        -: 1355:    typedef _CharT char_type;
        -: 1356:    typedef _OutputIterator iter_type;
        -: 1357:
        -: 1358:    _LIBCPP_ALWAYS_INLINE
        -: 1359:    explicit num_put(size_t __refs = 0)
        -: 1360:        : locale::facet(__refs) {}
        -: 1361:
        -: 1362:    _LIBCPP_ALWAYS_INLINE
        -: 1363:    iter_type put(iter_type __s, ios_base& __iob, char_type __fl,
        -: 1364:                  bool __v) const
        -: 1365:    {
        -: 1366:        return do_put(__s, __iob, __fl, __v);
        -: 1367:    }
        -: 1368:
        -: 1369:    _LIBCPP_ALWAYS_INLINE
        -: 1370:    iter_type put(iter_type __s, ios_base& __iob, char_type __fl,
        -: 1371:                  long __v) const
        -: 1372:    {
        -: 1373:        return do_put(__s, __iob, __fl, __v);
        -: 1374:    }
        -: 1375:
        -: 1376:    _LIBCPP_ALWAYS_INLINE
        -: 1377:    iter_type put(iter_type __s, ios_base& __iob, char_type __fl,
        -: 1378:                  long long __v) const
        -: 1379:    {
        -: 1380:        return do_put(__s, __iob, __fl, __v);
        -: 1381:    }
        -: 1382:
        -: 1383:    _LIBCPP_ALWAYS_INLINE
        -: 1384:    iter_type put(iter_type __s, ios_base& __iob, char_type __fl,
        -: 1385:                  unsigned long __v) const
        -: 1386:    {
        -: 1387:        return do_put(__s, __iob, __fl, __v);
        -: 1388:    }
        -: 1389:
        -: 1390:    _LIBCPP_ALWAYS_INLINE
        -: 1391:    iter_type put(iter_type __s, ios_base& __iob, char_type __fl,
        -: 1392:                  unsigned long long __v) const
        -: 1393:    {
        -: 1394:        return do_put(__s, __iob, __fl, __v);
        -: 1395:    }
        -: 1396:
        -: 1397:    _LIBCPP_ALWAYS_INLINE
        -: 1398:    iter_type put(iter_type __s, ios_base& __iob, char_type __fl,
        -: 1399:                  double __v) const
        -: 1400:    {
        -: 1401:        return do_put(__s, __iob, __fl, __v);
        -: 1402:    }
        -: 1403:
        -: 1404:    _LIBCPP_ALWAYS_INLINE
        -: 1405:    iter_type put(iter_type __s, ios_base& __iob, char_type __fl,
        -: 1406:                  long double __v) const
        -: 1407:    {
        -: 1408:        return do_put(__s, __iob, __fl, __v);
        -: 1409:    }
        -: 1410:
        -: 1411:    _LIBCPP_ALWAYS_INLINE
        -: 1412:    iter_type put(iter_type __s, ios_base& __iob, char_type __fl,
        -: 1413:                  const void* __v) const
        -: 1414:    {
        -: 1415:        return do_put(__s, __iob, __fl, __v);
        -: 1416:    }
        -: 1417:
        -: 1418:    static locale::id id;
        -: 1419:
        -: 1420:protected:
        -: 1421:    _LIBCPP_ALWAYS_INLINE
        -: 1422:    ~num_put() {}
        -: 1423:
        -: 1424:    virtual iter_type do_put(iter_type __s, ios_base& __iob, char_type __fl,
        -: 1425:                             bool __v) const;
        -: 1426:    virtual iter_type do_put(iter_type __s, ios_base& __iob, char_type __fl,
        -: 1427:                             long __v) const;
        -: 1428:    virtual iter_type do_put(iter_type __s, ios_base& __iob, char_type __fl,
        -: 1429:                             long long __v) const;
        -: 1430:    virtual iter_type do_put(iter_type __s, ios_base& __iob, char_type __fl,
        -: 1431:                             unsigned long) const;
        -: 1432:    virtual iter_type do_put(iter_type __s, ios_base& __iob, char_type __fl,
        -: 1433:                             unsigned long long) const;
        -: 1434:    virtual iter_type do_put(iter_type __s, ios_base& __iob, char_type __fl,
        -: 1435:                             double __v) const;
        -: 1436:    virtual iter_type do_put(iter_type __s, ios_base& __iob, char_type __fl,
        -: 1437:                             long double __v) const;
        -: 1438:    virtual iter_type do_put(iter_type __s, ios_base& __iob, char_type __fl,
        -: 1439:                             const void* __v) const;
        -: 1440:};
        -: 1441:
        -: 1442:template <class _CharT, class _OutputIterator>
        -: 1443:locale::id
        -: 1444:num_put<_CharT, _OutputIterator>::id;
        -: 1445:
        -: 1446:template <class _CharT, class _OutputIterator>
        -: 1447:_LIBCPP_HIDDEN
        -: 1448:_OutputIterator
        -: 1449:__pad_and_output(_OutputIterator __s,
        -: 1450:                 const _CharT* __ob, const _CharT* __op, const _CharT* __oe,
        -: 1451:                 ios_base& __iob, _CharT __fl)
        -: 1452:{
        -: 1453:    streamsize __sz = __oe - __ob;
        -: 1454:    streamsize __ns = __iob.width();
        -: 1455:    if (__ns > __sz)
        -: 1456:        __ns -= __sz;
        -: 1457:    else
        -: 1458:        __ns = 0;
        -: 1459:    for (;__ob < __op; ++__ob, ++__s)
        -: 1460:        *__s = *__ob;
        -: 1461:    for (; __ns; --__ns, ++__s)
        -: 1462:        *__s = __fl;
        -: 1463:    for (; __ob < __oe; ++__ob, ++__s)
        -: 1464:        *__s = *__ob;
        -: 1465:    __iob.width(0);
        -: 1466:    return __s;
        -: 1467:}
        -: 1468:
        -: 1469:#if !defined(__APPLE__) || \
        -: 1470:    (defined(__MAC_OS_X_VERSION_MIN_REQUIRED) && __MAC_OS_X_VERSION_MIN_REQUIRED > __MAC_10_8) || \
        -: 1471:    (defined(__IPHONE_OS_VERSION_MIN_REQUIRED) && __IPHONE_OS_VERSION_MIN_REQUIRED > __IPHONE_6_0)
        -: 1472:
        -: 1473:template <class _CharT, class _Traits>
        -: 1474:_LIBCPP_HIDDEN
        -: 1475:ostreambuf_iterator<_CharT, _Traits>
    #####: 1476:__pad_and_output(ostreambuf_iterator<_CharT, _Traits> __s,
    #####: 1477:                 const _CharT* __ob, const _CharT* __op, const _CharT* __oe,
    #####: 1478:                 ios_base& __iob, _CharT __fl)
        -: 1479:{
    #####: 1480:    if (__s.__sbuf_ == nullptr)
    #####: 1481:        return __s;
    #####: 1482:    streamsize __sz = __oe - __ob;
    #####: 1483:    streamsize __ns = __iob.width();
    #####: 1484:    if (__ns > __sz)
    #####: 1485:        __ns -= __sz;
        -: 1486:    else
    #####: 1487:        __ns = 0;
    #####: 1488:    streamsize __np = __op - __ob;
    #####: 1489:    if (__np > 0)
        -: 1490:    {
    #####: 1491:        if (__s.__sbuf_->sputn(__ob, __np) != __np)
        -: 1492:        {
    #####: 1493:            __s.__sbuf_ = nullptr;
    #####: 1494:            return __s;
        -: 1495:        }
    #####: 1496:    }
    #####: 1497:    if (__ns > 0)
        -: 1498:    {
    #####: 1499:        basic_string<_CharT, _Traits> __sp(__ns, __fl);
    #####: 1500:        if (__s.__sbuf_->sputn(__sp.data(), __ns) != __ns)
        -: 1501:        {
    #####: 1502:            __s.__sbuf_ = nullptr;
    #####: 1503:            return __s;
        -: 1504:        }
    #####: 1505:    }
    #####: 1506:    __np = __oe - __op;
    #####: 1507:    if (__np > 0)
        -: 1508:    {
    #####: 1509:        if (__s.__sbuf_->sputn(__op, __np) != __np)
        -: 1510:        {
    #####: 1511:            __s.__sbuf_ = nullptr;
    #####: 1512:            return __s;
        -: 1513:        }
    #####: 1514:    }
    #####: 1515:    __iob.width(0);
    #####: 1516:    return __s;
    #####: 1517:}
        -: 1518:
        -: 1519:#endif
        -: 1520:
        -: 1521:template <class _CharT, class _OutputIterator>
        -: 1522:_OutputIterator
        -: 1523:num_put<_CharT, _OutputIterator>::do_put(iter_type __s, ios_base& __iob,
        -: 1524:                                         char_type __fl, bool __v) const
        -: 1525:{
        -: 1526:    if ((__iob.flags() & ios_base::boolalpha) == 0)
        -: 1527:        return do_put(__s, __iob, __fl, (unsigned long)__v);
        -: 1528:    const numpunct<char_type>& __np = use_facet<numpunct<char_type> >(__iob.getloc());
        -: 1529:    typedef typename numpunct<char_type>::string_type string_type;
        -: 1530:#if _LIBCPP_DEBUG_LEVEL >= 2
        -: 1531:    string_type __tmp(__v ? __np.truename() : __np.falsename());
        -: 1532:    string_type __nm = _VSTD::move(__tmp);
        -: 1533:#else
        -: 1534:    string_type __nm = __v ? __np.truename() : __np.falsename();
        -: 1535:#endif
        -: 1536:    for (typename string_type::iterator __i = __nm.begin(); __i != __nm.end(); ++__i, ++__s)
        -: 1537:        *__s = *__i;
        -: 1538:    return __s;
        -: 1539:}
        -: 1540:
        -: 1541:template <class _CharT, class _OutputIterator>
        -: 1542:_OutputIterator
        -: 1543:num_put<_CharT, _OutputIterator>::do_put(iter_type __s, ios_base& __iob,
        -: 1544:                                         char_type __fl, long __v) const
        -: 1545:{
        -: 1546:    // Stage 1 - Get number in narrow char
        -: 1547:    char __fmt[6] = {'%', 0};
        -: 1548:    const char* __len = "l";
        -: 1549:    this->__format_int(__fmt+1, __len, true, __iob.flags());
        -: 1550:    const unsigned __nbuf = (numeric_limits<long>::digits / 3)
        -: 1551:                          + ((numeric_limits<long>::digits % 3) != 0)
        -: 1552:                          + 1;
        -: 1553:    char __nar[__nbuf];
        -: 1554:#ifdef _LIBCPP_LOCALE__L_EXTENSIONS
        -: 1555:    int __nc = snprintf_l(__nar, sizeof(__nar), _LIBCPP_GET_C_LOCALE, __fmt, __v);
        -: 1556:#else
        -: 1557:    int __nc = __snprintf_l(__nar, sizeof(__nar), __cloc(), __fmt, __v);
        -: 1558:#endif
        -: 1559:    char* __ne = __nar + __nc;
        -: 1560:    char* __np = this->__identify_padding(__nar, __ne, __iob);
        -: 1561:    // Stage 2 - Widen __nar while adding thousands separators
        -: 1562:    char_type __o[2*(__nbuf-1) - 1];
        -: 1563:    char_type* __op;  // pad here
        -: 1564:    char_type* __oe;  // end of output
        -: 1565:    this->__widen_and_group_int(__nar, __np, __ne, __o, __op, __oe, __iob.getloc());
        -: 1566:    // [__o, __oe) contains thousands_sep'd wide number
        -: 1567:    // Stage 3 & 4
        -: 1568:    return __pad_and_output(__s, __o, __op, __oe, __iob, __fl);
        -: 1569:}
        -: 1570:
        -: 1571:template <class _CharT, class _OutputIterator>
        -: 1572:_OutputIterator
        -: 1573:num_put<_CharT, _OutputIterator>::do_put(iter_type __s, ios_base& __iob,
        -: 1574:                                         char_type __fl, long long __v) const
        -: 1575:{
        -: 1576:    // Stage 1 - Get number in narrow char
        -: 1577:    char __fmt[8] = {'%', 0};
        -: 1578:    const char* __len = "ll";
        -: 1579:    this->__format_int(__fmt+1, __len, true, __iob.flags());
        -: 1580:    const unsigned __nbuf = (numeric_limits<long long>::digits / 3)
        -: 1581:                          + ((numeric_limits<long long>::digits % 3) != 0)
        -: 1582:                          + 1;
        -: 1583:    char __nar[__nbuf];
        -: 1584:#ifdef _LIBCPP_LOCALE__L_EXTENSIONS
        -: 1585:    int __nc = snprintf_l(__nar, sizeof(__nar), _LIBCPP_GET_C_LOCALE, __fmt, __v);
        -: 1586:#else
        -: 1587:    int __nc = __snprintf_l(__nar, sizeof(__nar), __cloc(), __fmt, __v);
        -: 1588:#endif
        -: 1589:    char* __ne = __nar + __nc;
        -: 1590:    char* __np = this->__identify_padding(__nar, __ne, __iob);
        -: 1591:    // Stage 2 - Widen __nar while adding thousands separators
        -: 1592:    char_type __o[2*(__nbuf-1) - 1];
        -: 1593:    char_type* __op;  // pad here
        -: 1594:    char_type* __oe;  // end of output
        -: 1595:    this->__widen_and_group_int(__nar, __np, __ne, __o, __op, __oe, __iob.getloc());
        -: 1596:    // [__o, __oe) contains thousands_sep'd wide number
        -: 1597:    // Stage 3 & 4
        -: 1598:    return __pad_and_output(__s, __o, __op, __oe, __iob, __fl);
        -: 1599:}
        -: 1600:
        -: 1601:template <class _CharT, class _OutputIterator>
        -: 1602:_OutputIterator
        -: 1603:num_put<_CharT, _OutputIterator>::do_put(iter_type __s, ios_base& __iob,
        -: 1604:                                         char_type __fl, unsigned long __v) const
        -: 1605:{
        -: 1606:    // Stage 1 - Get number in narrow char
        -: 1607:    char __fmt[6] = {'%', 0};
        -: 1608:    const char* __len = "l";
        -: 1609:    this->__format_int(__fmt+1, __len, false, __iob.flags());
        -: 1610:    const unsigned __nbuf = (numeric_limits<unsigned long>::digits / 3)
[...]
        -: 4056:    virtual basic_streambuf<char_type, traits_type>* setbuf(char_type* __s,
        -: 4057:                                                            streamsize __n);
        -: 4058:    virtual pos_type seekoff(off_type __off, ios_base::seekdir __way,
        -: 4059:                             ios_base::openmode __wch = ios_base::in | ios_base::out);
        -: 4060:    virtual pos_type seekpos(pos_type __sp,
        -: 4061:                             ios_base::openmode __wch = ios_base::in | ios_base::out);
        -: 4062:    virtual int sync();
        -: 4063:
        -: 4064:private:
        -: 4065:    bool __read_mode();
        -: 4066:    void __write_mode();
        -: 4067:    wbuffer_convert* __close();
        -: 4068:};
        -: 4069:
        -: 4070:template <class _Codecvt, class _Elem, class _Tr>
        -: 4071:wbuffer_convert<_Codecvt, _Elem, _Tr>::
        -: 4072:    wbuffer_convert(streambuf* __bytebuf, _Codecvt* __pcvt, state_type __state)
        -: 4073:    : __extbuf_(0),
        -: 4074:      __extbufnext_(0),
        -: 4075:      __extbufend_(0),
        -: 4076:      __ebs_(0),
        -: 4077:      __intbuf_(0),
        -: 4078:      __ibs_(0),
        -: 4079:      __bufptr_(__bytebuf),
        -: 4080:      __cv_(__pcvt),
        -: 4081:      __st_(__state),
        -: 4082:      __cm_(0),
        -: 4083:      __owns_eb_(false),
        -: 4084:      __owns_ib_(false),
        -: 4085:      __always_noconv_(__cv_ ? __cv_->always_noconv() : false)
        -: 4086:{
        -: 4087:    setbuf(0, 4096);
        -: 4088:}
        -: 4089:
        -: 4090:template <class _Codecvt, class _Elem, class _Tr>
        -: 4091:wbuffer_convert<_Codecvt, _Elem, _Tr>::~wbuffer_convert()
        -: 4092:{
        -: 4093:    __close();
        -: 4094:    delete __cv_;
        -: 4095:    if (__owns_eb_)
        -: 4096:        delete [] __extbuf_;
        -: 4097:    if (__owns_ib_)
        -: 4098:        delete [] __intbuf_;
        -: 4099:}
        -: 4100:
        -: 4101:template <class _Codecvt, class _Elem, class _Tr>
        -: 4102:typename wbuffer_convert<_Codecvt, _Elem, _Tr>::int_type
        -: 4103:wbuffer_convert<_Codecvt, _Elem, _Tr>::underflow()
        -: 4104:{
        -: 4105:    if (__cv_ == 0 || __bufptr_ == 0)
        -: 4106:        return traits_type::eof();
        -: 4107:    bool __initial = __read_mode();
        -: 4108:    char_type __1buf;
        -: 4109:    if (this->gptr() == 0)
        -: 4110:        this->setg(&__1buf, &__1buf+1, &__1buf+1);
        -: 4111:    const size_t __unget_sz = __initial ? 0 : min<size_t>((this->egptr() - this->eback()) / 2, 4);
        -: 4112:    int_type __c = traits_type::eof();
        -: 4113:    if (this->gptr() == this->egptr())
        -: 4114:    {
        -: 4115:        memmove(this->eback(), this->egptr() - __unget_sz, __unget_sz * sizeof(char_type));
        -: 4116:        if (__always_noconv_)
        -: 4117:        {
        -: 4118:            streamsize __nmemb = static_cast<streamsize>(this->egptr() - this->eback() - __unget_sz);
        -: 4119:            __nmemb = __bufptr_->sgetn((char*)this->eback() + __unget_sz, __nmemb);
        -: 4120:            if (__nmemb != 0)
        -: 4121:            {
        -: 4122:                this->setg(this->eback(),
        -: 4123:                           this->eback() + __unget_sz,
        -: 4124:                           this->eback() + __unget_sz + __nmemb);
        -: 4125:                __c = *this->gptr();
        -: 4126:            }
        -: 4127:        }
        -: 4128:        else
        -: 4129:        {
        -: 4130:            memmove(__extbuf_, __extbufnext_, __extbufend_ - __extbufnext_);
        -: 4131:            __extbufnext_ = __extbuf_ + (__extbufend_ - __extbufnext_);
        -: 4132:            __extbufend_ = __extbuf_ + (__extbuf_ == __extbuf_min_ ? sizeof(__extbuf_min_) : __ebs_);
        -: 4133:            streamsize __nmemb = _VSTD::min(static_cast<streamsize>(this->egptr() - this->eback() - __unget_sz),
        -: 4134:                                 static_cast<streamsize>(__extbufend_ - __extbufnext_));
        -: 4135:            codecvt_base::result __r;
        -: 4136:            state_type __svs = __st_;
        -: 4137:            streamsize __nr = __bufptr_->sgetn(const_cast<char*>(__extbufnext_), __nmemb);
        -: 4138:            if (__nr != 0)
        -: 4139:            {
        -: 4140:                __extbufend_ = __extbufnext_ + __nr;
        -: 4141:                char_type*  __inext;
        -: 4142:                __r = __cv_->in(__st_, __extbuf_, __extbufend_, __extbufnext_,
        -: 4143:                                       this->eback() + __unget_sz,
        -: 4144:                                       this->egptr(), __inext);
        -: 4145:                if (__r == codecvt_base::noconv)
        -: 4146:                {
        -: 4147:                    this->setg((char_type*)__extbuf_, (char_type*)__extbuf_, (char_type*)__extbufend_);
        -: 4148:                    __c = *this->gptr();
        -: 4149:                }
        -: 4150:                else if (__inext != this->eback() + __unget_sz)
        -: 4151:                {
        -: 4152:                    this->setg(this->eback(), this->eback() + __unget_sz, __inext);
        -: 4153:                    __c = *this->gptr();
        -: 4154:                }
        -: 4155:            }
        -: 4156:        }
        -: 4157:    }
        -: 4158:    else
        -: 4159:        __c = *this->gptr();
        -: 4160:    if (this->eback() == &__1buf)
        -: 4161:        this->setg(0, 0, 0);
        -: 4162:    return __c;
        -: 4163:}
        -: 4164:
        -: 4165:template <class _Codecvt, class _Elem, class _Tr>
        -: 4166:typename wbuffer_convert<_Codecvt, _Elem, _Tr>::int_type
        -: 4167:wbuffer_convert<_Codecvt, _Elem, _Tr>::pbackfail(int_type __c)
        -: 4168:{
        -: 4169:    if (__cv_ != 0 && __bufptr_ != 0 && this->eback() < this->gptr())
        -: 4170:    {
        -: 4171:        if (traits_type::eq_int_type(__c, traits_type::eof()))
        -: 4172:        {
        -: 4173:            this->gbump(-1);
        -: 4174:            return traits_type::not_eof(__c);
        -: 4175:        }
        -: 4176:        if (traits_type::eq(traits_type::to_char_type(__c), this->gptr()[-1]))
        -: 4177:        {
        -: 4178:            this->gbump(-1);
        -: 4179:            *this->gptr() = traits_type::to_char_type(__c);
        -: 4180:            return __c;
        -: 4181:        }
        -: 4182:    }
        -: 4183:    return traits_type::eof();
        -: 4184:}
        -: 4185:
        -: 4186:template <class _Codecvt, class _Elem, class _Tr>
        -: 4187:typename wbuffer_convert<_Codecvt, _Elem, _Tr>::int_type
        -: 4188:wbuffer_convert<_Codecvt, _Elem, _Tr>::overflow(int_type __c)
        -: 4189:{
        -: 4190:    if (__cv_ == 0 || __bufptr_ == 0)
        -: 4191:        return traits_type::eof();
        -: 4192:    __write_mode();
        -: 4193:    char_type __1buf;
        -: 4194:    char_type* __pb_save = this->pbase();
        -: 4195:    char_type* __epb_save = this->epptr();
        -: 4196:    if (!traits_type::eq_int_type(__c, traits_type::eof()))
        -: 4197:    {
        -: 4198:        if (this->pptr() == 0)
        -: 4199:            this->setp(&__1buf, &__1buf+1);
        -: 4200:        *this->pptr() = traits_type::to_char_type(__c);
        -: 4201:        this->pbump(1);
        -: 4202:    }
        -: 4203:    if (this->pptr() != this->pbase())
        -: 4204:    {
        -: 4205:        if (__always_noconv_)
        -: 4206:        {
        -: 4207:            streamsize __nmemb = static_cast<streamsize>(this->pptr() - this->pbase());
        -: 4208:            if (__bufptr_->sputn((const char*)this->pbase(), __nmemb) != __nmemb)
        -: 4209:                return traits_type::eof();
        -: 4210:        }
        -: 4211:        else
        -: 4212:        {
        -: 4213:            char* __extbe = __extbuf_;
        -: 4214:            codecvt_base::result __r;
        -: 4215:            do
        -: 4216:            {
        -: 4217:                const char_type* __e;
        -: 4218:                __r = __cv_->out(__st_, this->pbase(), this->pptr(), __e,
        -: 4219:                                        __extbuf_, __extbuf_ + __ebs_, __extbe);
        -: 4220:                if (__e == this->pbase())
        -: 4221:                    return traits_type::eof();
        -: 4222:                if (__r == codecvt_base::noconv)
        -: 4223:                {
        -: 4224:                    streamsize __nmemb = static_cast<size_t>(this->pptr() - this->pbase());
        -: 4225:                    if (__bufptr_->sputn((const char*)this->pbase(), __nmemb) != __nmemb)
        -: 4226:                        return traits_type::eof();
        -: 4227:                }
        -: 4228:                else if (__r == codecvt_base::ok || __r == codecvt_base::partial)
        -: 4229:                {
        -: 4230:                    streamsize __nmemb = static_cast<size_t>(__extbe - __extbuf_);
        -: 4231:                    if (__bufptr_->sputn(__extbuf_, __nmemb) != __nmemb)
        -: 4232:                        return traits_type::eof();
        -: 4233:                    if (__r == codecvt_base::partial)
        -: 4234:                    {
        -: 4235:                        this->setp((char_type*)__e, this->pptr());
        -: 4236:                        this->pbump(this->epptr() - this->pbase());
        -: 4237:                    }
        -: 4238:                }
        -: 4239:                else
        -: 4240:                    return traits_type::eof();
        -: 4241:            } while (__r == codecvt_base::partial);
        -: 4242:        }
        -: 4243:        this->setp(__pb_save, __epb_save);
        -: 4244:    }
        -: 4245:    return traits_type::not_eof(__c);
        -: 4246:}
        -: 4247:
        -: 4248:template <class _Codecvt, class _Elem, class _Tr>
        -: 4249:basic_streambuf<_Elem, _Tr>*
        -: 4250:wbuffer_convert<_Codecvt, _Elem, _Tr>::setbuf(char_type* __s, streamsize __n)
        -: 4251:{
        -: 4252:    this->setg(0, 0, 0);
        -: 4253:    this->setp(0, 0);
        -: 4254:    if (__owns_eb_)
        -: 4255:        delete [] __extbuf_;
        -: 4256:    if (__owns_ib_)
        -: 4257:        delete [] __intbuf_;
        -: 4258:    __ebs_ = __n;
        -: 4259:    if (__ebs_ > sizeof(__extbuf_min_))
        -: 4260:    {
        -: 4261:        if (__always_noconv_ && __s)
        -: 4262:        {
        -: 4263:            __extbuf_ = (char*)__s;
        -: 4264:            __owns_eb_ = false;
        -: 4265:        }
        -: 4266:        else
        -: 4267:        {
        -: 4268:            __extbuf_ = new char[__ebs_];
        -: 4269:            __owns_eb_ = true;
        -: 4270:        }
        -: 4271:    }
        -: 4272:    else
        -: 4273:    {
        -: 4274:        __extbuf_ = __extbuf_min_;
        -: 4275:        __ebs_ = sizeof(__extbuf_min_);
        -: 4276:        __owns_eb_ = false;
        -: 4277:    }
        -: 4278:    if (!__always_noconv_)
        -: 4279:    {
        -: 4280:        __ibs_ = max<streamsize>(__n, sizeof(__extbuf_min_));
        -: 4281:        if (__s && __ibs_ >= sizeof(__extbuf_min_))
        -: 4282:        {
        -: 4283:            __intbuf_ = __s;
        -: 4284:            __owns_ib_ = false;
        -: 4285:        }
        -: 4286:        else
        -: 4287:        {
        -: 4288:            __intbuf_ = new char_type[__ibs_];
        -: 4289:            __owns_ib_ = true;
        -: 4290:        }
        -: 4291:    }
        -: 4292:    else
        -: 4293:    {
        -: 4294:        __ibs_ = 0;
        -: 4295:        __intbuf_ = 0;
        -: 4296:        __owns_ib_ = false;
        -: 4297:    }
        -: 4298:    return this;
        -: 4299:}
        -: 4300:
        -: 4301:template <class _Codecvt, class _Elem, class _Tr>
        -: 4302:typename wbuffer_convert<_Codecvt, _Elem, _Tr>::pos_type
        -: 4303:wbuffer_convert<_Codecvt, _Elem, _Tr>::seekoff(off_type __off, ios_base::seekdir __way,
        -: 4304:                                        ios_base::openmode __om)
        -: 4305:{
        -: 4306:    int __width = __cv_->encoding();
        -: 4307:    if (__cv_ == 0 || __bufptr_ == 0 || (__width <= 0 && __off != 0) || sync())
        -: 4308:        return pos_type(off_type(-1));
        -: 4309:    // __width > 0 || __off == 0
        -: 4310:    switch (__way)
        -: 4311:    {
        -: 4312:    case ios_base::beg:
        -: 4313:        break;
        -: 4314:    case ios_base::cur:
        -: 4315:        break;
        -: 4316:    case ios_base::end:
        -: 4317:        break;
        -: 4318:    default:
        -: 4319:        return pos_type(off_type(-1));
        -: 4320:    }
        -: 4321:    pos_type __r = __bufptr_->pubseekoff(__width * __off, __way, __om);
        -: 4322:    __r.state(__st_);
        -: 4323:    return __r;
        -: 4324:}
        -: 4325:
        -: 4326:template <class _Codecvt, class _Elem, class _Tr>
        -: 4327:typename wbuffer_convert<_Codecvt, _Elem, _Tr>::pos_type
        -: 4328:wbuffer_convert<_Codecvt, _Elem, _Tr>::seekpos(pos_type __sp, ios_base::openmode __wch)
        -: 4329:{
        -: 4330:    if (__cv_ == 0 || __bufptr_ == 0 || sync())
        -: 4331:        return pos_type(off_type(-1));
        -: 4332:    if (__bufptr_->pubseekpos(__sp, __wch) == pos_type(off_type(-1)))
        -: 4333:        return pos_type(off_type(-1));
        -: 4334:    return __sp;
        -: 4335:}
        -: 4336:
        -: 4337:template <class _Codecvt, class _Elem, class _Tr>
        -: 4338:int
        -: 4339:wbuffer_convert<_Codecvt, _Elem, _Tr>::sync()
        -: 4340:{
        -: 4341:    if (__cv_ == 0 || __bufptr_ == 0)
        -: 4342:        return 0;
        -: 4343:    if (__cm_ & ios_base::out)
        -: 4344:    {
        -: 4345:        if (this->pptr() != this->pbase())
        -: 4346:            if (overflow() == traits_type::eof())
        -: 4347:                return -1;
        -: 4348:        codecvt_base::result __r;
        -: 4349:        do
        -: 4350:        {
        -: 4351:            char* __extbe;
        -: 4352:            __r = __cv_->unshift(__st_, __extbuf_, __extbuf_ + __ebs_, __extbe);
        -: 4353:            streamsize __nmemb = static_cast<streamsize>(__extbe - __extbuf_);
        -: 4354:            if (__bufptr_->sputn(__extbuf_, __nmemb) != __nmemb)
        -: 4355:                return -1;
        -: 4356:        } while (__r == codecvt_base::partial);
        -: 4357:        if (__r == codecvt_base::error)
        -: 4358:            return -1;
        -: 4359:        if (__bufptr_->pubsync())
        -: 4360:            return -1;
        -: 4361:    }
        -: 4362:    else if (__cm_ & ios_base::in)
        -: 4363:    {
        -: 4364:        off_type __c;
        -: 4365:        if (__always_noconv_)
        -: 4366:            __c = this->egptr() - this->gptr();
        -: 4367:        else
        -: 4368:        {
        -: 4369:            int __width = __cv_->encoding();
        -: 4370:            __c = __extbufend_ - __extbufnext_;
        -: 4371:            if (__width > 0)
        -: 4372:                __c += __width * (this->egptr() - this->gptr());
        -: 4373:            else
        -: 4374:            {
        -: 4375:                if (this->gptr() != this->egptr())
        -: 4376:                {
        -: 4377:                    reverse(this->gptr(), this->egptr());
        -: 4378:                    codecvt_base::result __r;
        -: 4379:                    const char_type* __e = this->gptr();
        -: 4380:                    char* __extbe;
        -: 4381:                    do
        -: 4382:                    {
        -: 4383:                        __r = __cv_->out(__st_, __e, this->egptr(), __e,
        -: 4384:                                         __extbuf_, __extbuf_ + __ebs_, __extbe);
        -: 4385:                        switch (__r)
        -: 4386:                        {
        -: 4387:                        case codecvt_base::noconv:
        -: 4388:                            __c += this->egptr() - this->gptr();
        -: 4389:                            break;
        -: 4390:                        case codecvt_base::ok:
        -: 4391:                        case codecvt_base::partial:
        -: 4392:                            __c += __extbe - __extbuf_;
        -: 4393:                            break;
        -: 4394:                        default:
        -: 4395:                            return -1;
        -: 4396:                        }
        -: 4397:                    } while (__r == codecvt_base::partial);
        -: 4398:                }
        -: 4399:            }
        -: 4400:        }
        -: 4401:        if (__bufptr_->pubseekoff(-__c, ios_base::cur, __cm_) == pos_type(off_type(-1)))
        -: 4402:            return -1;
        -: 4403:        this->setg(0, 0, 0);
        -: 4404:        __cm_ = 0;
        -: 4405:    }
        -: 4406:    return 0;
        -: 4407:}
        -: 4408:
        -: 4409:template <class _Codecvt, class _Elem, class _Tr>
        -: 4410:bool
        -: 4411:wbuffer_convert<_Codecvt, _Elem, _Tr>::__read_mode()
        -: 4412:{
        -: 4413:    if (!(__cm_ & ios_base::in))
        -: 4414:    {
        -: 4415:        this->setp(0, 0);
        -: 4416:        if (__always_noconv_)
        -: 4417:            this->setg((char_type*)__extbuf_,
        -: 4418:                       (char_type*)__extbuf_ + __ebs_,
        -: 4419:                       (char_type*)__extbuf_ + __ebs_);
        -: 4420:        else
        -: 4421:            this->setg(__intbuf_, __intbuf_ + __ibs_, __intbuf_ + __ibs_);
        -: 4422:        __cm_ = ios_base::in;
        -: 4423:        return true;
        -: 4424:    }
        -: 4425:    return false;
        -: 4426:}
        -: 4427:
        -: 4428:template <class _Codecvt, class _Elem, class _Tr>
        -: 4429:void
        -: 4430:wbuffer_convert<_Codecvt, _Elem, _Tr>::__write_mode()
        -: 4431:{
        -: 4432:    if (!(__cm_ & ios_base::out))
        -: 4433:    {
        -: 4434:        this->setg(0, 0, 0);
        -: 4435:        if (__ebs_ > sizeof(__extbuf_min_))
        -: 4436:        {
        -: 4437:            if (__always_noconv_)
        -: 4438:                this->setp((char_type*)__extbuf_,
        -: 4439:                           (char_type*)__extbuf_ + (__ebs_ - 1));
        -: 4440:            else
        -: 4441:                this->setp(__intbuf_, __intbuf_ + (__ibs_ - 1));
        -: 4442:        }
        -: 4443:        else
        -: 4444:            this->setp(0, 0);
        -: 4445:        __cm_ = ios_base::out;
        -: 4446:    }
        -: 4447:}
        -: 4448:
        -: 4449:template <class _Codecvt, class _Elem, class _Tr>
        -: 4450:wbuffer_convert<_Codecvt, _Elem, _Tr>*
        -: 4451:wbuffer_convert<_Codecvt, _Elem, _Tr>::__close()
        -: 4452:{
        -: 4453:    wbuffer_convert* __rt = 0;
        -: 4454:    if (__cv_ != 0 && __bufptr_ != 0)
        -: 4455:    {
        -: 4456:        __rt = this;
        -: 4457:        if ((__cm_ & ios_base::out) && sync())
        -: 4458:            __rt = 0;
        -: 4459:    }
        -: 4460:    return __rt;
        -: 4461:}
        -: 4462:
        -: 4463:_LIBCPP_END_NAMESPACE_STD
        -: 4464:
        -: 4465:#endif  // _LIBCPP_LOCALE
