        -:    0:Source:/Users/igor/Development/theciphers/SystemTest/main.cpp
        -:    0:Graph:./DerivedData/theciphers/Build/Intermediates/theciphers.build/Debug/unit_tests.build/Objects-normal/x86_64/main.gcno
        -:    0:Data:-
        -:    0:Runs:0
        -:    0:Programs:0
        -:    1://
        -:    2://  main.cpp
        -:    3://  SystemTest
        -:    4://
        -:    5://  Created by Igor de Oliveira Sa on 23/03/14.
        -:    6://  Copyright (c) 2014 Igor de Oliveira Sa. All rights reserved.
        -:    7://
        -:    8:
        -:    9:#include <iostream>
        -:   10:#include "gtest/gtest.h"
        -:   11:
    #####:   12:int main(int argc, char * argv[])
        -:   13:{
        -:   14:    // insert code here...
    #####:   15:    std::cout << "Running System Tests...\n";
    #####:   16:    ::testing::InitGoogleTest(&argc, argv);
    #####:   17:    return RUN_ALL_TESTS();
        -:   18:}
        -:   19:
