        -:    0:Source:/Applications/Xcode.app/Contents/Developer/Toolchains/XcodeDefault.xctoolchain/usr/bin/../lib/c++/v1/memory
        -:    0:Graph:./DerivedData/theciphers/Build/Intermediates/theciphers.build/Debug/unit_tests.build/Objects-normal/x86_64/aes_cipher.gcno
        -:    0:Data:./DerivedData/theciphers/Build/Intermediates/theciphers.build/Debug/unit_tests.build/Objects-normal/x86_64/aes_cipher.gcda
        -:    0:Runs:1
        -:    0:Programs:1
        -:    1:// -*- C++ -*-
        -:    2://===-------------------------- memory ------------------------------------===//
        -:    3://
        -:    4://                     The LLVM Compiler Infrastructure
        -:    5://
        -:    6:// This file is dual licensed under the MIT and the University of Illinois Open
        -:    7:// Source Licenses. See LICENSE.TXT for details.
        -:    8://
        -:    9://===----------------------------------------------------------------------===//
        -:   10:
        -:   11:#ifndef _LIBCPP_MEMORY
        -:   12:#define _LIBCPP_MEMORY
        -:   13:
        -:   14:/*
        -:   15:    memory synopsis
        -:   16:
        -:   17:namespace std
        -:   18:{
        -:   19:
        -:   20:struct allocator_arg_t { };
        -:   21:constexpr allocator_arg_t allocator_arg = allocator_arg_t();
        -:   22:
        -:   23:template <class T, class Alloc> struct uses_allocator;
        -:   24:
        -:   25:template <class Ptr>
        -:   26:struct pointer_traits
        -:   27:{
        -:   28:    typedef Ptr pointer;
        -:   29:    typedef <details> element_type;
        -:   30:    typedef <details> difference_type;
        -:   31:
        -:   32:    template <class U> using rebind = <details>;
        -:   33:
        -:   34:    static pointer pointer_to(<details>);
        -:   35:};
        -:   36:
        -:   37:template <class T>
        -:   38:struct pointer_traits<T*>
        -:   39:{
        -:   40:    typedef T* pointer;
        -:   41:    typedef T element_type;
        -:   42:    typedef ptrdiff_t difference_type;
        -:   43:
        -:   44:    template <class U> using rebind = U*;
        -:   45:
        -:   46:    static pointer pointer_to(<details>) noexcept;
        -:   47:};
        -:   48:
        -:   49:template <class Alloc>
        -:   50:struct allocator_traits
        -:   51:{
        -:   52:    typedef Alloc                        allocator_type;
        -:   53:    typedef typename allocator_type::value_type
        -:   54:                                         value_type;
        -:   55:
        -:   56:    typedef Alloc::pointer | value_type* pointer;
        -:   57:    typedef Alloc::const_pointer
        -:   58:          | pointer_traits<pointer>::rebind<const value_type>
        -:   59:                                         const_pointer;
        -:   60:    typedef Alloc::void_pointer
        -:   61:          | pointer_traits<pointer>::rebind<void>
        -:   62:                                         void_pointer;
        -:   63:    typedef Alloc::const_void_pointer
        -:   64:          | pointer_traits<pointer>::rebind<const void>
        -:   65:                                         const_void_pointer;
        -:   66:    typedef Alloc::difference_type
        -:   67:          | pointer_traits<pointer>::difference_type
        -:   68:                                         difference_type;
        -:   69:    typedef Alloc::size_type
        -:   70:          | make_unsigned<difference_type>::type
        -:   71:                                         size_type;
        -:   72:    typedef Alloc::propagate_on_container_copy_assignment
        -:   73:          | false_type                   propagate_on_container_copy_assignment;
        -:   74:    typedef Alloc::propagate_on_container_move_assignment
        -:   75:          | false_type                   propagate_on_container_move_assignment;
        -:   76:    typedef Alloc::propagate_on_container_swap
        -:   77:          | false_type                   propagate_on_container_swap;
        -:   78:
        -:   79:    template <class T> using rebind_alloc  = Alloc::rebind<U>::other | Alloc<T, Args...>;
        -:   80:    template <class T> using rebind_traits = allocator_traits<rebind_alloc<T>>;
        -:   81:
        -:   82:    static pointer allocate(allocator_type& a, size_type n);
        -:   83:    static pointer allocate(allocator_type& a, size_type n, const_void_pointer hint);
        -:   84:
        -:   85:    static void deallocate(allocator_type& a, pointer p, size_type n) noexcept;
        -:   86:
        -:   87:    template <class T, class... Args>
        -:   88:        static void construct(allocator_type& a, T* p, Args&&... args);
        -:   89:
        -:   90:    template <class T>
        -:   91:        static void destroy(allocator_type& a, T* p);
        -:   92:
        -:   93:    static size_type max_size(const allocator_type& a); // noexcept in C++14
        -:   94:
        -:   95:    static allocator_type
        -:   96:        select_on_container_copy_construction(const allocator_type& a);
        -:   97:};
        -:   98:
        -:   99:template <>
        -:  100:class allocator<void>
        -:  101:{
        -:  102:public:
        -:  103:    typedef void*                                 pointer;
        -:  104:    typedef const void*                           const_pointer;
        -:  105:    typedef void                                  value_type;
        -:  106:
        -:  107:    template <class _Up> struct rebind {typedef allocator<_Up> other;};
        -:  108:};
        -:  109:
        -:  110:template <class T>
        -:  111:class allocator
        -:  112:{
        -:  113:public:
        -:  114:    typedef size_t                                size_type;
        -:  115:    typedef ptrdiff_t                             difference_type;
        -:  116:    typedef T*                                    pointer;
        -:  117:    typedef const T*                              const_pointer;
        -:  118:    typedef typename add_lvalue_reference<T>::type       reference;
        -:  119:    typedef typename add_lvalue_reference<const T>::type const_reference;
        -:  120:    typedef T                                     value_type;
        -:  121:
        -:  122:    template <class U> struct rebind {typedef allocator<U> other;};
        -:  123:
        -:  124:    allocator() noexcept;
        -:  125:    allocator(const allocator&) noexcept;
        -:  126:    template <class U> allocator(const allocator<U>&) noexcept;
        -:  127:    ~allocator();
        -:  128:    pointer address(reference x) const noexcept;
        -:  129:    const_pointer address(const_reference x) const noexcept;
        -:  130:    pointer allocate(size_type, allocator<void>::const_pointer hint = 0);
        -:  131:    void deallocate(pointer p, size_type n) noexcept;
        -:  132:    size_type max_size() const noexcept;
        -:  133:    template<class U, class... Args>
        -:  134:        void construct(U* p, Args&&... args);
        -:  135:    template <class U>
        -:  136:        void destroy(U* p);
        -:  137:};
        -:  138:
        -:  139:template <class T, class U>
        -:  140:bool operator==(const allocator<T>&, const allocator<U>&) noexcept;
        -:  141:
        -:  142:template <class T, class U>
        -:  143:bool operator!=(const allocator<T>&, const allocator<U>&) noexcept;
        -:  144:
        -:  145:template <class OutputIterator, class T>
        -:  146:class raw_storage_iterator
        -:  147:    : public iterator<output_iterator_tag,
        -:  148:                      T,                               // purposefully not C++03
        -:  149:                      ptrdiff_t,                       // purposefully not C++03
        -:  150:                      T*,                              // purposefully not C++03
        -:  151:                      raw_storage_iterator&>           // purposefully not C++03
        -:  152:{
        -:  153:public:
        -:  154:    explicit raw_storage_iterator(OutputIterator x);
        -:  155:    raw_storage_iterator& operator*();
        -:  156:    raw_storage_iterator& operator=(const T& element);
        -:  157:    raw_storage_iterator& operator++();
        -:  158:    raw_storage_iterator  operator++(int);
        -:  159:};
        -:  160:
        -:  161:template <class T> pair<T*,ptrdiff_t> get_temporary_buffer(ptrdiff_t n) noexcept;
        -:  162:template <class T> void               return_temporary_buffer(T* p) noexcept;
        -:  163:
        -:  164:template <class T> T* addressof(T& r) noexcept;
        -:  165:
        -:  166:template <class InputIterator, class ForwardIterator>
        -:  167:ForwardIterator
        -:  168:uninitialized_copy(InputIterator first, InputIterator last, ForwardIterator result);
        -:  169:
        -:  170:template <class InputIterator, class Size, class ForwardIterator>
        -:  171:ForwardIterator
        -:  172:uninitialized_copy_n(InputIterator first, Size n, ForwardIterator result);
        -:  173:
        -:  174:template <class ForwardIterator, class T>
        -:  175:void uninitialized_fill(ForwardIterator first, ForwardIterator last, const T& x);
        -:  176:
        -:  177:template <class ForwardIterator, class Size, class T>
        -:  178:ForwardIterator
        -:  179:uninitialized_fill_n(ForwardIterator first, Size n, const T& x);
        -:  180:
        -:  181:template <class Y> struct auto_ptr_ref {};
        -:  182:
        -:  183:template<class X>
        -:  184:class auto_ptr
        -:  185:{
        -:  186:public:
        -:  187:    typedef X element_type;
        -:  188:
        -:  189:    explicit auto_ptr(X* p =0) throw();
        -:  190:    auto_ptr(auto_ptr&) throw();
        -:  191:    template<class Y> auto_ptr(auto_ptr<Y>&) throw();
        -:  192:    auto_ptr& operator=(auto_ptr&) throw();
        -:  193:    template<class Y> auto_ptr& operator=(auto_ptr<Y>&) throw();
        -:  194:    auto_ptr& operator=(auto_ptr_ref<X> r) throw();
        -:  195:    ~auto_ptr() throw();
        -:  196:
        -:  197:    typename add_lvalue_reference<X>::type operator*() const throw();
        -:  198:    X* operator->() const throw();
        -:  199:    X* get() const throw();
        -:  200:    X* release() throw();
        -:  201:    void reset(X* p =0) throw();
        -:  202:
        -:  203:    auto_ptr(auto_ptr_ref<X>) throw();
        -:  204:    template<class Y> operator auto_ptr_ref<Y>() throw();
        -:  205:    template<class Y> operator auto_ptr<Y>() throw();
        -:  206:};
        -:  207:
        -:  208:template <class T>
        -:  209:struct default_delete
        -:  210:{
        -:  211:    constexpr default_delete() noexcept = default;
        -:  212:    template <class U> default_delete(const default_delete<U>&) noexcept;
        -:  213:
        -:  214:    void operator()(T*) const noexcept;
        -:  215:};
        -:  216:
        -:  217:template <class T>
        -:  218:struct default_delete<T[]>
        -:  219:{
        -:  220:    constexpr default_delete() noexcept = default;
        -:  221:    void operator()(T*) const noexcept;
        -:  222:    template <class U> void operator()(U*) const = delete;
        -:  223:};
        -:  224:
        -:  225:template <class T, class D = default_delete<T>>
        -:  226:class unique_ptr
        -:  227:{
        -:  228:public:
        -:  229:    typedef see below pointer;
        -:  230:    typedef T element_type;
        -:  231:    typedef D deleter_type;
        -:  232:
        -:  233:    // constructors
        -:  234:    constexpr unique_ptr() noexcept;
        -:  235:    explicit unique_ptr(pointer p) noexcept;
        -:  236:    unique_ptr(pointer p, see below d1) noexcept;
        -:  237:    unique_ptr(pointer p, see below d2) noexcept;
        -:  238:    unique_ptr(unique_ptr&& u) noexcept;
        -:  239:    unique_ptr(nullptr_t) noexcept : unique_ptr() { }
        -:  240:    template <class U, class E>
        -:  241:        unique_ptr(unique_ptr<U, E>&& u) noexcept;
        -:  242:    template <class U>
        -:  243:        unique_ptr(auto_ptr<U>&& u) noexcept;
        -:  244:
        -:  245:    // destructor
        -:  246:    ~unique_ptr();
        -:  247:
        -:  248:    // assignment
        -:  249:    unique_ptr& operator=(unique_ptr&& u) noexcept;
        -:  250:    template <class U, class E> unique_ptr& operator=(unique_ptr<U, E>&& u) noexcept;
        -:  251:    unique_ptr& operator=(nullptr_t) noexcept;
        -:  252:
        -:  253:    // observers
        -:  254:    typename add_lvalue_reference<T>::type operator*() const;
        -:  255:    pointer operator->() const noexcept;
        -:  256:    pointer get() const noexcept;
        -:  257:    deleter_type& get_deleter() noexcept;
        -:  258:    const deleter_type& get_deleter() const noexcept;
        -:  259:    explicit operator bool() const noexcept;
        -:  260:
        -:  261:    // modifiers
        -:  262:    pointer release() noexcept;
        -:  263:    void reset(pointer p = pointer()) noexcept;
        -:  264:    void swap(unique_ptr& u) noexcept;
        -:  265:};
        -:  266:
        -:  267:template <class T, class D>
        -:  268:class unique_ptr<T[], D>
        -:  269:{
        -:  270:public:
        -:  271:    typedef implementation-defined pointer;
        -:  272:    typedef T element_type;
        -:  273:    typedef D deleter_type;
        -:  274:
        -:  275:    // constructors
        -:  276:    constexpr unique_ptr() noexcept;
        -:  277:    explicit unique_ptr(pointer p) noexcept;
        -:  278:    unique_ptr(pointer p, see below d) noexcept;
        -:  279:    unique_ptr(pointer p, see below d) noexcept;
        -:  280:    unique_ptr(unique_ptr&& u) noexcept;
        -:  281:    unique_ptr(nullptr_t) noexcept : unique_ptr() { }
        -:  282:
        -:  283:    // destructor
        -:  284:    ~unique_ptr();
        -:  285:
        -:  286:    // assignment
        -:  287:    unique_ptr& operator=(unique_ptr&& u) noexcept;
        -:  288:    unique_ptr& operator=(nullptr_t) noexcept;
        -:  289:
        -:  290:    // observers
        -:  291:    T& operator[](size_t i) const;
        -:  292:    pointer get() const noexcept;
        -:  293:    deleter_type& get_deleter() noexcept;
        -:  294:    const deleter_type& get_deleter() const noexcept;
        -:  295:    explicit operator bool() const noexcept;
        -:  296:
        -:  297:    // modifiers
        -:  298:    pointer release() noexcept;
        -:  299:    void reset(pointer p = pointer()) noexcept;
        -:  300:    void reset(nullptr_t) noexcept;
        -:  301:    template <class U> void reset(U) = delete;
        -:  302:    void swap(unique_ptr& u) noexcept;
        -:  303:};
        -:  304:
        -:  305:template <class T, class D>
        -:  306:    void swap(unique_ptr<T, D>& x, unique_ptr<T, D>& y) noexcept;
        -:  307:
        -:  308:template <class T1, class D1, class T2, class D2>
        -:  309:    bool operator==(const unique_ptr<T1, D1>& x, const unique_ptr<T2, D2>& y);
        -:  310:template <class T1, class D1, class T2, class D2>
        -:  311:    bool operator!=(const unique_ptr<T1, D1>& x, const unique_ptr<T2, D2>& y);
        -:  312:template <class T1, class D1, class T2, class D2>
        -:  313:    bool operator<(const unique_ptr<T1, D1>& x, const unique_ptr<T2, D2>& y);
        -:  314:template <class T1, class D1, class T2, class D2>
        -:  315:    bool operator<=(const unique_ptr<T1, D1>& x, const unique_ptr<T2, D2>& y);
        -:  316:template <class T1, class D1, class T2, class D2>
        -:  317:    bool operator>(const unique_ptr<T1, D1>& x, const unique_ptr<T2, D2>& y);
        -:  318:template <class T1, class D1, class T2, class D2>
        -:  319:    bool operator>=(const unique_ptr<T1, D1>& x, const unique_ptr<T2, D2>& y);
        -:  320:
        -:  321:template <class T, class D>
        -:  322:    bool operator==(const unique_ptr<T, D>& x, nullptr_t) noexcept;
        -:  323:template <class T, class D>
        -:  324:    bool operator==(nullptr_t, const unique_ptr<T, D>& y) noexcept;
        -:  325:template <class T, class D>
        -:  326:    bool operator!=(const unique_ptr<T, D>& x, nullptr_t) noexcept;
        -:  327:template <class T, class D>
        -:  328:    bool operator!=(nullptr_t, const unique_ptr<T, D>& y) noexcept;
        -:  329:
        -:  330:template <class T, class D>
        -:  331:    bool operator<(const unique_ptr<T, D>& x, nullptr_t);
        -:  332:template <class T, class D>
        -:  333:    bool operator<(nullptr_t, const unique_ptr<T, D>& y);
        -:  334:template <class T, class D>
        -:  335:    bool operator<=(const unique_ptr<T, D>& x, nullptr_t);
        -:  336:template <class T, class D>
        -:  337:    bool operator<=(nullptr_t, const unique_ptr<T, D>& y);
        -:  338:template <class T, class D>
        -:  339:    bool operator>(const unique_ptr<T, D>& x, nullptr_t);
        -:  340:template <class T, class D>
        -:  341:    bool operator>(nullptr_t, const unique_ptr<T, D>& y);
        -:  342:template <class T, class D>
        -:  343:    bool operator>=(const unique_ptr<T, D>& x, nullptr_t);
        -:  344:template <class T, class D>
        -:  345:    bool operator>=(nullptr_t, const unique_ptr<T, D>& y);
        -:  346:
        -:  347:class bad_weak_ptr
        -:  348:    : public std::exception
        -:  349:{
        -:  350:    bad_weak_ptr() noexcept;
        -:  351:};
        -:  352:
        -:  353:template<class T, class... Args> unique_ptr<T> make_unique(Args&&... args);     // C++14
        -:  354:template<class T>                unique_ptr<T> make_unique(size_t n);           // C++14
        -:  355:template<class T, class... Args> unspecified   make_unique(Args&&...) = delete; // C++14, T == U[N]
        -:  356:
        -:  357:template<class T>
        -:  358:class shared_ptr
        -:  359:{
        -:  360:public:
        -:  361:    typedef T element_type;
        -:  362:
        -:  363:    // constructors:
        -:  364:    constexpr shared_ptr() noexcept;
        -:  365:    template<class Y> explicit shared_ptr(Y* p);
        -:  366:    template<class Y, class D> shared_ptr(Y* p, D d);
        -:  367:    template<class Y, class D, class A> shared_ptr(Y* p, D d, A a);
        -:  368:    template <class D> shared_ptr(nullptr_t p, D d);
        -:  369:    template <class D, class A> shared_ptr(nullptr_t p, D d, A a);
        -:  370:    template<class Y> shared_ptr(const shared_ptr<Y>& r, T *p) noexcept;
        -:  371:    shared_ptr(const shared_ptr& r) noexcept;
        -:  372:    template<class Y> shared_ptr(const shared_ptr<Y>& r) noexcept;
        -:  373:    shared_ptr(shared_ptr&& r) noexcept;
        -:  374:    template<class Y> shared_ptr(shared_ptr<Y>&& r) noexcept;
        -:  375:    template<class Y> explicit shared_ptr(const weak_ptr<Y>& r);
        -:  376:    template<class Y> shared_ptr(auto_ptr<Y>&& r);
        -:  377:    template <class Y, class D> shared_ptr(unique_ptr<Y, D>&& r);
        -:  378:    shared_ptr(nullptr_t) : shared_ptr() { }
        -:  379:
        -:  380:    // destructor:
        -:  381:    ~shared_ptr();
        -:  382:
        -:  383:    // assignment:
        -:  384:    shared_ptr& operator=(const shared_ptr& r) noexcept;
        -:  385:    template<class Y> shared_ptr& operator=(const shared_ptr<Y>& r) noexcept;
        -:  386:    shared_ptr& operator=(shared_ptr&& r) noexcept;
        -:  387:    template<class Y> shared_ptr& operator=(shared_ptr<Y>&& r);
        -:  388:    template<class Y> shared_ptr& operator=(auto_ptr<Y>&& r);
        -:  389:    template <class Y, class D> shared_ptr& operator=(unique_ptr<Y, D>&& r);
        -:  390:
        -:  391:    // modifiers:
        -:  392:    void swap(shared_ptr& r) noexcept;
        -:  393:    void reset() noexcept;
        -:  394:    template<class Y> void reset(Y* p);
        -:  395:    template<class Y, class D> void reset(Y* p, D d);
        -:  396:    template<class Y, class D, class A> void reset(Y* p, D d, A a);
        -:  397:
        -:  398:    // observers:
        -:  399:    T* get() const noexcept;
        -:  400:    T& operator*() const noexcept;
        -:  401:    T* operator->() const noexcept;
        -:  402:    long use_count() const noexcept;
        -:  403:    bool unique() const noexcept;
        -:  404:    explicit operator bool() const noexcept;
        -:  405:    template<class U> bool owner_before(shared_ptr<U> const& b) const;
        -:  406:    template<class U> bool owner_before(weak_ptr<U> const& b) const;
        -:  407:};
        -:  408:
        -:  409:// shared_ptr comparisons:
        -:  410:template<class T, class U>
        -:  411:    bool operator==(shared_ptr<T> const& a, shared_ptr<U> const& b) noexcept;
        -:  412:template<class T, class U>
        -:  413:    bool operator!=(shared_ptr<T> const& a, shared_ptr<U> const& b) noexcept;
        -:  414:template<class T, class U>
        -:  415:    bool operator<(shared_ptr<T> const& a, shared_ptr<U> const& b) noexcept;
        -:  416:template<class T, class U>
        -:  417:    bool operator>(shared_ptr<T> const& a, shared_ptr<U> const& b) noexcept;
        -:  418:template<class T, class U>
        -:  419:    bool operator<=(shared_ptr<T> const& a, shared_ptr<U> const& b) noexcept;
        -:  420:template<class T, class U>
        -:  421:    bool operator>=(shared_ptr<T> const& a, shared_ptr<U> const& b) noexcept;
        -:  422:
        -:  423:template <class T>
        -:  424:    bool operator==(const shared_ptr<T>& x, nullptr_t) noexcept;
        -:  425:template <class T>
        -:  426:    bool operator==(nullptr_t, const shared_ptr<T>& y) noexcept;
        -:  427:template <class T>
        -:  428:    bool operator!=(const shared_ptr<T>& x, nullptr_t) noexcept;
        -:  429:template <class T>
        -:  430:    bool operator!=(nullptr_t, const shared_ptr<T>& y) noexcept;
        -:  431:template <class T>
        -:  432:    bool operator<(const shared_ptr<T>& x, nullptr_t) noexcept;
        -:  433:template <class T>
        -:  434:bool operator<(nullptr_t, const shared_ptr<T>& y) noexcept;
        -:  435:template <class T>
        -:  436:    bool operator<=(const shared_ptr<T>& x, nullptr_t) noexcept;
        -:  437:template <class T>
        -:  438:    bool operator<=(nullptr_t, const shared_ptr<T>& y) noexcept;
        -:  439:template <class T>
        -:  440:    bool operator>(const shared_ptr<T>& x, nullptr_t) noexcept;
        -:  441:template <class T>
        -:  442:    bool operator>(nullptr_t, const shared_ptr<T>& y) noexcept;
        -:  443:template <class T>
        -:  444:    bool operator>=(const shared_ptr<T>& x, nullptr_t) noexcept;
        -:  445:template <class T>
        -:  446:    bool operator>=(nullptr_t, const shared_ptr<T>& y) noexcept;
        -:  447:
        -:  448:// shared_ptr specialized algorithms:
        -:  449:template<class T> void swap(shared_ptr<T>& a, shared_ptr<T>& b) noexcept;
        -:  450:
        -:  451:// shared_ptr casts:
        -:  452:template<class T, class U>
        -:  453:    shared_ptr<T> static_pointer_cast(shared_ptr<U> const& r) noexcept;
        -:  454:template<class T, class U>
        -:  455:    shared_ptr<T> dynamic_pointer_cast(shared_ptr<U> const& r) noexcept;
        -:  456:template<class T, class U>
        -:  457:    shared_ptr<T> const_pointer_cast(shared_ptr<U> const& r) noexcept;
        -:  458:
        -:  459:// shared_ptr I/O:
        -:  460:template<class E, class T, class Y>
        -:  461:    basic_ostream<E, T>& operator<< (basic_ostream<E, T>& os, shared_ptr<Y> const& p);
        -:  462:
        -:  463:// shared_ptr get_deleter:
        -:  464:template<class D, class T> D* get_deleter(shared_ptr<T> const& p) noexcept;
        -:  465:
        -:  466:template<class T, class... Args>
        -:  467:    shared_ptr<T> make_shared(Args&&... args);
        -:  468:template<class T, class A, class... Args>
        -:  469:    shared_ptr<T> allocate_shared(const A& a, Args&&... args);
        -:  470:
        -:  471:template<class T>
        -:  472:class weak_ptr
        -:  473:{
        -:  474:public:
        -:  475:    typedef T element_type;
        -:  476:
        -:  477:    // constructors
        -:  478:    constexpr weak_ptr() noexcept;
        -:  479:    template<class Y> weak_ptr(shared_ptr<Y> const& r) noexcept;
        -:  480:    weak_ptr(weak_ptr const& r) noexcept;
        -:  481:    template<class Y> weak_ptr(weak_ptr<Y> const& r) noexcept;
        -:  482:
        -:  483:    // destructor
        -:  484:    ~weak_ptr();
        -:  485:
        -:  486:    // assignment
        -:  487:    weak_ptr& operator=(weak_ptr const& r) noexcept;
        -:  488:    template<class Y> weak_ptr& operator=(weak_ptr<Y> const& r) noexcept;
        -:  489:    template<class Y> weak_ptr& operator=(shared_ptr<Y> const& r) noexcept;
        -:  490:
        -:  491:    // modifiers
        -:  492:    void swap(weak_ptr& r) noexcept;
        -:  493:    void reset() noexcept;
        -:  494:
        -:  495:    // observers
        -:  496:    long use_count() const noexcept;
        -:  497:    bool expired() const noexcept;
        -:  498:    shared_ptr<T> lock() const noexcept;
        -:  499:    template<class U> bool owner_before(shared_ptr<U> const& b) const;
        -:  500:    template<class U> bool owner_before(weak_ptr<U> const& b) const;
        -:  501:};
        -:  502:
        -:  503:// weak_ptr specialized algorithms:
        -:  504:template<class T> void swap(weak_ptr<T>& a, weak_ptr<T>& b) noexcept;
        -:  505:
        -:  506:// class owner_less:
        -:  507:template<class T> struct owner_less;
        -:  508:
        -:  509:template<class T>
        -:  510:struct owner_less<shared_ptr<T>>
        -:  511:    : binary_function<shared_ptr<T>, shared_ptr<T>, bool>
        -:  512:{
        -:  513:    typedef bool result_type;
        -:  514:    bool operator()(shared_ptr<T> const&, shared_ptr<T> const&) const;
        -:  515:    bool operator()(shared_ptr<T> const&, weak_ptr<T> const&) const;
        -:  516:    bool operator()(weak_ptr<T> const&, shared_ptr<T> const&) const;
        -:  517:};
        -:  518:
        -:  519:template<class T>
        -:  520:struct owner_less<weak_ptr<T>>
        -:  521:    : binary_function<weak_ptr<T>, weak_ptr<T>, bool>
        -:  522:{
        -:  523:    typedef bool result_type;
        -:  524:    bool operator()(weak_ptr<T> const&, weak_ptr<T> const&) const;
        -:  525:    bool operator()(shared_ptr<T> const&, weak_ptr<T> const&) const;
        -:  526:    bool operator()(weak_ptr<T> const&, shared_ptr<T> const&) const;
        -:  527:};
        -:  528:
        -:  529:template<class T>
        -:  530:class enable_shared_from_this
        -:  531:{
        -:  532:protected:
        -:  533:    constexpr enable_shared_from_this() noexcept;
        -:  534:    enable_shared_from_this(enable_shared_from_this const&) noexcept;
        -:  535:    enable_shared_from_this& operator=(enable_shared_from_this const&) noexcept;
        -:  536:    ~enable_shared_from_this();
        -:  537:public:
        -:  538:    shared_ptr<T> shared_from_this();
        -:  539:    shared_ptr<T const> shared_from_this() const;
        -:  540:};
        -:  541:
        -:  542:template<class T>
        -:  543:    bool atomic_is_lock_free(const shared_ptr<T>* p);
        -:  544:template<class T>
        -:  545:    shared_ptr<T> atomic_load(const shared_ptr<T>* p);
        -:  546:template<class T>
        -:  547:    shared_ptr<T> atomic_load_explicit(const shared_ptr<T>* p, memory_order mo);
        -:  548:template<class T>
        -:  549:    void atomic_store(shared_ptr<T>* p, shared_ptr<T> r);
        -:  550:template<class T>
        -:  551:    void atomic_store_explicit(shared_ptr<T>* p, shared_ptr<T> r, memory_order mo);
        -:  552:template<class T>
        -:  553:    shared_ptr<T> atomic_exchange(shared_ptr<T>* p, shared_ptr<T> r);
        -:  554:template<class T>
        -:  555:    shared_ptr<T>
        -:  556:    atomic_exchange_explicit(shared_ptr<T>* p, shared_ptr<T> r, memory_order mo);
        -:  557:template<class T>
        -:  558:    bool
        -:  559:    atomic_compare_exchange_weak(shared_ptr<T>* p, shared_ptr<T>* v, shared_ptr<T> w);
        -:  560:template<class T>
        -:  561:    bool
        -:  562:    atomic_compare_exchange_strong( shared_ptr<T>* p, shared_ptr<T>* v, shared_ptr<T> w);
        -:  563:template<class T>
        -:  564:    bool
        -:  565:    atomic_compare_exchange_weak_explicit(shared_ptr<T>* p, shared_ptr<T>* v,
        -:  566:                                          shared_ptr<T> w, memory_order success,
        -:  567:                                          memory_order failure);
        -:  568:template<class T>
        -:  569:    bool
        -:  570:    atomic_compare_exchange_strong_explicit(shared_ptr<T>* p, shared_ptr<T>* v,
        -:  571:                                            shared_ptr<T> w, memory_order success,
        -:  572:                                            memory_order failure);
        -:  573:// Hash support
        -:  574:template <class T> struct hash;
        -:  575:template <class T, class D> struct hash<unique_ptr<T, D> >;
        -:  576:template <class T> struct hash<shared_ptr<T> >;
        -:  577:
        -:  578:// Pointer safety
        -:  579:enum class pointer_safety { relaxed, preferred, strict };
        -:  580:void declare_reachable(void *p);
        -:  581:template <class T> T *undeclare_reachable(T *p);
        -:  582:void declare_no_pointers(char *p, size_t n);
        -:  583:void undeclare_no_pointers(char *p, size_t n);
        -:  584:pointer_safety get_pointer_safety() noexcept;
        -:  585:
        -:  586:void* align(size_t alignment, size_t size, void*& ptr, size_t& space);
        -:  587:
        -:  588:}  // std
        -:  589:
        -:  590:*/
        -:  591:
        -:  592:#include <__config>
        -:  593:#include <type_traits>
        -:  594:#include <typeinfo>
        -:  595:#include <cstddef>
        -:  596:#include <cstdint>
        -:  597:#include <new>
        -:  598:#include <utility>
        -:  599:#include <limits>
        -:  600:#include <iterator>
        -:  601:#include <__functional_base>
        -:  602:#include <iosfwd>
        -:  603:#include <tuple>
        -:  604:#include <cstring>
        -:  605:#if defined(_LIBCPP_NO_EXCEPTIONS)
        -:  606:    #include <cassert>
        -:  607:#endif
        -:  608:
        -:  609:#if __has_feature(cxx_atomic)
        -:  610:#  include <atomic>
        -:  611:#endif
        -:  612:
        -:  613:#include <__undef_min_max>
        -:  614:
        -:  615:#if !defined(_LIBCPP_HAS_NO_PRAGMA_SYSTEM_HEADER)
        -:  616:#pragma GCC system_header
        -:  617:#endif
        -:  618:
        -:  619:_LIBCPP_BEGIN_NAMESPACE_STD
        -:  620:
        -:  621:// addressof moved to <__functional_base>
        -:  622:
        -:  623:template <class _Tp> class allocator;
        -:  624:
        -:  625:template <>
        -:  626:class _LIBCPP_TYPE_VIS_ONLY allocator<void>
        -:  627:{
        -:  628:public:
        -:  629:    typedef void*             pointer;
        -:  630:    typedef const void*       const_pointer;
        -:  631:    typedef void              value_type;
        -:  632:
        -:  633:    template <class _Up> struct rebind {typedef allocator<_Up> other;};
        -:  634:};
        -:  635:
        -:  636:template <>
        -:  637:class _LIBCPP_TYPE_VIS_ONLY allocator<const void>
        -:  638:{
        -:  639:public:
        -:  640:    typedef const void*       pointer;
        -:  641:    typedef const void*       const_pointer;
        -:  642:    typedef const void        value_type;
        -:  643:
        -:  644:    template <class _Up> struct rebind {typedef allocator<_Up> other;};
        -:  645:};
        -:  646:
        -:  647:// pointer_traits
        -:  648:
        -:  649:template <class _Tp>
        -:  650:struct __has_element_type
        -:  651:{
        -:  652:private:
        -:  653:    struct __two {char __lx; char __lxx;};
        -:  654:    template <class _Up> static __two __test(...);
        -:  655:    template <class _Up> static char __test(typename _Up::element_type* = 0);
        -:  656:public:
        -:  657:    static const bool value = sizeof(__test<_Tp>(0)) == 1;
        -:  658:};
        -:  659:
        -:  660:template <class _Ptr, bool = __has_element_type<_Ptr>::value>
        -:  661:struct __pointer_traits_element_type;
        -:  662:
        -:  663:template <class _Ptr>
        -:  664:struct __pointer_traits_element_type<_Ptr, true>
        -:  665:{
        -:  666:    typedef typename _Ptr::element_type type;
        -:  667:};
        -:  668:
        -:  669:#ifndef _LIBCPP_HAS_NO_VARIADICS
        -:  670:
        -:  671:template <template <class, class...> class _Sp, class _Tp, class ..._Args>
        -:  672:struct __pointer_traits_element_type<_Sp<_Tp, _Args...>, true>
        -:  673:{
        -:  674:    typedef typename _Sp<_Tp, _Args...>::element_type type;
        -:  675:};
        -:  676:
        -:  677:template <template <class, class...> class _Sp, class _Tp, class ..._Args>
        -:  678:struct __pointer_traits_element_type<_Sp<_Tp, _Args...>, false>
        -:  679:{
        -:  680:    typedef _Tp type;
        -:  681:};
        -:  682:
        -:  683:#else  // _LIBCPP_HAS_NO_VARIADICS
        -:  684:
        -:  685:template <template <class> class _Sp, class _Tp>
        -:  686:struct __pointer_traits_element_type<_Sp<_Tp>, true>
        -:  687:{
        -:  688:    typedef typename _Sp<_Tp>::element_type type;
        -:  689:};
        -:  690:
        -:  691:template <template <class> class _Sp, class _Tp>
        -:  692:struct __pointer_traits_element_type<_Sp<_Tp>, false>
        -:  693:{
        -:  694:    typedef _Tp type;
        -:  695:};
        -:  696:
        -:  697:template <template <class, class> class _Sp, class _Tp, class _A0>
        -:  698:struct __pointer_traits_element_type<_Sp<_Tp, _A0>, true>
        -:  699:{
        -:  700:    typedef typename _Sp<_Tp, _A0>::element_type type;
        -:  701:};
        -:  702:
        -:  703:template <template <class, class> class _Sp, class _Tp, class _A0>
        -:  704:struct __pointer_traits_element_type<_Sp<_Tp, _A0>, false>
        -:  705:{
        -:  706:    typedef _Tp type;
        -:  707:};
        -:  708:
        -:  709:template <template <class, class, class> class _Sp, class _Tp, class _A0, class _A1>
        -:  710:struct __pointer_traits_element_type<_Sp<_Tp, _A0, _A1>, true>
        -:  711:{
        -:  712:    typedef typename _Sp<_Tp, _A0, _A1>::element_type type;
        -:  713:};
        -:  714:
        -:  715:template <template <class, class, class> class _Sp, class _Tp, class _A0, class _A1>
        -:  716:struct __pointer_traits_element_type<_Sp<_Tp, _A0, _A1>, false>
        -:  717:{
        -:  718:    typedef _Tp type;
        -:  719:};
        -:  720:
        -:  721:template <template <class, class, class, class> class _Sp, class _Tp, class _A0,
        -:  722:                                                           class _A1, class _A2>
        -:  723:struct __pointer_traits_element_type<_Sp<_Tp, _A0, _A1, _A2>, true>
        -:  724:{
        -:  725:    typedef typename _Sp<_Tp, _A0, _A1, _A2>::element_type type;
        -:  726:};
        -:  727:
        -:  728:template <template <class, class, class, class> class _Sp, class _Tp, class _A0,
        -:  729:                                                           class _A1, class _A2>
        -:  730:struct __pointer_traits_element_type<_Sp<_Tp, _A0, _A1, _A2>, false>
        -:  731:{
        -:  732:    typedef _Tp type;
        -:  733:};
        -:  734:
        -:  735:#endif  // _LIBCPP_HAS_NO_VARIADICS
        -:  736:
        -:  737:template <class _Tp>
        -:  738:struct __has_difference_type
        -:  739:{
        -:  740:private:
        -:  741:    struct __two {char __lx; char __lxx;};
        -:  742:    template <class _Up> static __two __test(...);
        -:  743:    template <class _Up> static char __test(typename _Up::difference_type* = 0);
        -:  744:public:
        -:  745:    static const bool value = sizeof(__test<_Tp>(0)) == 1;
        -:  746:};
        -:  747:
        -:  748:template <class _Ptr, bool = __has_difference_type<_Ptr>::value>
        -:  749:struct __pointer_traits_difference_type
        -:  750:{
        -:  751:    typedef ptrdiff_t type;
        -:  752:};
        -:  753:
        -:  754:template <class _Ptr>
        -:  755:struct __pointer_traits_difference_type<_Ptr, true>
        -:  756:{
        -:  757:    typedef typename _Ptr::difference_type type;
        -:  758:};
        -:  759:
        -:  760:template <class _Tp, class _Up>
        -:  761:struct __has_rebind
        -:  762:{
        -:  763:private:
        -:  764:    struct __two {char __lx; char __lxx;};
        -:  765:    template <class _Xp> static __two __test(...);
        -:  766:    template <class _Xp> static char __test(typename _Xp::template rebind<_Up>* = 0);
        -:  767:public:
        -:  768:    static const bool value = sizeof(__test<_Tp>(0)) == 1;
        -:  769:};
        -:  770:
        -:  771:template <class _Tp, class _Up, bool = __has_rebind<_Tp, _Up>::value>
        -:  772:struct __pointer_traits_rebind
        -:  773:{
        -:  774:#ifndef _LIBCPP_HAS_NO_TEMPLATE_ALIASES
        -:  775:    typedef typename _Tp::template rebind<_Up> type;
        -:  776:#else
        -:  777:    typedef typename _Tp::template rebind<_Up>::other type;
        -:  778:#endif
        -:  779:};
        -:  780:
        -:  781:#ifndef _LIBCPP_HAS_NO_VARIADICS
        -:  782:
        -:  783:template <template <class, class...> class _Sp, class _Tp, class ..._Args, class _Up>
        -:  784:struct __pointer_traits_rebind<_Sp<_Tp, _Args...>, _Up, true>
        -:  785:{
        -:  786:#ifndef _LIBCPP_HAS_NO_TEMPLATE_ALIASES
        -:  787:    typedef typename _Sp<_Tp, _Args...>::template rebind<_Up> type;
        -:  788:#else
        -:  789:    typedef typename _Sp<_Tp, _Args...>::template rebind<_Up>::other type;
        -:  790:#endif
        -:  791:};
        -:  792:
        -:  793:template <template <class, class...> class _Sp, class _Tp, class ..._Args, class _Up>
        -:  794:struct __pointer_traits_rebind<_Sp<_Tp, _Args...>, _Up, false>
        -:  795:{
        -:  796:    typedef _Sp<_Up, _Args...> type;
        -:  797:};
        -:  798:
        -:  799:#else  // _LIBCPP_HAS_NO_VARIADICS
        -:  800:
        -:  801:template <template <class> class _Sp, class _Tp, class _Up>
        -:  802:struct __pointer_traits_rebind<_Sp<_Tp>, _Up, true>
        -:  803:{
        -:  804:#ifndef _LIBCPP_HAS_NO_TEMPLATE_ALIASES
        -:  805:    typedef typename _Sp<_Tp>::template rebind<_Up> type;
        -:  806:#else
        -:  807:    typedef typename _Sp<_Tp>::template rebind<_Up>::other type;
        -:  808:#endif
        -:  809:};
        -:  810:
        -:  811:template <template <class> class _Sp, class _Tp, class _Up>
        -:  812:struct __pointer_traits_rebind<_Sp<_Tp>, _Up, false>
        -:  813:{
        -:  814:    typedef _Sp<_Up> type;
        -:  815:};
        -:  816:
        -:  817:template <template <class, class> class _Sp, class _Tp, class _A0, class _Up>
        -:  818:struct __pointer_traits_rebind<_Sp<_Tp, _A0>, _Up, true>
        -:  819:{
        -:  820:#ifndef _LIBCPP_HAS_NO_TEMPLATE_ALIASES
        -:  821:    typedef typename _Sp<_Tp, _A0>::template rebind<_Up> type;
        -:  822:#else
        -:  823:    typedef typename _Sp<_Tp, _A0>::template rebind<_Up>::other type;
        -:  824:#endif
        -:  825:};
        -:  826:
        -:  827:template <template <class, class> class _Sp, class _Tp, class _A0, class _Up>
        -:  828:struct __pointer_traits_rebind<_Sp<_Tp, _A0>, _Up, false>
        -:  829:{
        -:  830:    typedef _Sp<_Up, _A0> type;
        -:  831:};
        -:  832:
        -:  833:template <template <class, class, class> class _Sp, class _Tp, class _A0,
        -:  834:                                         class _A1, class _Up>
        -:  835:struct __pointer_traits_rebind<_Sp<_Tp, _A0, _A1>, _Up, true>
        -:  836:{
        -:  837:#ifndef _LIBCPP_HAS_NO_TEMPLATE_ALIASES
        -:  838:    typedef typename _Sp<_Tp, _A0, _A1>::template rebind<_Up> type;
        -:  839:#else
        -:  840:    typedef typename _Sp<_Tp, _A0, _A1>::template rebind<_Up>::other type;
        -:  841:#endif
        -:  842:};
        -:  843:
        -:  844:template <template <class, class, class> class _Sp, class _Tp, class _A0,
        -:  845:                                         class _A1, class _Up>
        -:  846:struct __pointer_traits_rebind<_Sp<_Tp, _A0, _A1>, _Up, false>
        -:  847:{
        -:  848:    typedef _Sp<_Up, _A0, _A1> type;
        -:  849:};
        -:  850:
        -:  851:template <template <class, class, class, class> class _Sp, class _Tp, class _A0,
        -:  852:                                                class _A1, class _A2, class _Up>
        -:  853:struct __pointer_traits_rebind<_Sp<_Tp, _A0, _A1, _A2>, _Up, true>
        -:  854:{
        -:  855:#ifndef _LIBCPP_HAS_NO_TEMPLATE_ALIASES
        -:  856:    typedef typename _Sp<_Tp, _A0, _A1, _A2>::template rebind<_Up> type;
        -:  857:#else
        -:  858:    typedef typename _Sp<_Tp, _A0, _A1, _A2>::template rebind<_Up>::other type;
        -:  859:#endif
        -:  860:};
        -:  861:
        -:  862:template <template <class, class, class, class> class _Sp, class _Tp, class _A0,
        -:  863:                                                class _A1, class _A2, class _Up>
        -:  864:struct __pointer_traits_rebind<_Sp<_Tp, _A0, _A1, _A2>, _Up, false>
        -:  865:{
        -:  866:    typedef _Sp<_Up, _A0, _A1, _A2> type;
        -:  867:};
        -:  868:
        -:  869:#endif  // _LIBCPP_HAS_NO_VARIADICS
        -:  870:
        -:  871:template <class _Ptr>
        -:  872:struct _LIBCPP_TYPE_VIS_ONLY pointer_traits
        -:  873:{
        -:  874:    typedef _Ptr                                                     pointer;
        -:  875:    typedef typename __pointer_traits_element_type<pointer>::type    element_type;
        -:  876:    typedef typename __pointer_traits_difference_type<pointer>::type difference_type;
        -:  877:
        -:  878:#ifndef _LIBCPP_HAS_NO_TEMPLATE_ALIASES
        -:  879:    template <class _Up> using rebind = typename __pointer_traits_rebind<pointer, _Up>::type;
        -:  880:#else
        -:  881:    template <class _Up> struct rebind
        -:  882:        {typedef typename __pointer_traits_rebind<pointer, _Up>::type other;};
        -:  883:#endif  // _LIBCPP_HAS_NO_TEMPLATE_ALIASES
        -:  884:
        -:  885:private:
        -:  886:    struct __nat {};
        -:  887:public:
        -:  888:    _LIBCPP_INLINE_VISIBILITY
        -:  889:    static pointer pointer_to(typename conditional<is_void<element_type>::value,
        -:  890:                                           __nat, element_type>::type& __r)
        -:  891:        {return pointer::pointer_to(__r);}
        -:  892:};
        -:  893:
        -:  894:template <class _Tp>
        -:  895:struct _LIBCPP_TYPE_VIS_ONLY pointer_traits<_Tp*>
        -:  896:{
        -:  897:    typedef _Tp*      pointer;
        -:  898:    typedef _Tp       element_type;
        -:  899:    typedef ptrdiff_t difference_type;
        -:  900:
        -:  901:#ifndef _LIBCPP_HAS_NO_TEMPLATE_ALIASES
        -:  902:    template <class _Up> using rebind = _Up*;
        -:  903:#else
        -:  904:    template <class _Up> struct rebind {typedef _Up* other;};
        -:  905:#endif
        -:  906:
        -:  907:private:
        -:  908:    struct __nat {};
        -:  909:public:
        -:  910:    _LIBCPP_INLINE_VISIBILITY
        -:  911:    static pointer pointer_to(typename conditional<is_void<element_type>::value,
    #####:  912:                                      __nat, element_type>::type& __r) _NOEXCEPT
    #####:  913:        {return _VSTD::addressof(__r);}
        -:  914:};
        -:  915:
        -:  916:// allocator_traits
        -:  917:
        -:  918:namespace __has_pointer_type_imp
        -:  919:{
        -:  920:    template <class _Up> static __two __test(...);
        -:  921:    template <class _Up> static char __test(typename _Up::pointer* = 0);
        -:  922:}
        -:  923:
        -:  924:template <class _Tp>
        -:  925:struct __has_pointer_type
        -:  926:    : public integral_constant<bool, sizeof(__has_pointer_type_imp::__test<_Tp>(0)) == 1>
        -:  927:{
        -:  928:};
        -:  929:
        -:  930:namespace __pointer_type_imp
        -:  931:{
        -:  932:
        -:  933:template <class _Tp, class _Dp, bool = __has_pointer_type<_Dp>::value>
        -:  934:struct __pointer_type
        -:  935:{
        -:  936:    typedef typename _Dp::pointer type;
        -:  937:};
        -:  938:
        -:  939:template <class _Tp, class _Dp>
        -:  940:struct __pointer_type<_Tp, _Dp, false>
        -:  941:{
        -:  942:    typedef _Tp* type;
        -:  943:};
        -:  944:
        -:  945:}  // __pointer_type_imp
        -:  946:
        -:  947:template <class _Tp, class _Dp>
        -:  948:struct __pointer_type
        -:  949:{
        -:  950:    typedef typename __pointer_type_imp::__pointer_type<_Tp, typename remove_reference<_Dp>::type>::type type;
        -:  951:};
        -:  952:
        -:  953:template <class _Tp>
        -:  954:struct __has_const_pointer
        -:  955:{
        -:  956:private:
        -:  957:    struct __two {char __lx; char __lxx;};
        -:  958:    template <class _Up> static __two __test(...);
        -:  959:    template <class _Up> static char __test(typename _Up::const_pointer* = 0);
        -:  960:public:
        -:  961:    static const bool value = sizeof(__test<_Tp>(0)) == 1;
        -:  962:};
        -:  963:
        -:  964:template <class _Tp, class _Ptr, class _Alloc, bool = __has_const_pointer<_Alloc>::value>
        -:  965:struct __const_pointer
        -:  966:{
        -:  967:    typedef typename _Alloc::const_pointer type;
        -:  968:};
        -:  969:
        -:  970:template <class _Tp, class _Ptr, class _Alloc>
        -:  971:struct __const_pointer<_Tp, _Ptr, _Alloc, false>
        -:  972:{
        -:  973:#ifndef _LIBCPP_HAS_NO_TEMPLATE_ALIASES
        -:  974:    typedef typename pointer_traits<_Ptr>::template rebind<const _Tp> type;
        -:  975:#else
        -:  976:    typedef typename pointer_traits<_Ptr>::template rebind<const _Tp>::other type;
        -:  977:#endif
        -:  978:};
        -:  979:
        -:  980:template <class _Tp>
        -:  981:struct __has_void_pointer
        -:  982:{
        -:  983:private:
        -:  984:    struct __two {char __lx; char __lxx;};
        -:  985:    template <class _Up> static __two __test(...);
        -:  986:    template <class _Up> static char __test(typename _Up::void_pointer* = 0);
        -:  987:public:
        -:  988:    static const bool value = sizeof(__test<_Tp>(0)) == 1;
        -:  989:};
        -:  990:
        -:  991:template <class _Ptr, class _Alloc, bool = __has_void_pointer<_Alloc>::value>
        -:  992:struct __void_pointer
        -:  993:{
        -:  994:    typedef typename _Alloc::void_pointer type;
        -:  995:};
        -:  996:
        -:  997:template <class _Ptr, class _Alloc>
        -:  998:struct __void_pointer<_Ptr, _Alloc, false>
        -:  999:{
        -: 1000:#ifndef _LIBCPP_HAS_NO_TEMPLATE_ALIASES
        -: 1001:    typedef typename pointer_traits<_Ptr>::template rebind<void> type;
        -: 1002:#else
        -: 1003:    typedef typename pointer_traits<_Ptr>::template rebind<void>::other type;
        -: 1004:#endif
        -: 1005:};
        -: 1006:
        -: 1007:template <class _Tp>
        -: 1008:struct __has_const_void_pointer
        -: 1009:{
        -: 1010:private:
        -: 1011:    struct __two {char __lx; char __lxx;};
        -: 1012:    template <class _Up> static __two __test(...);
        -: 1013:    template <class _Up> static char __test(typename _Up::const_void_pointer* = 0);
        -: 1014:public:
        -: 1015:    static const bool value = sizeof(__test<_Tp>(0)) == 1;
        -: 1016:};
        -: 1017:
        -: 1018:template <class _Ptr, class _Alloc, bool = __has_const_void_pointer<_Alloc>::value>
        -: 1019:struct __const_void_pointer
        -: 1020:{
        -: 1021:    typedef typename _Alloc::const_void_pointer type;
        -: 1022:};
        -: 1023:
        -: 1024:template <class _Ptr, class _Alloc>
        -: 1025:struct __const_void_pointer<_Ptr, _Alloc, false>
        -: 1026:{
        -: 1027:#ifndef _LIBCPP_HAS_NO_TEMPLATE_ALIASES
        -: 1028:    typedef typename pointer_traits<_Ptr>::template rebind<const void> type;
        -: 1029:#else
        -: 1030:    typedef typename pointer_traits<_Ptr>::template rebind<const void>::other type;
        -: 1031:#endif
        -: 1032:};
        -: 1033:
        -: 1034:template <class _Tp>
        -: 1035:inline _LIBCPP_INLINE_VISIBILITY
        -: 1036:_Tp*
    #####: 1037:__to_raw_pointer(_Tp* __p) _NOEXCEPT
        -: 1038:{
    #####: 1039:    return __p;
        -: 1040:}
        -: 1041:
        -: 1042:template <class _Pointer>
        -: 1043:inline _LIBCPP_INLINE_VISIBILITY
        -: 1044:typename pointer_traits<_Pointer>::element_type*
        -: 1045:__to_raw_pointer(_Pointer __p) _NOEXCEPT
        -: 1046:{
        -: 1047:    return _VSTD::__to_raw_pointer(__p.operator->());
        -: 1048:}
        -: 1049:
        -: 1050:template <class _Tp>
        -: 1051:struct __has_size_type
        -: 1052:{
        -: 1053:private:
        -: 1054:    struct __two {char __lx; char __lxx;};
        -: 1055:    template <class _Up> static __two __test(...);
        -: 1056:    template <class _Up> static char __test(typename _Up::size_type* = 0);
        -: 1057:public:
        -: 1058:    static const bool value = sizeof(__test<_Tp>(0)) == 1;
        -: 1059:};
        -: 1060:
        -: 1061:template <class _Alloc, class _DiffType, bool = __has_size_type<_Alloc>::value>
        -: 1062:struct __size_type
        -: 1063:{
        -: 1064:    typedef typename make_unsigned<_DiffType>::type type;
        -: 1065:};
        -: 1066:
        -: 1067:template <class _Alloc, class _DiffType>
        -: 1068:struct __size_type<_Alloc, _DiffType, true>
        -: 1069:{
        -: 1070:    typedef typename _Alloc::size_type type;
        -: 1071:};
        -: 1072:
        -: 1073:template <class _Tp>
        -: 1074:struct __has_propagate_on_container_copy_assignment
        -: 1075:{
        -: 1076:private:
        -: 1077:    struct __two {char __lx; char __lxx;};
        -: 1078:    template <class _Up> static __two __test(...);
        -: 1079:    template <class _Up> static char __test(typename _Up::propagate_on_container_copy_assignment* = 0);
        -: 1080:public:
        -: 1081:    static const bool value = sizeof(__test<_Tp>(0)) == 1;
        -: 1082:};
        -: 1083:
        -: 1084:template <class _Alloc, bool = __has_propagate_on_container_copy_assignment<_Alloc>::value>
        -: 1085:struct __propagate_on_container_copy_assignment
        -: 1086:{
        -: 1087:    typedef false_type type;
        -: 1088:};
        -: 1089:
        -: 1090:template <class _Alloc>
        -: 1091:struct __propagate_on_container_copy_assignment<_Alloc, true>
        -: 1092:{
        -: 1093:    typedef typename _Alloc::propagate_on_container_copy_assignment type;
        -: 1094:};
        -: 1095:
        -: 1096:template <class _Tp>
        -: 1097:struct __has_propagate_on_container_move_assignment
        -: 1098:{
        -: 1099:private:
        -: 1100:    struct __two {char __lx; char __lxx;};
        -: 1101:    template <class _Up> static __two __test(...);
        -: 1102:    template <class _Up> static char __test(typename _Up::propagate_on_container_move_assignment* = 0);
        -: 1103:public:
        -: 1104:    static const bool value = sizeof(__test<_Tp>(0)) == 1;
        -: 1105:};
        -: 1106:
        -: 1107:template <class _Alloc, bool = __has_propagate_on_container_move_assignment<_Alloc>::value>
        -: 1108:struct __propagate_on_container_move_assignment
        -: 1109:{
        -: 1110:    typedef false_type type;
        -: 1111:};
        -: 1112:
        -: 1113:template <class _Alloc>
        -: 1114:struct __propagate_on_container_move_assignment<_Alloc, true>
        -: 1115:{
        -: 1116:    typedef typename _Alloc::propagate_on_container_move_assignment type;
        -: 1117:};
        -: 1118:
        -: 1119:template <class _Tp>
        -: 1120:struct __has_propagate_on_container_swap
        -: 1121:{
        -: 1122:private:
        -: 1123:    struct __two {char __lx; char __lxx;};
        -: 1124:    template <class _Up> static __two __test(...);
        -: 1125:    template <class _Up> static char __test(typename _Up::propagate_on_container_swap* = 0);
        -: 1126:public:
        -: 1127:    static const bool value = sizeof(__test<_Tp>(0)) == 1;
        -: 1128:};
        -: 1129:
        -: 1130:template <class _Alloc, bool = __has_propagate_on_container_swap<_Alloc>::value>
        -: 1131:struct __propagate_on_container_swap
        -: 1132:{
        -: 1133:    typedef false_type type;
        -: 1134:};
        -: 1135:
        -: 1136:template <class _Alloc>
        -: 1137:struct __propagate_on_container_swap<_Alloc, true>
        -: 1138:{
        -: 1139:    typedef typename _Alloc::propagate_on_container_swap type;
        -: 1140:};
        -: 1141:
        -: 1142:template <class _Tp, class _Up, bool = __has_rebind<_Tp, _Up>::value>
        -: 1143:struct __has_rebind_other
        -: 1144:{
        -: 1145:private:
        -: 1146:    struct __two {char __lx; char __lxx;};
        -: 1147:    template <class _Xp> static __two __test(...);
        -: 1148:    template <class _Xp> static char __test(typename _Xp::template rebind<_Up>::other* = 0);
        -: 1149:public:
        -: 1150:    static const bool value = sizeof(__test<_Tp>(0)) == 1;
        -: 1151:};
        -: 1152:
        -: 1153:template <class _Tp, class _Up>
        -: 1154:struct __has_rebind_other<_Tp, _Up, false>
        -: 1155:{
        -: 1156:    static const bool value = false;
        -: 1157:};
        -: 1158:
        -: 1159:template <class _Tp, class _Up, bool = __has_rebind_other<_Tp, _Up>::value>
        -: 1160:struct __allocator_traits_rebind
        -: 1161:{
        -: 1162:    typedef typename _Tp::template rebind<_Up>::other type;
        -: 1163:};
        -: 1164:
        -: 1165:#ifndef _LIBCPP_HAS_NO_VARIADICS
        -: 1166:
        -: 1167:template <template <class, class...> class _Alloc, class _Tp, class ..._Args, class _Up>
        -: 1168:struct __allocator_traits_rebind<_Alloc<_Tp, _Args...>, _Up, true>
        -: 1169:{
        -: 1170:    typedef typename _Alloc<_Tp, _Args...>::template rebind<_Up>::other type;
        -: 1171:};
        -: 1172:
        -: 1173:template <template <class, class...> class _Alloc, class _Tp, class ..._Args, class _Up>
        -: 1174:struct __allocator_traits_rebind<_Alloc<_Tp, _Args...>, _Up, false>
        -: 1175:{
        -: 1176:    typedef _Alloc<_Up, _Args...> type;
        -: 1177:};
        -: 1178:
        -: 1179:#else  // _LIBCPP_HAS_NO_VARIADICS
        -: 1180:
        -: 1181:template <template <class> class _Alloc, class _Tp, class _Up>
        -: 1182:struct __allocator_traits_rebind<_Alloc<_Tp>, _Up, true>
        -: 1183:{
        -: 1184:    typedef typename _Alloc<_Tp>::template rebind<_Up>::other type;
        -: 1185:};
        -: 1186:
        -: 1187:template <template <class> class _Alloc, class _Tp, class _Up>
        -: 1188:struct __allocator_traits_rebind<_Alloc<_Tp>, _Up, false>
        -: 1189:{
        -: 1190:    typedef _Alloc<_Up> type;
        -: 1191:};
        -: 1192:
        -: 1193:template <template <class, class> class _Alloc, class _Tp, class _A0, class _Up>
        -: 1194:struct __allocator_traits_rebind<_Alloc<_Tp, _A0>, _Up, true>
        -: 1195:{
        -: 1196:    typedef typename _Alloc<_Tp, _A0>::template rebind<_Up>::other type;
        -: 1197:};
        -: 1198:
        -: 1199:template <template <class, class> class _Alloc, class _Tp, class _A0, class _Up>
        -: 1200:struct __allocator_traits_rebind<_Alloc<_Tp, _A0>, _Up, false>
        -: 1201:{
        -: 1202:    typedef _Alloc<_Up, _A0> type;
        -: 1203:};
        -: 1204:
        -: 1205:template <template <class, class, class> class _Alloc, class _Tp, class _A0,
        -: 1206:                                         class _A1, class _Up>
        -: 1207:struct __allocator_traits_rebind<_Alloc<_Tp, _A0, _A1>, _Up, true>
        -: 1208:{
        -: 1209:    typedef typename _Alloc<_Tp, _A0, _A1>::template rebind<_Up>::other type;
        -: 1210:};
        -: 1211:
        -: 1212:template <template <class, class, class> class _Alloc, class _Tp, class _A0,
        -: 1213:                                         class _A1, class _Up>
        -: 1214:struct __allocator_traits_rebind<_Alloc<_Tp, _A0, _A1>, _Up, false>
        -: 1215:{
        -: 1216:    typedef _Alloc<_Up, _A0, _A1> type;
        -: 1217:};
        -: 1218:
        -: 1219:template <template <class, class, class, class> class _Alloc, class _Tp, class _A0,
        -: 1220:                                                class _A1, class _A2, class _Up>
        -: 1221:struct __allocator_traits_rebind<_Alloc<_Tp, _A0, _A1, _A2>, _Up, true>
        -: 1222:{
        -: 1223:    typedef typename _Alloc<_Tp, _A0, _A1, _A2>::template rebind<_Up>::other type;
        -: 1224:};
        -: 1225:
        -: 1226:template <template <class, class, class, class> class _Alloc, class _Tp, class _A0,
        -: 1227:                                                class _A1, class _A2, class _Up>
        -: 1228:struct __allocator_traits_rebind<_Alloc<_Tp, _A0, _A1, _A2>, _Up, false>
        -: 1229:{
        -: 1230:    typedef _Alloc<_Up, _A0, _A1, _A2> type;
        -: 1231:};
        -: 1232:
        -: 1233:#endif  // _LIBCPP_HAS_NO_VARIADICS
        -: 1234:
        -: 1235:#ifndef _LIBCPP_HAS_NO_ADVANCED_SFINAE
        -: 1236:
        -: 1237:template <class _Alloc, class _SizeType, class _ConstVoidPtr>
        -: 1238:auto
        -: 1239:__has_allocate_hint_test(_Alloc&& __a, _SizeType&& __sz, _ConstVoidPtr&& __p)
        -: 1240:    -> decltype(__a.allocate(__sz, __p), true_type());
        -: 1241:
        -: 1242:template <class _Alloc, class _SizeType, class _ConstVoidPtr>
        -: 1243:auto
        -: 1244:__has_allocate_hint_test(const _Alloc& __a, _SizeType&& __sz, _ConstVoidPtr&& __p)
        -: 1245:    -> false_type;
        -: 1246:
        -: 1247:template <class _Alloc, class _SizeType, class _ConstVoidPtr>
        -: 1248:struct __has_allocate_hint
        -: 1249:    : integral_constant<bool,
        -: 1250:        is_same<
        -: 1251:            decltype(__has_allocate_hint_test(declval<_Alloc>(),
        -: 1252:                                          declval<_SizeType>(),
        -: 1253:                                          declval<_ConstVoidPtr>())),
        -: 1254:            true_type>::value>
        -: 1255:{
        -: 1256:};
        -: 1257:
        -: 1258:#else  // _LIBCPP_HAS_NO_ADVANCED_SFINAE
        -: 1259:
        -: 1260:template <class _Alloc, class _SizeType, class _ConstVoidPtr>
        -: 1261:struct __has_allocate_hint
        -: 1262:    : true_type
        -: 1263:{
        -: 1264:};
        -: 1265:
        -: 1266:#endif  // _LIBCPP_HAS_NO_ADVANCED_SFINAE
        -: 1267:
        -: 1268:#if !defined(_LIBCPP_HAS_NO_ADVANCED_SFINAE) && !defined(_LIBCPP_HAS_NO_VARIADICS)
        -: 1269:
        -: 1270:template <class _Alloc, class _Tp, class ..._Args>
        -: 1271:decltype(_VSTD::declval<_Alloc>().construct(_VSTD::declval<_Tp*>(),
        -: 1272:                                           _VSTD::declval<_Args>()...),
        -: 1273:                                           true_type())
        -: 1274:__has_construct_test(_Alloc&& __a, _Tp* __p, _Args&& ...__args);
        -: 1275:
        -: 1276:template <class _Alloc, class _Pointer, class ..._Args>
        -: 1277:false_type
        -: 1278:__has_construct_test(const _Alloc& __a, _Pointer&& __p, _Args&& ...__args);
        -: 1279:
        -: 1280:template <class _Alloc, class _Pointer, class ..._Args>
        -: 1281:struct __has_construct
        -: 1282:    : integral_constant<bool,
        -: 1283:        is_same<
        -: 1284:            decltype(__has_construct_test(declval<_Alloc>(),
        -: 1285:                                          declval<_Pointer>(),
        -: 1286:                                          declval<_Args>()...)),
        -: 1287:            true_type>::value>
        -: 1288:{
        -: 1289:};
        -: 1290:
        -: 1291:template <class _Alloc, class _Pointer>
        -: 1292:auto
        -: 1293:__has_destroy_test(_Alloc&& __a, _Pointer&& __p)
        -: 1294:    -> decltype(__a.destroy(__p), true_type());
        -: 1295:
        -: 1296:template <class _Alloc, class _Pointer>
        -: 1297:auto
        -: 1298:__has_destroy_test(const _Alloc& __a, _Pointer&& __p)
        -: 1299:    -> false_type;
        -: 1300:
        -: 1301:template <class _Alloc, class _Pointer>
        -: 1302:struct __has_destroy
        -: 1303:    : integral_constant<bool,
        -: 1304:        is_same<
        -: 1305:            decltype(__has_destroy_test(declval<_Alloc>(),
        -: 1306:                                        declval<_Pointer>())),
        -: 1307:            true_type>::value>
        -: 1308:{
        -: 1309:};
        -: 1310:
        -: 1311:template <class _Alloc>
        -: 1312:auto
        -: 1313:__has_max_size_test(_Alloc&& __a)
        -: 1314:    -> decltype(__a.max_size(), true_type());
        -: 1315:
        -: 1316:template <class _Alloc>
        -: 1317:auto
        -: 1318:__has_max_size_test(const volatile _Alloc& __a)
        -: 1319:    -> false_type;
        -: 1320:
        -: 1321:template <class _Alloc>
        -: 1322:struct __has_max_size
        -: 1323:    : integral_constant<bool,
        -: 1324:        is_same<
        -: 1325:            decltype(__has_max_size_test(declval<_Alloc&>())),
        -: 1326:            true_type>::value>
        -: 1327:{
        -: 1328:};
        -: 1329:
        -: 1330:template <class _Alloc>
        -: 1331:auto
        -: 1332:__has_select_on_container_copy_construction_test(_Alloc&& __a)
        -: 1333:    -> decltype(__a.select_on_container_copy_construction(), true_type());
        -: 1334:
        -: 1335:template <class _Alloc>
        -: 1336:auto
        -: 1337:__has_select_on_container_copy_construction_test(const volatile _Alloc& __a)
        -: 1338:    -> false_type;
        -: 1339:
        -: 1340:template <class _Alloc>
        -: 1341:struct __has_select_on_container_copy_construction
        -: 1342:    : integral_constant<bool,
        -: 1343:        is_same<
        -: 1344:            decltype(__has_select_on_container_copy_construction_test(declval<_Alloc&>())),
        -: 1345:            true_type>::value>
        -: 1346:{
        -: 1347:};
        -: 1348:
        -: 1349:#else  // _LIBCPP_HAS_NO_ADVANCED_SFINAE
        -: 1350:
        -: 1351:#ifndef _LIBCPP_HAS_NO_VARIADICS
        -: 1352:
        -: 1353:template <class _Alloc, class _Pointer, class ..._Args>
        -: 1354:struct __has_construct
        -: 1355:    : false_type
        -: 1356:{
        -: 1357:};
        -: 1358:
        -: 1359:#else  // _LIBCPP_HAS_NO_VARIADICS
        -: 1360:
        -: 1361:template <class _Alloc, class _Pointer, class _Args>
        -: 1362:struct __has_construct
        -: 1363:    : false_type
        -: 1364:{
        -: 1365:};
        -: 1366:
        -: 1367:#endif  // _LIBCPP_HAS_NO_VARIADICS
        -: 1368:
        -: 1369:template <class _Alloc, class _Pointer>
        -: 1370:struct __has_destroy
        -: 1371:    : false_type
        -: 1372:{
        -: 1373:};
        -: 1374:
        -: 1375:template <class _Alloc>
        -: 1376:struct __has_max_size
        -: 1377:    : true_type
        -: 1378:{
        -: 1379:};
        -: 1380:
        -: 1381:template <class _Alloc>
        -: 1382:struct __has_select_on_container_copy_construction
        -: 1383:    : false_type
        -: 1384:{
        -: 1385:};
        -: 1386:
        -: 1387:#endif  // _LIBCPP_HAS_NO_ADVANCED_SFINAE
        -: 1388:
        -: 1389:template <class _Alloc, class _Ptr, bool = __has_difference_type<_Alloc>::value>
        -: 1390:struct __alloc_traits_difference_type
        -: 1391:{
        -: 1392:    typedef typename pointer_traits<_Ptr>::difference_type type;
        -: 1393:};
        -: 1394:
        -: 1395:template <class _Alloc, class _Ptr>
        -: 1396:struct __alloc_traits_difference_type<_Alloc, _Ptr, true>
        -: 1397:{
        -: 1398:    typedef typename _Alloc::difference_type type;
        -: 1399:};
        -: 1400:
        -: 1401:template <class _Alloc>
        -: 1402:struct _LIBCPP_TYPE_VIS_ONLY allocator_traits
        -: 1403:{
        -: 1404:    typedef _Alloc                              allocator_type;
        -: 1405:    typedef typename allocator_type::value_type value_type;
        -: 1406:
        -: 1407:    typedef typename __pointer_type<value_type, allocator_type>::type pointer;
        -: 1408:    typedef typename __const_pointer<value_type, pointer, allocator_type>::type const_pointer;
        -: 1409:    typedef typename __void_pointer<pointer, allocator_type>::type void_pointer;
        -: 1410:    typedef typename __const_void_pointer<pointer, allocator_type>::type const_void_pointer;
        -: 1411:
        -: 1412:    typedef typename __alloc_traits_difference_type<allocator_type, pointer>::type difference_type;
        -: 1413:    typedef typename __size_type<allocator_type, difference_type>::type size_type;
        -: 1414:
        -: 1415:    typedef typename __propagate_on_container_copy_assignment<allocator_type>::type
        -: 1416:                     propagate_on_container_copy_assignment;
        -: 1417:    typedef typename __propagate_on_container_move_assignment<allocator_type>::type
        -: 1418:                     propagate_on_container_move_assignment;
        -: 1419:    typedef typename __propagate_on_container_swap<allocator_type>::type
        -: 1420:                     propagate_on_container_swap;
        -: 1421:
        -: 1422:#ifndef _LIBCPP_HAS_NO_TEMPLATE_ALIASES
        -: 1423:    template <class _Tp> using rebind_alloc =
        -: 1424:                  typename __allocator_traits_rebind<allocator_type, _Tp>::type;
        -: 1425:    template <class _Tp> using rebind_traits = allocator_traits<rebind_alloc<_Tp>>;
        -: 1426:#else  // _LIBCPP_HAS_NO_TEMPLATE_ALIASES
        -: 1427:    template <class _Tp> struct rebind_alloc
        -: 1428:        {typedef typename __allocator_traits_rebind<allocator_type, _Tp>::type other;};
        -: 1429:    template <class _Tp> struct rebind_traits
        -: 1430:        {typedef allocator_traits<typename rebind_alloc<_Tp>::other> other;};
        -: 1431:#endif  // _LIBCPP_HAS_NO_TEMPLATE_ALIASES
        -: 1432:
        -: 1433:    _LIBCPP_INLINE_VISIBILITY
        -: 1434:    static pointer allocate(allocator_type& __a, size_type __n)
        -: 1435:        {return __a.allocate(__n);}
        -: 1436:    _LIBCPP_INLINE_VISIBILITY
        -: 1437:    static pointer allocate(allocator_type& __a, size_type __n, const_void_pointer __hint)
        -: 1438:        {return allocate(__a, __n, __hint,
        -: 1439:            __has_allocate_hint<allocator_type, size_type, const_void_pointer>());}
        -: 1440:
        -: 1441:    _LIBCPP_INLINE_VISIBILITY
        -: 1442:    static void deallocate(allocator_type& __a, pointer __p, size_type __n) _NOEXCEPT
        -: 1443:        {__a.deallocate(__p, __n);}
        -: 1444:
        -: 1445:#ifndef _LIBCPP_HAS_NO_VARIADICS
        -: 1446:    template <class _Tp, class... _Args>
        -: 1447:        _LIBCPP_INLINE_VISIBILITY
        -: 1448:        static void construct(allocator_type& __a, _Tp* __p, _Args&&... __args)
        -: 1449:            {__construct(__has_construct<allocator_type, pointer, _Args...>(),
        -: 1450:                         __a, __p, _VSTD::forward<_Args>(__args)...);}
        -: 1451:#else  // _LIBCPP_HAS_NO_VARIADICS
        -: 1452:    template <class _Tp>
        -: 1453:        _LIBCPP_INLINE_VISIBILITY
        -: 1454:        static void construct(allocator_type& __a, _Tp* __p)
        -: 1455:            {
        -: 1456:                ::new ((void*)__p) _Tp();
        -: 1457:            }
        -: 1458:    template <class _Tp, class _A0>
        -: 1459:        _LIBCPP_INLINE_VISIBILITY
        -: 1460:        static void construct(allocator_type& __a, _Tp* __p, const _A0& __a0)
        -: 1461:            {
        -: 1462:                ::new ((void*)__p) _Tp(__a0);
        -: 1463:            }
        -: 1464:    template <class _Tp, class _A0, class _A1>
        -: 1465:        _LIBCPP_INLINE_VISIBILITY
        -: 1466:        static void construct(allocator_type& __a, _Tp* __p, const _A0& __a0,
        -: 1467:                              const _A1& __a1)
        -: 1468:            {
        -: 1469:                ::new ((void*)__p) _Tp(__a0, __a1);
        -: 1470:            }
        -: 1471:    template <class _Tp, class _A0, class _A1, class _A2>
        -: 1472:        _LIBCPP_INLINE_VISIBILITY
        -: 1473:        static void construct(allocator_type& __a, _Tp* __p, const _A0& __a0,
        -: 1474:                              const _A1& __a1, const _A2& __a2)
        -: 1475:            {
        -: 1476:                ::new ((void*)__p) _Tp(__a0, __a1, __a2);
        -: 1477:            }
        -: 1478:#endif  // _LIBCPP_HAS_NO_VARIADICS
        -: 1479:
        -: 1480:    template <class _Tp>
        -: 1481:        _LIBCPP_INLINE_VISIBILITY
        -: 1482:        static void destroy(allocator_type& __a, _Tp* __p)
        -: 1483:            {__destroy(__has_destroy<allocator_type, _Tp*>(), __a, __p);}
        -: 1484:
        -: 1485:    _LIBCPP_INLINE_VISIBILITY
        -: 1486:    static size_type max_size(const allocator_type& __a) _NOEXCEPT
        -: 1487:        {return __max_size(__has_max_size<const allocator_type>(), __a);}
        -: 1488:
        -: 1489:    _LIBCPP_INLINE_VISIBILITY
        -: 1490:    static allocator_type
        -: 1491:        select_on_container_copy_construction(const allocator_type& __a)
        -: 1492:            {return select_on_container_copy_construction(
        -: 1493:                __has_select_on_container_copy_construction<const allocator_type>(),
        -: 1494:                __a);}
        -: 1495:
        -: 1496:    template <class _Ptr>
        -: 1497:        _LIBCPP_INLINE_VISIBILITY
        -: 1498:        static
        -: 1499:        void
        -: 1500:        __construct_forward(allocator_type& __a, _Ptr __begin1, _Ptr __end1, _Ptr& __begin2)
        -: 1501:        {
        -: 1502:            for (; __begin1 != __end1; ++__begin1, ++__begin2)
        -: 1503:                construct(__a, _VSTD::__to_raw_pointer(__begin2), _VSTD::move_if_noexcept(*__begin1));
        -: 1504:        }
        -: 1505:
        -: 1506:    template <class _Tp>
        -: 1507:        _LIBCPP_INLINE_VISIBILITY
        -: 1508:        static
        -: 1509:        typename enable_if
        -: 1510:        <
        -: 1511:            (is_same<allocator_type, allocator<_Tp> >::value
        -: 1512:                || !__has_construct<allocator_type, _Tp*, _Tp>::value) &&
        -: 1513:             is_trivially_move_constructible<_Tp>::value,
        -: 1514:            void
        -: 1515:        >::type
        -: 1516:        __construct_forward(allocator_type& __a, _Tp* __begin1, _Tp* __end1, _Tp*& __begin2)
        -: 1517:        {
        -: 1518:            ptrdiff_t _Np = __end1 - __begin1;
        -: 1519:            _VSTD::memcpy(__begin2, __begin1, _Np * sizeof(_Tp));
        -: 1520:            __begin2 += _Np;
        -: 1521:        }
        -: 1522:
        -: 1523:    template <class _Ptr>
        -: 1524:        _LIBCPP_INLINE_VISIBILITY
        -: 1525:        static
        -: 1526:        void
        -: 1527:        __construct_backward(allocator_type& __a, _Ptr __begin1, _Ptr __end1, _Ptr& __end2)
        -: 1528:        {
        -: 1529:            while (__end1 != __begin1)
        -: 1530:            {
        -: 1531:                construct(__a, _VSTD::__to_raw_pointer(__end2-1), _VSTD::move_if_noexcept(*--__end1));
        -: 1532:                --__end2;
        -: 1533:            }
        -: 1534:        }
        -: 1535:
        -: 1536:    template <class _Tp>
        -: 1537:        _LIBCPP_INLINE_VISIBILITY
        -: 1538:        static
        -: 1539:        typename enable_if
        -: 1540:        <
        -: 1541:            (is_same<allocator_type, allocator<_Tp> >::value
        -: 1542:                || !__has_construct<allocator_type, _Tp*, _Tp>::value) &&
        -: 1543:             is_trivially_move_constructible<_Tp>::value,
        -: 1544:            void
        -: 1545:        >::type
        -: 1546:        __construct_backward(allocator_type& __a, _Tp* __begin1, _Tp* __end1, _Tp*& __end2)
        -: 1547:        {
        -: 1548:            ptrdiff_t _Np = __end1 - __begin1;
        -: 1549:            __end2 -= _Np;
        -: 1550:            _VSTD::memcpy(__end2, __begin1, _Np * sizeof(_Tp));
        -: 1551:        }
        -: 1552:
        -: 1553:private:
        -: 1554:
        -: 1555:    _LIBCPP_INLINE_VISIBILITY
        -: 1556:    static pointer allocate(allocator_type& __a, size_type __n,
        -: 1557:        const_void_pointer __hint, true_type)
        -: 1558:        {return __a.allocate(__n, __hint);}
        -: 1559:    _LIBCPP_INLINE_VISIBILITY
        -: 1560:    static pointer allocate(allocator_type& __a, size_type __n,
        -: 1561:        const_void_pointer, false_type)
        -: 1562:        {return __a.allocate(__n);}
        -: 1563:
        -: 1564:#ifndef _LIBCPP_HAS_NO_VARIADICS
        -: 1565:    template <class _Tp, class... _Args>
        -: 1566:        _LIBCPP_INLINE_VISIBILITY
        -: 1567:        static void __construct(true_type, allocator_type& __a, _Tp* __p, _Args&&... __args)
        -: 1568:            {__a.construct(__p, _VSTD::forward<_Args>(__args)...);}
        -: 1569:    template <class _Tp, class... _Args>
        -: 1570:        _LIBCPP_INLINE_VISIBILITY
        -: 1571:        static void __construct(false_type, allocator_type&, _Tp* __p, _Args&&... __args)
        -: 1572:            {
        -: 1573:                ::new ((void*)__p) _Tp(_VSTD::forward<_Args>(__args)...);
        -: 1574:            }
        -: 1575:#endif  // _LIBCPP_HAS_NO_VARIADICS
        -: 1576:
        -: 1577:    template <class _Tp>
        -: 1578:        _LIBCPP_INLINE_VISIBILITY
        -: 1579:        static void __destroy(true_type, allocator_type& __a, _Tp* __p)
        -: 1580:            {__a.destroy(__p);}
        -: 1581:    template <class _Tp>
        -: 1582:        _LIBCPP_INLINE_VISIBILITY
        -: 1583:        static void __destroy(false_type, allocator_type&, _Tp* __p)
        -: 1584:            {
        -: 1585:                __p->~_Tp();
        -: 1586:            }
        -: 1587:
        -: 1588:    _LIBCPP_INLINE_VISIBILITY
        -: 1589:    static size_type __max_size(true_type, const allocator_type& __a)
        -: 1590:            {return __a.max_size();}
        -: 1591:    _LIBCPP_INLINE_VISIBILITY
        -: 1592:    static size_type __max_size(false_type, const allocator_type&)
        -: 1593:            {return numeric_limits<size_type>::max();}
        -: 1594:
        -: 1595:    _LIBCPP_INLINE_VISIBILITY
        -: 1596:    static allocator_type
        -: 1597:        select_on_container_copy_construction(true_type, const allocator_type& __a)
        -: 1598:            {return __a.select_on_container_copy_construction();}
        -: 1599:    _LIBCPP_INLINE_VISIBILITY
        -: 1600:    static allocator_type
        -: 1601:        select_on_container_copy_construction(false_type, const allocator_type& __a)
        -: 1602:            {return __a;}
        -: 1603:};
        -: 1604:
        -: 1605:// allocator
        -: 1606:
        -: 1607:template <class _Tp>
        -: 1608:class _LIBCPP_TYPE_VIS_ONLY allocator
        -: 1609:{
        -: 1610:public:
        -: 1611:    typedef size_t            size_type;
        -: 1612:    typedef ptrdiff_t         difference_type;
        -: 1613:    typedef _Tp*              pointer;
        -: 1614:    typedef const _Tp*        const_pointer;
        -: 1615:    typedef _Tp&              reference;
        -: 1616:    typedef const _Tp&        const_reference;
        -: 1617:    typedef _Tp               value_type;
        -: 1618:
        -: 1619:    typedef true_type propagate_on_container_move_assignment;
        -: 1620:
        -: 1621:    template <class _Up> struct rebind {typedef allocator<_Up> other;};
        -: 1622:
        -: 1623:    _LIBCPP_INLINE_VISIBILITY allocator() _NOEXCEPT {}
        -: 1624:    template <class _Up> _LIBCPP_INLINE_VISIBILITY allocator(const allocator<_Up>&) _NOEXCEPT {}
        -: 1625:    _LIBCPP_INLINE_VISIBILITY pointer address(reference __x) const _NOEXCEPT
        -: 1626:        {return _VSTD::addressof(__x);}
        -: 1627:    _LIBCPP_INLINE_VISIBILITY const_pointer address(const_reference __x) const _NOEXCEPT
        -: 1628:        {return _VSTD::addressof(__x);}
        -: 1629:    _LIBCPP_INLINE_VISIBILITY pointer allocate(size_type __n, allocator<void>::const_pointer = 0)
        -: 1630:        {return static_cast<pointer>(::operator new(__n * sizeof(_Tp)));}
        -: 1631:    _LIBCPP_INLINE_VISIBILITY void deallocate(pointer __p, size_type) _NOEXCEPT
        -: 1632:        {::operator delete((void*)__p);}
        -: 1633:    _LIBCPP_INLINE_VISIBILITY size_type max_size() const _NOEXCEPT
        -: 1634:        {return size_type(~0) / sizeof(_Tp);}
        -: 1635:#if !defined(_LIBCPP_HAS_NO_RVALUE_REFERENCES) && !defined(_LIBCPP_HAS_NO_VARIADICS)
[...]
        -: 4943:    template<class _Yp>
        -: 4944:        typename enable_if
        -: 4945:        <
        -: 4946:            is_convertible<_Yp*, element_type*>::value,
        -: 4947:            weak_ptr&
        -: 4948:        >::type
        -: 4949:        operator=(weak_ptr<_Yp> const& __r) _NOEXCEPT;
        -: 4950:
        -: 4951:#ifndef _LIBCPP_HAS_NO_RVALUE_REFERENCES
        -: 4952:
        -: 4953:    weak_ptr& operator=(weak_ptr&& __r) _NOEXCEPT;
        -: 4954:    template<class _Yp>
        -: 4955:        typename enable_if
        -: 4956:        <
        -: 4957:            is_convertible<_Yp*, element_type*>::value,
        -: 4958:            weak_ptr&
        -: 4959:        >::type
        -: 4960:        operator=(weak_ptr<_Yp>&& __r) _NOEXCEPT;
        -: 4961:
        -: 4962:#endif  // _LIBCPP_HAS_NO_RVALUE_REFERENCES
        -: 4963:
        -: 4964:    template<class _Yp>
        -: 4965:        typename enable_if
        -: 4966:        <
        -: 4967:            is_convertible<_Yp*, element_type*>::value,
        -: 4968:            weak_ptr&
        -: 4969:        >::type
        -: 4970:        operator=(shared_ptr<_Yp> const& __r) _NOEXCEPT;
        -: 4971:
        -: 4972:    void swap(weak_ptr& __r) _NOEXCEPT;
        -: 4973:    void reset() _NOEXCEPT;
        -: 4974:
        -: 4975:    _LIBCPP_INLINE_VISIBILITY
        -: 4976:    long use_count() const _NOEXCEPT
        -: 4977:        {return __cntrl_ ? __cntrl_->use_count() : 0;}
        -: 4978:    _LIBCPP_INLINE_VISIBILITY
        -: 4979:    bool expired() const _NOEXCEPT
        -: 4980:        {return __cntrl_ == 0 || __cntrl_->use_count() == 0;}
        -: 4981:    shared_ptr<_Tp> lock() const _NOEXCEPT;
        -: 4982:    template<class _Up>
        -: 4983:        _LIBCPP_INLINE_VISIBILITY
        -: 4984:        bool owner_before(const shared_ptr<_Up>& __r) const
        -: 4985:        {return __cntrl_ < __r.__cntrl_;}
        -: 4986:    template<class _Up>
        -: 4987:        _LIBCPP_INLINE_VISIBILITY
        -: 4988:        bool owner_before(const weak_ptr<_Up>& __r) const
        -: 4989:        {return __cntrl_ < __r.__cntrl_;}
        -: 4990:
        -: 4991:    template <class _Up> friend class _LIBCPP_TYPE_VIS_ONLY weak_ptr;
        -: 4992:    template <class _Up> friend class _LIBCPP_TYPE_VIS_ONLY shared_ptr;
        -: 4993:};
        -: 4994:
        -: 4995:template<class _Tp>
        -: 4996:inline _LIBCPP_INLINE_VISIBILITY
        -: 4997:_LIBCPP_CONSTEXPR
        -: 4998:weak_ptr<_Tp>::weak_ptr() _NOEXCEPT
        -: 4999:    : __ptr_(0),
        -: 5000:      __cntrl_(0)
        -: 5001:{
        -: 5002:}
        -: 5003:
        -: 5004:template<class _Tp>
        -: 5005:inline _LIBCPP_INLINE_VISIBILITY
        -: 5006:weak_ptr<_Tp>::weak_ptr(weak_ptr const& __r) _NOEXCEPT
        -: 5007:    : __ptr_(__r.__ptr_),
        -: 5008:      __cntrl_(__r.__cntrl_)
        -: 5009:{
        -: 5010:    if (__cntrl_)
        -: 5011:        __cntrl_->__add_weak();
        -: 5012:}
        -: 5013:
        -: 5014:template<class _Tp>
        -: 5015:template<class _Yp>
        -: 5016:inline _LIBCPP_INLINE_VISIBILITY
        -: 5017:weak_ptr<_Tp>::weak_ptr(shared_ptr<_Yp> const& __r,
        -: 5018:                        typename enable_if<is_convertible<_Yp*, _Tp*>::value, __nat*>::type)
        -: 5019:                         _NOEXCEPT
        -: 5020:    : __ptr_(__r.__ptr_),
        -: 5021:      __cntrl_(__r.__cntrl_)
        -: 5022:{
        -: 5023:    if (__cntrl_)
        -: 5024:        __cntrl_->__add_weak();
        -: 5025:}
        -: 5026:
        -: 5027:template<class _Tp>
        -: 5028:template<class _Yp>
        -: 5029:inline _LIBCPP_INLINE_VISIBILITY
        -: 5030:weak_ptr<_Tp>::weak_ptr(weak_ptr<_Yp> const& __r,
        -: 5031:                        typename enable_if<is_convertible<_Yp*, _Tp*>::value, __nat*>::type)
        -: 5032:         _NOEXCEPT
        -: 5033:    : __ptr_(__r.__ptr_),
        -: 5034:      __cntrl_(__r.__cntrl_)
        -: 5035:{
        -: 5036:    if (__cntrl_)
        -: 5037:        __cntrl_->__add_weak();
        -: 5038:}
        -: 5039:
        -: 5040:#ifndef _LIBCPP_HAS_NO_RVALUE_REFERENCES
        -: 5041:
        -: 5042:template<class _Tp>
        -: 5043:inline _LIBCPP_INLINE_VISIBILITY
        -: 5044:weak_ptr<_Tp>::weak_ptr(weak_ptr&& __r) _NOEXCEPT
        -: 5045:    : __ptr_(__r.__ptr_),
        -: 5046:      __cntrl_(__r.__cntrl_)
        -: 5047:{
        -: 5048:    __r.__ptr_ = 0;
        -: 5049:    __r.__cntrl_ = 0;
        -: 5050:}
        -: 5051:
        -: 5052:template<class _Tp>
        -: 5053:template<class _Yp>
        -: 5054:inline _LIBCPP_INLINE_VISIBILITY
        -: 5055:weak_ptr<_Tp>::weak_ptr(weak_ptr<_Yp>&& __r,
        -: 5056:                        typename enable_if<is_convertible<_Yp*, _Tp*>::value, __nat*>::type)
        -: 5057:         _NOEXCEPT
        -: 5058:    : __ptr_(__r.__ptr_),
        -: 5059:      __cntrl_(__r.__cntrl_)
        -: 5060:{
        -: 5061:    __r.__ptr_ = 0;
        -: 5062:    __r.__cntrl_ = 0;
        -: 5063:}
        -: 5064:
        -: 5065:#endif  // _LIBCPP_HAS_NO_RVALUE_REFERENCES
        -: 5066:
        -: 5067:template<class _Tp>
        -: 5068:weak_ptr<_Tp>::~weak_ptr()
        -: 5069:{
        -: 5070:    if (__cntrl_)
        -: 5071:        __cntrl_->__release_weak();
        -: 5072:}
        -: 5073:
        -: 5074:template<class _Tp>
        -: 5075:inline _LIBCPP_INLINE_VISIBILITY
        -: 5076:weak_ptr<_Tp>&
        -: 5077:weak_ptr<_Tp>::operator=(weak_ptr const& __r) _NOEXCEPT
        -: 5078:{
        -: 5079:    weak_ptr(__r).swap(*this);
        -: 5080:    return *this;
        -: 5081:}
        -: 5082:
        -: 5083:template<class _Tp>
        -: 5084:template<class _Yp>
        -: 5085:inline _LIBCPP_INLINE_VISIBILITY
        -: 5086:typename enable_if
        -: 5087:<
        -: 5088:    is_convertible<_Yp*, _Tp*>::value,
        -: 5089:    weak_ptr<_Tp>&
        -: 5090:>::type
        -: 5091:weak_ptr<_Tp>::operator=(weak_ptr<_Yp> const& __r) _NOEXCEPT
        -: 5092:{
        -: 5093:    weak_ptr(__r).swap(*this);
        -: 5094:    return *this;
        -: 5095:}
        -: 5096:
        -: 5097:#ifndef _LIBCPP_HAS_NO_RVALUE_REFERENCES
        -: 5098:
        -: 5099:template<class _Tp>
        -: 5100:inline _LIBCPP_INLINE_VISIBILITY
        -: 5101:weak_ptr<_Tp>&
        -: 5102:weak_ptr<_Tp>::operator=(weak_ptr&& __r) _NOEXCEPT
        -: 5103:{
        -: 5104:    weak_ptr(_VSTD::move(__r)).swap(*this);
        -: 5105:    return *this;
        -: 5106:}
        -: 5107:
        -: 5108:template<class _Tp>
        -: 5109:template<class _Yp>
        -: 5110:inline _LIBCPP_INLINE_VISIBILITY
        -: 5111:typename enable_if
        -: 5112:<
        -: 5113:    is_convertible<_Yp*, _Tp*>::value,
        -: 5114:    weak_ptr<_Tp>&
        -: 5115:>::type
        -: 5116:weak_ptr<_Tp>::operator=(weak_ptr<_Yp>&& __r) _NOEXCEPT
        -: 5117:{
        -: 5118:    weak_ptr(_VSTD::move(__r)).swap(*this);
        -: 5119:    return *this;
        -: 5120:}
        -: 5121:
        -: 5122:#endif  // _LIBCPP_HAS_NO_RVALUE_REFERENCES
        -: 5123:
        -: 5124:template<class _Tp>
        -: 5125:template<class _Yp>
        -: 5126:inline _LIBCPP_INLINE_VISIBILITY
        -: 5127:typename enable_if
        -: 5128:<
        -: 5129:    is_convertible<_Yp*, _Tp*>::value,
        -: 5130:    weak_ptr<_Tp>&
        -: 5131:>::type
        -: 5132:weak_ptr<_Tp>::operator=(shared_ptr<_Yp> const& __r) _NOEXCEPT
        -: 5133:{
        -: 5134:    weak_ptr(__r).swap(*this);
        -: 5135:    return *this;
        -: 5136:}
        -: 5137:
        -: 5138:template<class _Tp>
        -: 5139:inline _LIBCPP_INLINE_VISIBILITY
        -: 5140:void
        -: 5141:weak_ptr<_Tp>::swap(weak_ptr& __r) _NOEXCEPT
        -: 5142:{
        -: 5143:    _VSTD::swap(__ptr_, __r.__ptr_);
        -: 5144:    _VSTD::swap(__cntrl_, __r.__cntrl_);
        -: 5145:}
        -: 5146:
        -: 5147:template<class _Tp>
        -: 5148:inline _LIBCPP_INLINE_VISIBILITY
        -: 5149:void
        -: 5150:swap(weak_ptr<_Tp>& __x, weak_ptr<_Tp>& __y) _NOEXCEPT
        -: 5151:{
        -: 5152:    __x.swap(__y);
        -: 5153:}
        -: 5154:
        -: 5155:template<class _Tp>
        -: 5156:inline _LIBCPP_INLINE_VISIBILITY
        -: 5157:void
        -: 5158:weak_ptr<_Tp>::reset() _NOEXCEPT
        -: 5159:{
        -: 5160:    weak_ptr().swap(*this);
        -: 5161:}
        -: 5162:
        -: 5163:template<class _Tp>
        -: 5164:template<class _Yp>
        -: 5165:shared_ptr<_Tp>::shared_ptr(const weak_ptr<_Yp>& __r,
        -: 5166:                            typename enable_if<is_convertible<_Yp*, _Tp*>::value, __nat>::type)
        -: 5167:    : __ptr_(__r.__ptr_),
        -: 5168:      __cntrl_(__r.__cntrl_ ? __r.__cntrl_->lock() : __r.__cntrl_)
        -: 5169:{
        -: 5170:    if (__cntrl_ == 0)
        -: 5171:#ifndef _LIBCPP_NO_EXCEPTIONS
        -: 5172:        throw bad_weak_ptr();
        -: 5173:#else
        -: 5174:        assert(!"bad_weak_ptr");
        -: 5175:#endif
        -: 5176:}
        -: 5177:
        -: 5178:template<class _Tp>
        -: 5179:shared_ptr<_Tp>
        -: 5180:weak_ptr<_Tp>::lock() const _NOEXCEPT
        -: 5181:{
        -: 5182:    shared_ptr<_Tp> __r;
        -: 5183:    __r.__cntrl_ = __cntrl_ ? __cntrl_->lock() : __cntrl_;
        -: 5184:    if (__r.__cntrl_)
        -: 5185:        __r.__ptr_ = __ptr_;
        -: 5186:    return __r;
        -: 5187:}
        -: 5188:
        -: 5189:template <class _Tp> struct owner_less;
        -: 5190:
        -: 5191:template <class _Tp>
        -: 5192:struct _LIBCPP_TYPE_VIS_ONLY owner_less<shared_ptr<_Tp> >
        -: 5193:    : binary_function<shared_ptr<_Tp>, shared_ptr<_Tp>, bool>
        -: 5194:{
        -: 5195:    typedef bool result_type;
        -: 5196:    _LIBCPP_INLINE_VISIBILITY
        -: 5197:    bool operator()(shared_ptr<_Tp> const& __x, shared_ptr<_Tp> const& __y) const
        -: 5198:        {return __x.owner_before(__y);}
        -: 5199:    _LIBCPP_INLINE_VISIBILITY
        -: 5200:    bool operator()(shared_ptr<_Tp> const& __x,   weak_ptr<_Tp> const& __y) const
        -: 5201:        {return __x.owner_before(__y);}
        -: 5202:    _LIBCPP_INLINE_VISIBILITY
        -: 5203:    bool operator()(  weak_ptr<_Tp> const& __x, shared_ptr<_Tp> const& __y) const
        -: 5204:        {return __x.owner_before(__y);}
        -: 5205:};
        -: 5206:
        -: 5207:template <class _Tp>
        -: 5208:struct _LIBCPP_TYPE_VIS_ONLY owner_less<weak_ptr<_Tp> >
        -: 5209:    : binary_function<weak_ptr<_Tp>, weak_ptr<_Tp>, bool>
        -: 5210:{
        -: 5211:    typedef bool result_type;
        -: 5212:    _LIBCPP_INLINE_VISIBILITY
        -: 5213:    bool operator()(  weak_ptr<_Tp> const& __x,   weak_ptr<_Tp> const& __y) const
        -: 5214:        {return __x.owner_before(__y);}
        -: 5215:    _LIBCPP_INLINE_VISIBILITY
        -: 5216:    bool operator()(shared_ptr<_Tp> const& __x,   weak_ptr<_Tp> const& __y) const
        -: 5217:        {return __x.owner_before(__y);}
        -: 5218:    _LIBCPP_INLINE_VISIBILITY
        -: 5219:    bool operator()(  weak_ptr<_Tp> const& __x, shared_ptr<_Tp> const& __y) const
        -: 5220:        {return __x.owner_before(__y);}
        -: 5221:};
        -: 5222:
        -: 5223:template<class _Tp>
        -: 5224:class _LIBCPP_TYPE_VIS_ONLY enable_shared_from_this
        -: 5225:{
        -: 5226:    mutable weak_ptr<_Tp> __weak_this_;
        -: 5227:protected:
        -: 5228:    _LIBCPP_INLINE_VISIBILITY _LIBCPP_CONSTEXPR
        -: 5229:    enable_shared_from_this() _NOEXCEPT {}
        -: 5230:    _LIBCPP_INLINE_VISIBILITY
        -: 5231:    enable_shared_from_this(enable_shared_from_this const&) _NOEXCEPT {}
        -: 5232:    _LIBCPP_INLINE_VISIBILITY
        -: 5233:    enable_shared_from_this& operator=(enable_shared_from_this const&) _NOEXCEPT
        -: 5234:        {return *this;}
        -: 5235:    _LIBCPP_INLINE_VISIBILITY
        -: 5236:    ~enable_shared_from_this() {}
        -: 5237:public:
        -: 5238:    _LIBCPP_INLINE_VISIBILITY
        -: 5239:    shared_ptr<_Tp> shared_from_this()
        -: 5240:        {return shared_ptr<_Tp>(__weak_this_);}
        -: 5241:    _LIBCPP_INLINE_VISIBILITY
        -: 5242:    shared_ptr<_Tp const> shared_from_this() const
        -: 5243:        {return shared_ptr<const _Tp>(__weak_this_);}
        -: 5244:
        -: 5245:    template <class _Up> friend class shared_ptr;
        -: 5246:};
        -: 5247:
        -: 5248:template <class _Tp>
        -: 5249:struct _LIBCPP_TYPE_VIS_ONLY hash<shared_ptr<_Tp> >
        -: 5250:{
        -: 5251:    typedef shared_ptr<_Tp>      argument_type;
        -: 5252:    typedef size_t               result_type;
        -: 5253:    _LIBCPP_INLINE_VISIBILITY
        -: 5254:    result_type operator()(const argument_type& __ptr) const _NOEXCEPT
        -: 5255:    {
        -: 5256:        return hash<_Tp*>()(__ptr.get());
        -: 5257:    }
        -: 5258:};
        -: 5259:
        -: 5260:template<class _CharT, class _Traits, class _Yp>
        -: 5261:inline _LIBCPP_INLINE_VISIBILITY
        -: 5262:basic_ostream<_CharT, _Traits>&
        -: 5263:operator<<(basic_ostream<_CharT, _Traits>& __os, shared_ptr<_Yp> const& __p);
        -: 5264:
        -: 5265:#if __has_feature(cxx_atomic)
        -: 5266:
        -: 5267:class _LIBCPP_TYPE_VIS __sp_mut
        -: 5268:{
        -: 5269:    void* __lx;
        -: 5270:public:
        -: 5271:    void lock() _NOEXCEPT;
        -: 5272:    void unlock() _NOEXCEPT;
        -: 5273:
        -: 5274:private:
        -: 5275:    _LIBCPP_CONSTEXPR __sp_mut(void*) _NOEXCEPT;
        -: 5276:    __sp_mut(const __sp_mut&);
        -: 5277:    __sp_mut& operator=(const __sp_mut&);
        -: 5278:
        -: 5279:    friend _LIBCPP_FUNC_VIS __sp_mut& __get_sp_mut(const void*);
        -: 5280:};
        -: 5281:
        -: 5282:_LIBCPP_FUNC_VIS __sp_mut& __get_sp_mut(const void*);
        -: 5283:
        -: 5284:template <class _Tp>
        -: 5285:inline _LIBCPP_INLINE_VISIBILITY
        -: 5286:bool
        -: 5287:atomic_is_lock_free(const shared_ptr<_Tp>*)
        -: 5288:{
        -: 5289:    return false;
        -: 5290:}
        -: 5291:
        -: 5292:template <class _Tp>
        -: 5293:shared_ptr<_Tp>
        -: 5294:atomic_load(const shared_ptr<_Tp>* __p)
        -: 5295:{
        -: 5296:    __sp_mut& __m = __get_sp_mut(__p);
        -: 5297:    __m.lock();
        -: 5298:    shared_ptr<_Tp> __q = *__p;
        -: 5299:    __m.unlock();
        -: 5300:    return __q;
        -: 5301:}
        -: 5302:  
        -: 5303:template <class _Tp>
        -: 5304:inline _LIBCPP_INLINE_VISIBILITY
        -: 5305:shared_ptr<_Tp>
        -: 5306:atomic_load_explicit(const shared_ptr<_Tp>* __p, memory_order)
        -: 5307:{
        -: 5308:    return atomic_load(__p);
        -: 5309:}
        -: 5310:
        -: 5311:template <class _Tp>
        -: 5312:void
        -: 5313:atomic_store(shared_ptr<_Tp>* __p, shared_ptr<_Tp> __r)
        -: 5314:{
        -: 5315:    __sp_mut& __m = __get_sp_mut(__p);
        -: 5316:    __m.lock();
        -: 5317:    __p->swap(__r);
        -: 5318:    __m.unlock();
        -: 5319:}
        -: 5320:
        -: 5321:template <class _Tp>
        -: 5322:inline _LIBCPP_INLINE_VISIBILITY
        -: 5323:void
        -: 5324:atomic_store_explicit(shared_ptr<_Tp>* __p, shared_ptr<_Tp> __r, memory_order)
        -: 5325:{
        -: 5326:    atomic_store(__p, __r);
        -: 5327:}
        -: 5328:
        -: 5329:template <class _Tp>
        -: 5330:shared_ptr<_Tp>
        -: 5331:atomic_exchange(shared_ptr<_Tp>* __p, shared_ptr<_Tp> __r)
        -: 5332:{
        -: 5333:    __sp_mut& __m = __get_sp_mut(__p);
        -: 5334:    __m.lock();
        -: 5335:    __p->swap(__r);
        -: 5336:    __m.unlock();
        -: 5337:    return __r;
        -: 5338:}
        -: 5339:  
        -: 5340:template <class _Tp>
        -: 5341:inline _LIBCPP_INLINE_VISIBILITY
        -: 5342:shared_ptr<_Tp>
        -: 5343:atomic_exchange_explicit(shared_ptr<_Tp>* __p, shared_ptr<_Tp> __r, memory_order)
        -: 5344:{
        -: 5345:    return atomic_exchange(__p, __r);
        -: 5346:}
        -: 5347:
        -: 5348:template <class _Tp>
        -: 5349:bool
        -: 5350:atomic_compare_exchange_strong(shared_ptr<_Tp>* __p, shared_ptr<_Tp>* __v, shared_ptr<_Tp> __w)
        -: 5351:{
        -: 5352:    __sp_mut& __m = __get_sp_mut(__p);
        -: 5353:    __m.lock();
        -: 5354:    if (__p->__owner_equivalent(*__v))
        -: 5355:    {
        -: 5356:        *__p = __w;
        -: 5357:        __m.unlock();
        -: 5358:        return true;
        -: 5359:    }
        -: 5360:    *__v = *__p;
        -: 5361:    __m.unlock();
        -: 5362:    return false;
        -: 5363:}
        -: 5364:
        -: 5365:template <class _Tp>
        -: 5366:inline _LIBCPP_INLINE_VISIBILITY
        -: 5367:bool
        -: 5368:atomic_compare_exchange_weak(shared_ptr<_Tp>* __p, shared_ptr<_Tp>* __v, shared_ptr<_Tp> __w)
        -: 5369:{
        -: 5370:    return atomic_compare_exchange_strong(__p, __v, __w);
        -: 5371:}
        -: 5372:
        -: 5373:template <class _Tp>
        -: 5374:inline _LIBCPP_INLINE_VISIBILITY
        -: 5375:bool
        -: 5376:atomic_compare_exchange_strong_explicit(shared_ptr<_Tp>* __p, shared_ptr<_Tp>* __v,
        -: 5377:                                        shared_ptr<_Tp> __w, memory_order, memory_order)
        -: 5378:{
        -: 5379:    return atomic_compare_exchange_strong(__p, __v, __w);
        -: 5380:}
        -: 5381:
        -: 5382:template <class _Tp>
        -: 5383:inline _LIBCPP_INLINE_VISIBILITY
        -: 5384:bool
        -: 5385:atomic_compare_exchange_weak_explicit(shared_ptr<_Tp>* __p, shared_ptr<_Tp>* __v,
        -: 5386:                                      shared_ptr<_Tp> __w, memory_order, memory_order)
        -: 5387:{
        -: 5388:    return atomic_compare_exchange_weak(__p, __v, __w);
        -: 5389:}
        -: 5390:
        -: 5391:#endif  // __has_feature(cxx_atomic)
        -: 5392:
        -: 5393://enum class
        -: 5394:struct _LIBCPP_TYPE_VIS pointer_safety
        -: 5395:{
        -: 5396:    enum __lx
        -: 5397:    {
        -: 5398:        relaxed,
        -: 5399:        preferred,
        -: 5400:        strict
        -: 5401:    };
        -: 5402:
        -: 5403:    __lx __v_;
        -: 5404:
        -: 5405:    _LIBCPP_INLINE_VISIBILITY
        -: 5406:    pointer_safety(__lx __v) : __v_(__v) {}
        -: 5407:    _LIBCPP_INLINE_VISIBILITY
        -: 5408:    operator int() const {return __v_;}
        -: 5409:};
        -: 5410:
        -: 5411:_LIBCPP_FUNC_VIS void declare_reachable(void* __p);
        -: 5412:_LIBCPP_FUNC_VIS void declare_no_pointers(char* __p, size_t __n);
        -: 5413:_LIBCPP_FUNC_VIS void undeclare_no_pointers(char* __p, size_t __n);
        -: 5414:_LIBCPP_FUNC_VIS pointer_safety get_pointer_safety() _NOEXCEPT;
        -: 5415:_LIBCPP_FUNC_VIS void* __undeclare_reachable(void* __p);
        -: 5416:
        -: 5417:template <class _Tp>
        -: 5418:inline _LIBCPP_INLINE_VISIBILITY
        -: 5419:_Tp*
        -: 5420:undeclare_reachable(_Tp* __p)
        -: 5421:{
        -: 5422:    return static_cast<_Tp*>(__undeclare_reachable(__p));
        -: 5423:}
        -: 5424:
        -: 5425:_LIBCPP_FUNC_VIS void* align(size_t __align, size_t __sz, void*& __ptr, size_t& __space);
        -: 5426:
        -: 5427:_LIBCPP_END_NAMESPACE_STD
        -: 5428:
        -: 5429:#endif  // _LIBCPP_MEMORY
