        -:    0:Source:/Applications/Xcode.app/Contents/Developer/Toolchains/XcodeDefault.xctoolchain/usr/bin/../lib/c++/v1/string
        -:    0:Graph:./DerivedData/theciphers/Build/Intermediates/theciphers.build/Debug/unit_tests.build/Objects-normal/x86_64/aes_cipher.gcno
        -:    0:Data:./DerivedData/theciphers/Build/Intermediates/theciphers.build/Debug/unit_tests.build/Objects-normal/x86_64/aes_cipher.gcda
        -:    0:Runs:1
        -:    0:Programs:1
        -:    1:// -*- C++ -*-
        -:    2://===--------------------------- string -----------------------------------===//
        -:    3://
        -:    4://                     The LLVM Compiler Infrastructure
        -:    5://
        -:    6:// This file is distributed under the University of Illinois Open Source
        -:    7:// License. See LICENSE.TXT for details.
        -:    8://
        -:    9://===----------------------------------------------------------------------===//
        -:   10:
        -:   11:#ifndef _LIBCPP_STRING
        -:   12:#define _LIBCPP_STRING
        -:   13:
        -:   14:/*
        -:   15:    string synopsis
        -:   16:
        -:   17:namespace std
        -:   18:{
        -:   19:
        -:   20:template <class stateT>
        -:   21:class fpos
        -:   22:{
        -:   23:private:
        -:   24:    stateT st;
        -:   25:public:
        -:   26:    fpos(streamoff = streamoff());
        -:   27:
        -:   28:    operator streamoff() const;
        -:   29:
        -:   30:    stateT state() const;
        -:   31:    void state(stateT);
        -:   32:
        -:   33:    fpos& operator+=(streamoff);
        -:   34:    fpos  operator+ (streamoff) const;
        -:   35:    fpos& operator-=(streamoff);
        -:   36:    fpos  operator- (streamoff) const;
        -:   37:};
        -:   38:
        -:   39:template <class stateT> streamoff operator-(const fpos<stateT>& x, const fpos<stateT>& y);
        -:   40:
        -:   41:template <class stateT> bool operator==(const fpos<stateT>& x, const fpos<stateT>& y);
        -:   42:template <class stateT> bool operator!=(const fpos<stateT>& x, const fpos<stateT>& y);
        -:   43:
        -:   44:template <class charT>
        -:   45:struct char_traits
        -:   46:{
        -:   47:    typedef charT     char_type;
        -:   48:    typedef ...       int_type;
        -:   49:    typedef streamoff off_type;
        -:   50:    typedef streampos pos_type;
        -:   51:    typedef mbstate_t state_type;
        -:   52:
        -:   53:    static void assign(char_type& c1, const char_type& c2) noexcept;
        -:   54:    static constexpr bool eq(char_type c1, char_type c2) noexcept;
        -:   55:    static constexpr bool lt(char_type c1, char_type c2) noexcept;
        -:   56:
        -:   57:    static int              compare(const char_type* s1, const char_type* s2, size_t n);
        -:   58:    static size_t           length(const char_type* s);
        -:   59:    static const char_type* find(const char_type* s, size_t n, const char_type& a);
        -:   60:    static char_type*       move(char_type* s1, const char_type* s2, size_t n);
        -:   61:    static char_type*       copy(char_type* s1, const char_type* s2, size_t n);
        -:   62:    static char_type*       assign(char_type* s, size_t n, char_type a);
        -:   63:
        -:   64:    static constexpr int_type  not_eof(int_type c) noexcept;
        -:   65:    static constexpr char_type to_char_type(int_type c) noexcept;
        -:   66:    static constexpr int_type  to_int_type(char_type c) noexcept;
        -:   67:    static constexpr bool      eq_int_type(int_type c1, int_type c2) noexcept;
        -:   68:    static constexpr int_type  eof() noexcept;
        -:   69:};
        -:   70:
        -:   71:template <> struct char_traits<char>;
        -:   72:template <> struct char_traits<wchar_t>;
        -:   73:
        -:   74:template<class charT, class traits = char_traits<charT>, class Allocator = allocator<charT> >
        -:   75:class basic_string
        -:   76:{
        -:   77:public:
        -:   78:// types:
        -:   79:    typedef traits traits_type;
        -:   80:    typedef typename traits_type::char_type value_type;
        -:   81:    typedef Allocator allocator_type;
        -:   82:    typedef typename allocator_type::size_type size_type;
        -:   83:    typedef typename allocator_type::difference_type difference_type;
        -:   84:    typedef typename allocator_type::reference reference;
        -:   85:    typedef typename allocator_type::const_reference const_reference;
        -:   86:    typedef typename allocator_type::pointer pointer;
        -:   87:    typedef typename allocator_type::const_pointer const_pointer;
        -:   88:    typedef implementation-defined iterator;
        -:   89:    typedef implementation-defined const_iterator;
        -:   90:    typedef std::reverse_iterator<iterator> reverse_iterator;
        -:   91:    typedef std::reverse_iterator<const_iterator> const_reverse_iterator;
        -:   92:
        -:   93:    static const size_type npos = -1;
        -:   94:
        -:   95:    basic_string()
        -:   96:        noexcept(is_nothrow_default_constructible<allocator_type>::value);
        -:   97:    explicit basic_string(const allocator_type& a);
        -:   98:    basic_string(const basic_string& str);
        -:   99:    basic_string(basic_string&& str)
        -:  100:        noexcept(is_nothrow_move_constructible<allocator_type>::value);
        -:  101:    basic_string(const basic_string& str, size_type pos, size_type n = npos,
        -:  102:                 const allocator_type& a = allocator_type());
        -:  103:    basic_string(const value_type* s, const allocator_type& a = allocator_type());
        -:  104:    basic_string(const value_type* s, size_type n, const allocator_type& a = allocator_type());
        -:  105:    basic_string(size_type n, value_type c, const allocator_type& a = allocator_type());
        -:  106:    template<class InputIterator>
        -:  107:        basic_string(InputIterator begin, InputIterator end,
        -:  108:                     const allocator_type& a = allocator_type());
        -:  109:    basic_string(initializer_list<value_type>, const Allocator& = Allocator());
        -:  110:    basic_string(const basic_string&, const Allocator&);
        -:  111:    basic_string(basic_string&&, const Allocator&);
        -:  112:
        -:  113:    ~basic_string();
        -:  114:
        -:  115:    basic_string& operator=(const basic_string& str);
        -:  116:    basic_string& operator=(basic_string&& str)
        -:  117:        noexcept(
        -:  118:             allocator_type::propagate_on_container_move_assignment::value &&
        -:  119:             is_nothrow_move_assignable<allocator_type>::value);
        -:  120:    basic_string& operator=(const value_type* s);
        -:  121:    basic_string& operator=(value_type c);
        -:  122:    basic_string& operator=(initializer_list<value_type>);
        -:  123:
        -:  124:    iterator       begin() noexcept;
        -:  125:    const_iterator begin() const noexcept;
        -:  126:    iterator       end() noexcept;
        -:  127:    const_iterator end() const noexcept;
        -:  128:
        -:  129:    reverse_iterator       rbegin() noexcept;
        -:  130:    const_reverse_iterator rbegin() const noexcept;
        -:  131:    reverse_iterator       rend() noexcept;
        -:  132:    const_reverse_iterator rend() const noexcept;
        -:  133:
        -:  134:    const_iterator         cbegin() const noexcept;
        -:  135:    const_iterator         cend() const noexcept;
        -:  136:    const_reverse_iterator crbegin() const noexcept;
        -:  137:    const_reverse_iterator crend() const noexcept;
        -:  138:
        -:  139:    size_type size() const noexcept;
        -:  140:    size_type length() const noexcept;
        -:  141:    size_type max_size() const noexcept;
        -:  142:    size_type capacity() const noexcept;
        -:  143:
        -:  144:    void resize(size_type n, value_type c);
        -:  145:    void resize(size_type n);
        -:  146:
        -:  147:    void reserve(size_type res_arg = 0);
        -:  148:    void shrink_to_fit();
        -:  149:    void clear() noexcept;
        -:  150:    bool empty() const noexcept;
        -:  151:
        -:  152:    const_reference operator[](size_type pos) const;
        -:  153:    reference       operator[](size_type pos);
        -:  154:
        -:  155:    const_reference at(size_type n) const;
        -:  156:    reference       at(size_type n);
        -:  157:
        -:  158:    basic_string& operator+=(const basic_string& str);
        -:  159:    basic_string& operator+=(const value_type* s);
        -:  160:    basic_string& operator+=(value_type c);
        -:  161:    basic_string& operator+=(initializer_list<value_type>);
        -:  162:
        -:  163:    basic_string& append(const basic_string& str);
        -:  164:    basic_string& append(const basic_string& str, size_type pos, size_type n);
        -:  165:    basic_string& append(const value_type* s, size_type n);
        -:  166:    basic_string& append(const value_type* s);
        -:  167:    basic_string& append(size_type n, value_type c);
        -:  168:    template<class InputIterator>
        -:  169:        basic_string& append(InputIterator first, InputIterator last);
        -:  170:    basic_string& append(initializer_list<value_type>);
        -:  171:
        -:  172:    void push_back(value_type c);
        -:  173:    void pop_back();
        -:  174:    reference       front();
        -:  175:    const_reference front() const;
        -:  176:    reference       back();
        -:  177:    const_reference back() const;
        -:  178:
        -:  179:    basic_string& assign(const basic_string& str);
        -:  180:    basic_string& assign(basic_string&& str);
        -:  181:    basic_string& assign(const basic_string& str, size_type pos, size_type n);
        -:  182:    basic_string& assign(const value_type* s, size_type n);
        -:  183:    basic_string& assign(const value_type* s);
        -:  184:    basic_string& assign(size_type n, value_type c);
        -:  185:    template<class InputIterator>
        -:  186:        basic_string& assign(InputIterator first, InputIterator last);
        -:  187:    basic_string& assign(initializer_list<value_type>);
        -:  188:
        -:  189:    basic_string& insert(size_type pos1, const basic_string& str);
        -:  190:    basic_string& insert(size_type pos1, const basic_string& str,
        -:  191:                         size_type pos2, size_type n);
        -:  192:    basic_string& insert(size_type pos, const value_type* s, size_type n);
        -:  193:    basic_string& insert(size_type pos, const value_type* s);
        -:  194:    basic_string& insert(size_type pos, size_type n, value_type c);
        -:  195:    iterator      insert(const_iterator p, value_type c);
        -:  196:    iterator      insert(const_iterator p, size_type n, value_type c);
        -:  197:    template<class InputIterator>
        -:  198:        iterator insert(const_iterator p, InputIterator first, InputIterator last);
        -:  199:    iterator      insert(const_iterator p, initializer_list<value_type>);
        -:  200:
        -:  201:    basic_string& erase(size_type pos = 0, size_type n = npos);
        -:  202:    iterator      erase(const_iterator position);
        -:  203:    iterator      erase(const_iterator first, const_iterator last);
        -:  204:
        -:  205:    basic_string& replace(size_type pos1, size_type n1, const basic_string& str);
        -:  206:    basic_string& replace(size_type pos1, size_type n1, const basic_string& str,
        -:  207:                          size_type pos2, size_type n2);
        -:  208:    basic_string& replace(size_type pos, size_type n1, const value_type* s, size_type n2);
        -:  209:    basic_string& replace(size_type pos, size_type n1, const value_type* s);
        -:  210:    basic_string& replace(size_type pos, size_type n1, size_type n2, value_type c);
        -:  211:    basic_string& replace(const_iterator i1, const_iterator i2, const basic_string& str);
        -:  212:    basic_string& replace(const_iterator i1, const_iterator i2, const value_type* s, size_type n);
        -:  213:    basic_string& replace(const_iterator i1, const_iterator i2, const value_type* s);
        -:  214:    basic_string& replace(const_iterator i1, const_iterator i2, size_type n, value_type c);
        -:  215:    template<class InputIterator>
        -:  216:        basic_string& replace(const_iterator i1, const_iterator i2, InputIterator j1, InputIterator j2);
        -:  217:    basic_string& replace(const_iterator i1, const_iterator i2, initializer_list<value_type>);
        -:  218:
        -:  219:    size_type copy(value_type* s, size_type n, size_type pos = 0) const;
        -:  220:    basic_string substr(size_type pos = 0, size_type n = npos) const;
        -:  221:
        -:  222:    void swap(basic_string& str)
        -:  223:        noexcept(!allocator_type::propagate_on_container_swap::value ||
        -:  224:                 __is_nothrow_swappable<allocator_type>::value)
        -:  225:
        -:  226:    const value_type* c_str() const noexcept;
        -:  227:    const value_type* data() const noexcept;
        -:  228:
        -:  229:    allocator_type get_allocator() const noexcept;
        -:  230:
        -:  231:    size_type find(const basic_string& str, size_type pos = 0) const noexcept;
        -:  232:    size_type find(const value_type* s, size_type pos, size_type n) const noexcept;
        -:  233:    size_type find(const value_type* s, size_type pos = 0) const noexcept;
        -:  234:    size_type find(value_type c, size_type pos = 0) const noexcept;
        -:  235:
        -:  236:    size_type rfind(const basic_string& str, size_type pos = npos) const noexcept;
        -:  237:    size_type rfind(const value_type* s, size_type pos, size_type n) const noexcept;
        -:  238:    size_type rfind(const value_type* s, size_type pos = npos) const noexcept;
        -:  239:    size_type rfind(value_type c, size_type pos = npos) const noexcept;
        -:  240:
        -:  241:    size_type find_first_of(const basic_string& str, size_type pos = 0) const noexcept;
        -:  242:    size_type find_first_of(const value_type* s, size_type pos, size_type n) const noexcept;
        -:  243:    size_type find_first_of(const value_type* s, size_type pos = 0) const noexcept;
        -:  244:    size_type find_first_of(value_type c, size_type pos = 0) const noexcept;
        -:  245:
        -:  246:    size_type find_last_of(const basic_string& str, size_type pos = npos) const noexcept;
        -:  247:    size_type find_last_of(const value_type* s, size_type pos, size_type n) const noexcept;
        -:  248:    size_type find_last_of(const value_type* s, size_type pos = npos) const noexcept;
        -:  249:    size_type find_last_of(value_type c, size_type pos = npos) const noexcept;
        -:  250:
        -:  251:    size_type find_first_not_of(const basic_string& str, size_type pos = 0) const noexcept;
        -:  252:    size_type find_first_not_of(const value_type* s, size_type pos, size_type n) const noexcept;
        -:  253:    size_type find_first_not_of(const value_type* s, size_type pos = 0) const noexcept;
        -:  254:    size_type find_first_not_of(value_type c, size_type pos = 0) const noexcept;
        -:  255:
        -:  256:    size_type find_last_not_of(const basic_string& str, size_type pos = npos) const noexcept;
        -:  257:    size_type find_last_not_of(const value_type* s, size_type pos, size_type n) const noexcept;
        -:  258:    size_type find_last_not_of(const value_type* s, size_type pos = npos) const noexcept;
        -:  259:    size_type find_last_not_of(value_type c, size_type pos = npos) const noexcept;
        -:  260:
        -:  261:    int compare(const basic_string& str) const noexcept;
        -:  262:    int compare(size_type pos1, size_type n1, const basic_string& str) const;
        -:  263:    int compare(size_type pos1, size_type n1, const basic_string& str,
        -:  264:                size_type pos2, size_type n2) const;
        -:  265:    int compare(const value_type* s) const noexcept;
        -:  266:    int compare(size_type pos1, size_type n1, const value_type* s) const;
        -:  267:    int compare(size_type pos1, size_type n1, const value_type* s, size_type n2) const;
        -:  268:
        -:  269:    bool __invariants() const;
        -:  270:};
        -:  271:
        -:  272:template<class charT, class traits, class Allocator>
        -:  273:basic_string<charT, traits, Allocator>
        -:  274:operator+(const basic_string<charT, traits, Allocator>& lhs,
        -:  275:          const basic_string<charT, traits, Allocator>& rhs);
        -:  276:
        -:  277:template<class charT, class traits, class Allocator>
        -:  278:basic_string<charT, traits, Allocator>
        -:  279:operator+(const charT* lhs , const basic_string<charT,traits,Allocator>&rhs);
        -:  280:
        -:  281:template<class charT, class traits, class Allocator>
        -:  282:basic_string<charT, traits, Allocator>
        -:  283:operator+(charT lhs, const basic_string<charT,traits,Allocator>& rhs);
        -:  284:
        -:  285:template<class charT, class traits, class Allocator>
        -:  286:basic_string<charT, traits, Allocator>
        -:  287:operator+(const basic_string<charT, traits, Allocator>& lhs, const charT* rhs);
        -:  288:
        -:  289:template<class charT, class traits, class Allocator>
        -:  290:basic_string<charT, traits, Allocator>
        -:  291:operator+(const basic_string<charT, traits, Allocator>& lhs, charT rhs);
        -:  292:
        -:  293:template<class charT, class traits, class Allocator>
        -:  294:bool operator==(const basic_string<charT, traits, Allocator>& lhs,
        -:  295:                const basic_string<charT, traits, Allocator>& rhs) noexcept;
        -:  296:
        -:  297:template<class charT, class traits, class Allocator>
        -:  298:bool operator==(const charT* lhs, const basic_string<charT, traits, Allocator>& rhs) noexcept;
        -:  299:
        -:  300:template<class charT, class traits, class Allocator>
        -:  301:bool operator==(const basic_string<charT,traits,Allocator>& lhs, const charT* rhs) noexcept;
        -:  302:
        -:  303:template<class charT, class traits, class Allocator>
        -:  304:bool operator!=(const basic_string<charT,traits,Allocator>& lhs,
        -:  305:                const basic_string<charT, traits, Allocator>& rhs) noexcept;
        -:  306:
        -:  307:template<class charT, class traits, class Allocator>
        -:  308:bool operator!=(const charT* lhs, const basic_string<charT, traits, Allocator>& rhs) noexcept;
        -:  309:
        -:  310:template<class charT, class traits, class Allocator>
        -:  311:bool operator!=(const basic_string<charT, traits, Allocator>& lhs, const charT* rhs) noexcept;
        -:  312:
        -:  313:template<class charT, class traits, class Allocator>
        -:  314:bool operator< (const basic_string<charT, traits, Allocator>& lhs,
        -:  315:                const basic_string<charT, traits, Allocator>& rhs) noexcept;
        -:  316:
        -:  317:template<class charT, class traits, class Allocator>
        -:  318:bool operator< (const basic_string<charT, traits, Allocator>& lhs, const charT* rhs) noexcept;
        -:  319:
        -:  320:template<class charT, class traits, class Allocator>
        -:  321:bool operator< (const charT* lhs, const basic_string<charT, traits, Allocator>& rhs) noexcept;
        -:  322:
        -:  323:template<class charT, class traits, class Allocator>
        -:  324:bool operator> (const basic_string<charT, traits, Allocator>& lhs,
        -:  325:                const basic_string<charT, traits, Allocator>& rhs) noexcept;
        -:  326:
        -:  327:template<class charT, class traits, class Allocator>
        -:  328:bool operator> (const basic_string<charT, traits, Allocator>& lhs, const charT* rhs) noexcept;
        -:  329:
        -:  330:template<class charT, class traits, class Allocator>
        -:  331:bool operator> (const charT* lhs, const basic_string<charT, traits, Allocator>& rhs) noexcept;
        -:  332:
        -:  333:template<class charT, class traits, class Allocator>
        -:  334:bool operator<=(const basic_string<charT, traits, Allocator>& lhs,
        -:  335:                const basic_string<charT, traits, Allocator>& rhs) noexcept;
        -:  336:
        -:  337:template<class charT, class traits, class Allocator>
        -:  338:bool operator<=(const basic_string<charT, traits, Allocator>& lhs, const charT* rhs) noexcept;
        -:  339:
        -:  340:template<class charT, class traits, class Allocator>
        -:  341:bool operator<=(const charT* lhs, const basic_string<charT, traits, Allocator>& rhs) noexcept;
        -:  342:
        -:  343:template<class charT, class traits, class Allocator>
        -:  344:bool operator>=(const basic_string<charT, traits, Allocator>& lhs,
        -:  345:                const basic_string<charT, traits, Allocator>& rhs) noexcept;
        -:  346:
        -:  347:template<class charT, class traits, class Allocator>
        -:  348:bool operator>=(const basic_string<charT, traits, Allocator>& lhs, const charT* rhs) noexcept;
        -:  349:
        -:  350:template<class charT, class traits, class Allocator>
        -:  351:bool operator>=(const charT* lhs, const basic_string<charT, traits, Allocator>& rhs) noexcept;
        -:  352:
        -:  353:template<class charT, class traits, class Allocator>
        -:  354:void swap(basic_string<charT, traits, Allocator>& lhs,
        -:  355:          basic_string<charT, traits, Allocator>& rhs)
        -:  356:            noexcept(noexcept(lhs.swap(rhs)));
        -:  357:
        -:  358:template<class charT, class traits, class Allocator>
        -:  359:basic_istream<charT, traits>&
        -:  360:operator>>(basic_istream<charT, traits>& is, basic_string<charT, traits, Allocator>& str);
        -:  361:
        -:  362:template<class charT, class traits, class Allocator>
        -:  363:basic_ostream<charT, traits>&
        -:  364:operator<<(basic_ostream<charT, traits>& os, const basic_string<charT, traits, Allocator>& str);
        -:  365:
        -:  366:template<class charT, class traits, class Allocator>
        -:  367:basic_istream<charT, traits>&
        -:  368:getline(basic_istream<charT, traits>& is, basic_string<charT, traits, Allocator>& str,
        -:  369:        charT delim);
        -:  370:
        -:  371:template<class charT, class traits, class Allocator>
        -:  372:basic_istream<charT, traits>&
        -:  373:getline(basic_istream<charT, traits>& is, basic_string<charT, traits, Allocator>& str);
        -:  374:
        -:  375:typedef basic_string<char>    string;
        -:  376:typedef basic_string<wchar_t> wstring;
        -:  377:typedef basic_string<char16_t> u16string;
        -:  378:typedef basic_string<char32_t> u32string;
        -:  379:
        -:  380:int                stoi  (const string& str, size_t* idx = 0, int base = 10);
        -:  381:long               stol  (const string& str, size_t* idx = 0, int base = 10);
        -:  382:unsigned long      stoul (const string& str, size_t* idx = 0, int base = 10);
        -:  383:long long          stoll (const string& str, size_t* idx = 0, int base = 10);
        -:  384:unsigned long long stoull(const string& str, size_t* idx = 0, int base = 10);
        -:  385:
        -:  386:float       stof (const string& str, size_t* idx = 0);
        -:  387:double      stod (const string& str, size_t* idx = 0);
        -:  388:long double stold(const string& str, size_t* idx = 0);
        -:  389:
        -:  390:string to_string(int val);
        -:  391:string to_string(unsigned val);
        -:  392:string to_string(long val);
        -:  393:string to_string(unsigned long val);
        -:  394:string to_string(long long val);
        -:  395:string to_string(unsigned long long val);
        -:  396:string to_string(float val);
        -:  397:string to_string(double val);
        -:  398:string to_string(long double val);
        -:  399:
        -:  400:int                stoi  (const wstring& str, size_t* idx = 0, int base = 10);
        -:  401:long               stol  (const wstring& str, size_t* idx = 0, int base = 10);
        -:  402:unsigned long      stoul (const wstring& str, size_t* idx = 0, int base = 10);
        -:  403:long long          stoll (const wstring& str, size_t* idx = 0, int base = 10);
        -:  404:unsigned long long stoull(const wstring& str, size_t* idx = 0, int base = 10);
        -:  405:
        -:  406:float       stof (const wstring& str, size_t* idx = 0);
        -:  407:double      stod (const wstring& str, size_t* idx = 0);
        -:  408:long double stold(const wstring& str, size_t* idx = 0);
        -:  409:
        -:  410:wstring to_wstring(int val);
        -:  411:wstring to_wstring(unsigned val);
        -:  412:wstring to_wstring(long val);
        -:  413:wstring to_wstring(unsigned long val);
        -:  414:wstring to_wstring(long long val);
        -:  415:wstring to_wstring(unsigned long long val);
        -:  416:wstring to_wstring(float val);
        -:  417:wstring to_wstring(double val);
        -:  418:wstring to_wstring(long double val);
        -:  419:
        -:  420:template <> struct hash<string>;
        -:  421:template <> struct hash<u16string>;
        -:  422:template <> struct hash<u32string>;
        -:  423:template <> struct hash<wstring>;
        -:  424:
        -:  425:basic_string<char>     operator "" s( const char *str,     size_t len ); // C++14
        -:  426:basic_string<wchar_t>  operator "" s( const wchar_t *str,  size_t len ); // C++14
        -:  427:basic_string<char16_t> operator "" s( const char16_t *str, size_t len ); // C++14
        -:  428:basic_string<char32_t> operator "" s( const char32_t *str, size_t len ); // C++14
        -:  429:
        -:  430:}  // std
        -:  431:
        -:  432:*/
        -:  433:
        -:  434:#include <__config>
        -:  435:#include <iosfwd>
        -:  436:#include <cstring>
        -:  437:#include <cstdio>  // For EOF.
        -:  438:#include <cwchar>
        -:  439:#include <algorithm>
        -:  440:#include <iterator>
        -:  441:#include <utility>
        -:  442:#include <memory>
        -:  443:#include <stdexcept>
        -:  444:#include <type_traits>
        -:  445:#include <initializer_list>
        -:  446:#include <__functional_base>
        -:  447:#ifndef _LIBCPP_HAS_NO_UNICODE_CHARS
        -:  448:#include <cstdint>
        -:  449:#endif
        -:  450:#if defined(_LIBCPP_NO_EXCEPTIONS)
        -:  451:#include <cassert>
        -:  452:#endif
        -:  453:
        -:  454:#include <__undef_min_max>
        -:  455:
        -:  456:#if !defined(_LIBCPP_HAS_NO_PRAGMA_SYSTEM_HEADER)
        -:  457:#pragma GCC system_header
        -:  458:#endif
        -:  459:
        -:  460:_LIBCPP_BEGIN_NAMESPACE_STD
        -:  461:
        -:  462:// fpos
        -:  463:
        -:  464:template <class _StateT>
        -:  465:class _LIBCPP_TYPE_VIS_ONLY fpos
        -:  466:{
        -:  467:private:
        -:  468:    _StateT __st_;
        -:  469:    streamoff __off_;
        -:  470:public:
        -:  471:    _LIBCPP_INLINE_VISIBILITY fpos(streamoff __off = streamoff()) : __st_(), __off_(__off) {}
        -:  472:
        -:  473:    _LIBCPP_INLINE_VISIBILITY operator streamoff() const {return __off_;}
        -:  474:
        -:  475:    _LIBCPP_INLINE_VISIBILITY _StateT state() const {return __st_;}
        -:  476:    _LIBCPP_INLINE_VISIBILITY void state(_StateT __st) {__st_ = __st;}
        -:  477:
        -:  478:    _LIBCPP_INLINE_VISIBILITY fpos& operator+=(streamoff __off) {__off_ += __off; return *this;}
        -:  479:    _LIBCPP_INLINE_VISIBILITY fpos  operator+ (streamoff __off) const {fpos __t(*this); __t += __off; return __t;}
        -:  480:    _LIBCPP_INLINE_VISIBILITY fpos& operator-=(streamoff __off) {__off_ -= __off; return *this;}
        -:  481:    _LIBCPP_INLINE_VISIBILITY fpos  operator- (streamoff __off) const {fpos __t(*this); __t -= __off; return __t;}
        -:  482:};
        -:  483:
        -:  484:template <class _StateT>
        -:  485:inline _LIBCPP_INLINE_VISIBILITY
        -:  486:streamoff operator-(const fpos<_StateT>& __x, const fpos<_StateT>& __y)
        -:  487:    {return streamoff(__x) - streamoff(__y);}
        -:  488:
        -:  489:template <class _StateT>
        -:  490:inline _LIBCPP_INLINE_VISIBILITY
        -:  491:bool operator==(const fpos<_StateT>& __x, const fpos<_StateT>& __y)
        -:  492:    {return streamoff(__x) == streamoff(__y);}
        -:  493:
        -:  494:template <class _StateT>
        -:  495:inline _LIBCPP_INLINE_VISIBILITY
        -:  496:bool operator!=(const fpos<_StateT>& __x, const fpos<_StateT>& __y)
        -:  497:    {return streamoff(__x) != streamoff(__y);}
        -:  498:
        -:  499:// char_traits
        -:  500:
        -:  501:template <class _CharT>
        -:  502:struct _LIBCPP_TYPE_VIS_ONLY char_traits
        -:  503:{
        -:  504:    typedef _CharT    char_type;
        -:  505:    typedef int       int_type;
        -:  506:    typedef streamoff off_type;
        -:  507:    typedef streampos pos_type;
        -:  508:    typedef mbstate_t state_type;
        -:  509:
        -:  510:    _LIBCPP_INLINE_VISIBILITY
        -:  511:    static void assign(char_type& __c1, const char_type& __c2) _NOEXCEPT
        -:  512:        {__c1 = __c2;}
        -:  513:    _LIBCPP_INLINE_VISIBILITY
        -:  514:    static _LIBCPP_CONSTEXPR bool eq(char_type __c1, char_type __c2) _NOEXCEPT
        -:  515:        {return __c1 == __c2;}
        -:  516:    _LIBCPP_INLINE_VISIBILITY
        -:  517:    static _LIBCPP_CONSTEXPR bool lt(char_type __c1, char_type __c2) _NOEXCEPT
        -:  518:        {return __c1 < __c2;}
        -:  519:
        -:  520:    static int              compare(const char_type* __s1, const char_type* __s2, size_t __n);
        -:  521:    static size_t           length(const char_type* __s);
        -:  522:    static const char_type* find(const char_type* __s, size_t __n, const char_type& __a);
        -:  523:    static char_type*       move(char_type* __s1, const char_type* __s2, size_t __n);
        -:  524:    static char_type*       copy(char_type* __s1, const char_type* __s2, size_t __n);
        -:  525:    static char_type*       assign(char_type* __s, size_t __n, char_type __a);
        -:  526:
        -:  527:    _LIBCPP_INLINE_VISIBILITY
        -:  528:    static _LIBCPP_CONSTEXPR int_type  not_eof(int_type __c) _NOEXCEPT
        -:  529:        {return eq_int_type(__c, eof()) ? ~eof() : __c;}
        -:  530:    _LIBCPP_INLINE_VISIBILITY
        -:  531:    static _LIBCPP_CONSTEXPR char_type to_char_type(int_type __c) _NOEXCEPT
        -:  532:        {return char_type(__c);}
        -:  533:    _LIBCPP_INLINE_VISIBILITY
        -:  534:    static _LIBCPP_CONSTEXPR int_type  to_int_type(char_type __c) _NOEXCEPT
        -:  535:        {return int_type(__c);}
        -:  536:    _LIBCPP_INLINE_VISIBILITY
        -:  537:    static _LIBCPP_CONSTEXPR bool      eq_int_type(int_type __c1, int_type __c2) _NOEXCEPT
        -:  538:        {return __c1 == __c2;}
        -:  539:    _LIBCPP_INLINE_VISIBILITY
        -:  540:    static _LIBCPP_CONSTEXPR int_type  eof() _NOEXCEPT
        -:  541:        {return int_type(EOF);}
        -:  542:};
        -:  543:
        -:  544:template <class _CharT>
        -:  545:int
        -:  546:char_traits<_CharT>::compare(const char_type* __s1, const char_type* __s2, size_t __n)
        -:  547:{
        -:  548:    for (; __n; --__n, ++__s1, ++__s2)
        -:  549:    {
        -:  550:        if (lt(*__s1, *__s2))
        -:  551:            return -1;
        -:  552:        if (lt(*__s2, *__s1))
        -:  553:            return 1;
        -:  554:    }
        -:  555:    return 0;
        -:  556:}
        -:  557:
        -:  558:template <class _CharT>
        -:  559:inline _LIBCPP_INLINE_VISIBILITY
        -:  560:size_t
        -:  561:char_traits<_CharT>::length(const char_type* __s)
        -:  562:{
        -:  563:    size_t __len = 0;
        -:  564:    for (; !eq(*__s, char_type(0)); ++__s)
        -:  565:        ++__len;
        -:  566:    return __len;
        -:  567:}
        -:  568:
        -:  569:template <class _CharT>
        -:  570:inline _LIBCPP_INLINE_VISIBILITY
        -:  571:const _CharT*
        -:  572:char_traits<_CharT>::find(const char_type* __s, size_t __n, const char_type& __a)
        -:  573:{
        -:  574:    for (; __n; --__n)
        -:  575:    {
        -:  576:        if (eq(*__s, __a))
        -:  577:            return __s;
        -:  578:        ++__s;
        -:  579:    }
        -:  580:    return 0;
        -:  581:}
        -:  582:
        -:  583:template <class _CharT>
        -:  584:_CharT*
        -:  585:char_traits<_CharT>::move(char_type* __s1, const char_type* __s2, size_t __n)
        -:  586:{
        -:  587:    char_type* __r = __s1;
        -:  588:    if (__s1 < __s2)
        -:  589:    {
        -:  590:        for (; __n; --__n, ++__s1, ++__s2)
        -:  591:            assign(*__s1, *__s2);
        -:  592:    }
        -:  593:    else if (__s2 < __s1)
        -:  594:    {
        -:  595:        __s1 += __n;
        -:  596:        __s2 += __n;
        -:  597:        for (; __n; --__n)
        -:  598:            assign(*--__s1, *--__s2);
        -:  599:    }
        -:  600:    return __r;
        -:  601:}
        -:  602:
        -:  603:template <class _CharT>
        -:  604:inline _LIBCPP_INLINE_VISIBILITY
        -:  605:_CharT*
        -:  606:char_traits<_CharT>::copy(char_type* __s1, const char_type* __s2, size_t __n)
        -:  607:{
        -:  608:    _LIBCPP_ASSERT(__s2 < __s1 || __s2 >= __s1+__n, "char_traits::copy overlapped range");
        -:  609:    char_type* __r = __s1;
        -:  610:    for (; __n; --__n, ++__s1, ++__s2)
        -:  611:        assign(*__s1, *__s2);
        -:  612:    return __r;
        -:  613:}
        -:  614:
        -:  615:template <class _CharT>
        -:  616:inline _LIBCPP_INLINE_VISIBILITY
        -:  617:_CharT*
        -:  618:char_traits<_CharT>::assign(char_type* __s, size_t __n, char_type __a)
        -:  619:{
        -:  620:    char_type* __r = __s;
        -:  621:    for (; __n; --__n, ++__s)
        -:  622:        assign(*__s, __a);
        -:  623:    return __r;
        -:  624:}
        -:  625:
        -:  626:// char_traits<char>
        -:  627:
        -:  628:template <>
        -:  629:struct _LIBCPP_TYPE_VIS_ONLY char_traits<char>
        -:  630:{
        -:  631:    typedef char      char_type;
        -:  632:    typedef int       int_type;
        -:  633:    typedef streamoff off_type;
        -:  634:    typedef streampos pos_type;
        -:  635:    typedef mbstate_t state_type;
        -:  636:
        -:  637:    _LIBCPP_INLINE_VISIBILITY
        -:  638:    static void assign(char_type& __c1, const char_type& __c2) _NOEXCEPT
        -:  639:        {__c1 = __c2;}
        -:  640:    _LIBCPP_INLINE_VISIBILITY
        -:  641:    static _LIBCPP_CONSTEXPR bool eq(char_type __c1, char_type __c2) _NOEXCEPT
        -:  642:            {return __c1 == __c2;}
        -:  643:    _LIBCPP_INLINE_VISIBILITY
        -:  644:    static _LIBCPP_CONSTEXPR bool lt(char_type __c1, char_type __c2) _NOEXCEPT
        -:  645:        {return (unsigned char)__c1 < (unsigned char)__c2;}
        -:  646:
        -:  647:    _LIBCPP_INLINE_VISIBILITY
        -:  648:    static int compare(const char_type* __s1, const char_type* __s2, size_t __n)
        -:  649:        {return memcmp(__s1, __s2, __n);}
        -:  650:    _LIBCPP_INLINE_VISIBILITY
        -:  651:    static size_t length(const char_type* __s) {return strlen(__s);}
        -:  652:    _LIBCPP_INLINE_VISIBILITY
        -:  653:    static const char_type* find(const char_type* __s, size_t __n, const char_type& __a)
        -:  654:        {return (const char_type*)memchr(__s, to_int_type(__a), __n);}
        -:  655:    _LIBCPP_INLINE_VISIBILITY
        -:  656:    static char_type* move(char_type* __s1, const char_type* __s2, size_t __n)
        -:  657:        {return (char_type*)memmove(__s1, __s2, __n);}
        -:  658:    _LIBCPP_INLINE_VISIBILITY
        -:  659:    static char_type* copy(char_type* __s1, const char_type* __s2, size_t __n)
        -:  660:        {
        -:  661:            _LIBCPP_ASSERT(__s2 < __s1 || __s2 >= __s1+__n, "char_traits::copy overlapped range");
        -:  662:            return (char_type*)memcpy(__s1, __s2, __n);
        -:  663:        }
        -:  664:    _LIBCPP_INLINE_VISIBILITY
        -:  665:    static char_type* assign(char_type* __s, size_t __n, char_type __a)
        -:  666:        {return (char_type*)memset(__s, to_int_type(__a), __n);}
        -:  667:
        -:  668:    _LIBCPP_INLINE_VISIBILITY
        -:  669:    static _LIBCPP_CONSTEXPR int_type  not_eof(int_type __c) _NOEXCEPT
        -:  670:        {return eq_int_type(__c, eof()) ? ~eof() : __c;}
        -:  671:    _LIBCPP_INLINE_VISIBILITY
        -:  672:    static _LIBCPP_CONSTEXPR char_type to_char_type(int_type __c) _NOEXCEPT
        -:  673:        {return char_type(__c);}
        -:  674:    _LIBCPP_INLINE_VISIBILITY
        -:  675:    static _LIBCPP_CONSTEXPR int_type to_int_type(char_type __c) _NOEXCEPT
        -:  676:        {return int_type((unsigned char)__c);}
        -:  677:    _LIBCPP_INLINE_VISIBILITY
        -:  678:    static _LIBCPP_CONSTEXPR bool eq_int_type(int_type __c1, int_type __c2) _NOEXCEPT
        -:  679:        {return __c1 == __c2;}
        -:  680:    _LIBCPP_INLINE_VISIBILITY
        -:  681:    static _LIBCPP_CONSTEXPR int_type  eof() _NOEXCEPT
        -:  682:        {return int_type(EOF);}
        -:  683:};
        -:  684:
        -:  685:// char_traits<wchar_t>
        -:  686:
        -:  687:template <>
        -:  688:struct _LIBCPP_TYPE_VIS_ONLY char_traits<wchar_t>
        -:  689:{
        -:  690:    typedef wchar_t   char_type;
        -:  691:    typedef wint_t    int_type;
        -:  692:    typedef streamoff off_type;
        -:  693:    typedef streampos pos_type;
        -:  694:    typedef mbstate_t state_type;
        -:  695:
        -:  696:    _LIBCPP_INLINE_VISIBILITY
        -:  697:    static void assign(char_type& __c1, const char_type& __c2) _NOEXCEPT
        -:  698:        {__c1 = __c2;}
        -:  699:    _LIBCPP_INLINE_VISIBILITY
        -:  700:    static _LIBCPP_CONSTEXPR bool eq(char_type __c1, char_type __c2) _NOEXCEPT
        -:  701:        {return __c1 == __c2;}
        -:  702:    _LIBCPP_INLINE_VISIBILITY
        -:  703:    static _LIBCPP_CONSTEXPR bool lt(char_type __c1, char_type __c2) _NOEXCEPT
        -:  704:        {return __c1 < __c2;}
        -:  705:
        -:  706:    _LIBCPP_INLINE_VISIBILITY
        -:  707:    static int compare(const char_type* __s1, const char_type* __s2, size_t __n)
        -:  708:        {return wmemcmp(__s1, __s2, __n);}
        -:  709:    _LIBCPP_INLINE_VISIBILITY
        -:  710:    static size_t length(const char_type* __s)
        -:  711:        {return wcslen(__s);}
        -:  712:    _LIBCPP_INLINE_VISIBILITY
        -:  713:    static const char_type* find(const char_type* __s, size_t __n, const char_type& __a)
        -:  714:        {return (const char_type*)wmemchr(__s, __a, __n);}
        -:  715:    _LIBCPP_INLINE_VISIBILITY
        -:  716:    static char_type* move(char_type* __s1, const char_type* __s2, size_t __n)
        -:  717:        {return (char_type*)wmemmove(__s1, __s2, __n);}
        -:  718:    _LIBCPP_INLINE_VISIBILITY
        -:  719:    static char_type* copy(char_type* __s1, const char_type* __s2, size_t __n)
        -:  720:        {
        -:  721:            _LIBCPP_ASSERT(__s2 < __s1 || __s2 >= __s1+__n, "char_traits::copy overlapped range");
        -:  722:            return (char_type*)wmemcpy(__s1, __s2, __n);
        -:  723:        }
        -:  724:    _LIBCPP_INLINE_VISIBILITY
        -:  725:    static char_type* assign(char_type* __s, size_t __n, char_type __a)
        -:  726:        {return (char_type*)wmemset(__s, __a, __n);}
        -:  727:
        -:  728:    _LIBCPP_INLINE_VISIBILITY
        -:  729:    static _LIBCPP_CONSTEXPR int_type  not_eof(int_type __c) _NOEXCEPT
        -:  730:        {return eq_int_type(__c, eof()) ? ~eof() : __c;}
        -:  731:    _LIBCPP_INLINE_VISIBILITY
        -:  732:    static _LIBCPP_CONSTEXPR char_type to_char_type(int_type __c) _NOEXCEPT
        -:  733:        {return char_type(__c);}
        -:  734:    _LIBCPP_INLINE_VISIBILITY
        -:  735:    static _LIBCPP_CONSTEXPR int_type to_int_type(char_type __c) _NOEXCEPT
        -:  736:        {return int_type(__c);}
        -:  737:    _LIBCPP_INLINE_VISIBILITY
        -:  738:    static _LIBCPP_CONSTEXPR bool eq_int_type(int_type __c1, int_type __c2) _NOEXCEPT
        -:  739:        {return __c1 == __c2;}
        -:  740:    _LIBCPP_INLINE_VISIBILITY
        -:  741:    static _LIBCPP_CONSTEXPR int_type eof() _NOEXCEPT
        -:  742:        {return int_type(WEOF);}
        -:  743:};
        -:  744:
        -:  745:#ifndef _LIBCPP_HAS_NO_UNICODE_CHARS
        -:  746:
        -:  747:template <>
        -:  748:struct _LIBCPP_TYPE_VIS_ONLY char_traits<char16_t>
        -:  749:{
        -:  750:    typedef char16_t       char_type;
        -:  751:    typedef uint_least16_t int_type;
        -:  752:    typedef streamoff      off_type;
        -:  753:    typedef u16streampos   pos_type;
        -:  754:    typedef mbstate_t      state_type;
        -:  755:
        -:  756:    _LIBCPP_INLINE_VISIBILITY
        -:  757:    static void assign(char_type& __c1, const char_type& __c2) _NOEXCEPT
        -:  758:        {__c1 = __c2;}
        -:  759:    _LIBCPP_INLINE_VISIBILITY
        -:  760:    static _LIBCPP_CONSTEXPR bool eq(char_type __c1, char_type __c2) _NOEXCEPT
        -:  761:        {return __c1 == __c2;}
        -:  762:    _LIBCPP_INLINE_VISIBILITY
        -:  763:    static _LIBCPP_CONSTEXPR bool lt(char_type __c1, char_type __c2) _NOEXCEPT
        -:  764:        {return __c1 < __c2;}
        -:  765:
        -:  766:    static int              compare(const char_type* __s1, const char_type* __s2, size_t __n);
        -:  767:    static size_t           length(const char_type* __s);
        -:  768:    static const char_type* find(const char_type* __s, size_t __n, const char_type& __a);
        -:  769:    static char_type*       move(char_type* __s1, const char_type* __s2, size_t __n);
        -:  770:    static char_type*       copy(char_type* __s1, const char_type* __s2, size_t __n);
        -:  771:    static char_type*       assign(char_type* __s, size_t __n, char_type __a);
        -:  772:
        -:  773:    _LIBCPP_INLINE_VISIBILITY
        -:  774:    static _LIBCPP_CONSTEXPR int_type  not_eof(int_type __c) _NOEXCEPT
        -:  775:        {return eq_int_type(__c, eof()) ? ~eof() : __c;}
        -:  776:    _LIBCPP_INLINE_VISIBILITY
        -:  777:    static _LIBCPP_CONSTEXPR char_type to_char_type(int_type __c) _NOEXCEPT
        -:  778:        {return char_type(__c);}
        -:  779:    _LIBCPP_INLINE_VISIBILITY
        -:  780:    static _LIBCPP_CONSTEXPR int_type to_int_type(char_type __c) _NOEXCEPT
        -:  781:        {return int_type(__c);}
        -:  782:    _LIBCPP_INLINE_VISIBILITY
        -:  783:    static _LIBCPP_CONSTEXPR bool eq_int_type(int_type __c1, int_type __c2) _NOEXCEPT
        -:  784:        {return __c1 == __c2;}
        -:  785:    _LIBCPP_INLINE_VISIBILITY
        -:  786:    static _LIBCPP_CONSTEXPR int_type eof() _NOEXCEPT
        -:  787:        {return int_type(0xDFFF);}
        -:  788:};
        -:  789:
        -:  790:inline _LIBCPP_INLINE_VISIBILITY
        -:  791:int
        -:  792:char_traits<char16_t>::compare(const char_type* __s1, const char_type* __s2, size_t __n)
        -:  793:{
        -:  794:    for (; __n; --__n, ++__s1, ++__s2)
        -:  795:    {
        -:  796:        if (lt(*__s1, *__s2))
        -:  797:            return -1;
        -:  798:        if (lt(*__s2, *__s1))
        -:  799:            return 1;
        -:  800:    }
        -:  801:    return 0;
        -:  802:}
        -:  803:
        -:  804:inline _LIBCPP_INLINE_VISIBILITY
        -:  805:size_t
        -:  806:char_traits<char16_t>::length(const char_type* __s)
        -:  807:{
        -:  808:    size_t __len = 0;
        -:  809:    for (; !eq(*__s, char_type(0)); ++__s)
        -:  810:        ++__len;
        -:  811:    return __len;
        -:  812:}
        -:  813:
        -:  814:inline _LIBCPP_INLINE_VISIBILITY
        -:  815:const char16_t*
        -:  816:char_traits<char16_t>::find(const char_type* __s, size_t __n, const char_type& __a)
        -:  817:{
        -:  818:    for (; __n; --__n)
        -:  819:    {
        -:  820:        if (eq(*__s, __a))
        -:  821:            return __s;
        -:  822:        ++__s;
        -:  823:    }
        -:  824:    return 0;
        -:  825:}
        -:  826:
        -:  827:inline _LIBCPP_INLINE_VISIBILITY
        -:  828:char16_t*
        -:  829:char_traits<char16_t>::move(char_type* __s1, const char_type* __s2, size_t __n)
        -:  830:{
        -:  831:    char_type* __r = __s1;
        -:  832:    if (__s1 < __s2)
        -:  833:    {
        -:  834:        for (; __n; --__n, ++__s1, ++__s2)
        -:  835:            assign(*__s1, *__s2);
        -:  836:    }
        -:  837:    else if (__s2 < __s1)
        -:  838:    {
        -:  839:        __s1 += __n;
        -:  840:        __s2 += __n;
        -:  841:        for (; __n; --__n)
        -:  842:            assign(*--__s1, *--__s2);
        -:  843:    }
        -:  844:    return __r;
        -:  845:}
        -:  846:
        -:  847:inline _LIBCPP_INLINE_VISIBILITY
        -:  848:char16_t*
        -:  849:char_traits<char16_t>::copy(char_type* __s1, const char_type* __s2, size_t __n)
        -:  850:{
        -:  851:    _LIBCPP_ASSERT(__s2 < __s1 || __s2 >= __s1+__n, "char_traits::copy overlapped range");
        -:  852:    char_type* __r = __s1;
        -:  853:    for (; __n; --__n, ++__s1, ++__s2)
        -:  854:        assign(*__s1, *__s2);
        -:  855:    return __r;
        -:  856:}
        -:  857:
        -:  858:inline _LIBCPP_INLINE_VISIBILITY
        -:  859:char16_t*
        -:  860:char_traits<char16_t>::assign(char_type* __s, size_t __n, char_type __a)
        -:  861:{
        -:  862:    char_type* __r = __s;
        -:  863:    for (; __n; --__n, ++__s)
        -:  864:        assign(*__s, __a);
        -:  865:    return __r;
        -:  866:}
        -:  867:
        -:  868:template <>
        -:  869:struct _LIBCPP_TYPE_VIS_ONLY char_traits<char32_t>
        -:  870:{
        -:  871:    typedef char32_t       char_type;
        -:  872:    typedef uint_least32_t int_type;
        -:  873:    typedef streamoff      off_type;
        -:  874:    typedef u32streampos   pos_type;
        -:  875:    typedef mbstate_t      state_type;
        -:  876:
        -:  877:    _LIBCPP_INLINE_VISIBILITY
        -:  878:    static void assign(char_type& __c1, const char_type& __c2) _NOEXCEPT
        -:  879:        {__c1 = __c2;}
        -:  880:    _LIBCPP_INLINE_VISIBILITY
        -:  881:    static _LIBCPP_CONSTEXPR bool eq(char_type __c1, char_type __c2) _NOEXCEPT
        -:  882:        {return __c1 == __c2;}
        -:  883:    _LIBCPP_INLINE_VISIBILITY
        -:  884:    static _LIBCPP_CONSTEXPR bool lt(char_type __c1, char_type __c2) _NOEXCEPT
        -:  885:        {return __c1 < __c2;}
        -:  886:
        -:  887:    static int              compare(const char_type* __s1, const char_type* __s2, size_t __n);
        -:  888:    static size_t           length(const char_type* __s);
        -:  889:    static const char_type* find(const char_type* __s, size_t __n, const char_type& __a);
        -:  890:    static char_type*       move(char_type* __s1, const char_type* __s2, size_t __n);
        -:  891:    static char_type*       copy(char_type* __s1, const char_type* __s2, size_t __n);
        -:  892:    static char_type*       assign(char_type* __s, size_t __n, char_type __a);
        -:  893:
        -:  894:    _LIBCPP_INLINE_VISIBILITY
        -:  895:    static _LIBCPP_CONSTEXPR int_type  not_eof(int_type __c) _NOEXCEPT
        -:  896:        {return eq_int_type(__c, eof()) ? ~eof() : __c;}
        -:  897:    _LIBCPP_INLINE_VISIBILITY
        -:  898:    static _LIBCPP_CONSTEXPR char_type to_char_type(int_type __c) _NOEXCEPT
        -:  899:        {return char_type(__c);}
        -:  900:    _LIBCPP_INLINE_VISIBILITY
        -:  901:    static _LIBCPP_CONSTEXPR int_type to_int_type(char_type __c) _NOEXCEPT
        -:  902:        {return int_type(__c);}
        -:  903:    _LIBCPP_INLINE_VISIBILITY
        -:  904:    static _LIBCPP_CONSTEXPR bool eq_int_type(int_type __c1, int_type __c2) _NOEXCEPT
        -:  905:        {return __c1 == __c2;}
        -:  906:    _LIBCPP_INLINE_VISIBILITY
        -:  907:    static _LIBCPP_CONSTEXPR int_type eof() _NOEXCEPT
        -:  908:        {return int_type(0xFFFFFFFF);}
        -:  909:};
        -:  910:
        -:  911:inline _LIBCPP_INLINE_VISIBILITY
        -:  912:int
        -:  913:char_traits<char32_t>::compare(const char_type* __s1, const char_type* __s2, size_t __n)
        -:  914:{
        -:  915:    for (; __n; --__n, ++__s1, ++__s2)
        -:  916:    {
        -:  917:        if (lt(*__s1, *__s2))
        -:  918:            return -1;
        -:  919:        if (lt(*__s2, *__s1))
        -:  920:            return 1;
        -:  921:    }
        -:  922:    return 0;
        -:  923:}
        -:  924:
        -:  925:inline _LIBCPP_INLINE_VISIBILITY
        -:  926:size_t
        -:  927:char_traits<char32_t>::length(const char_type* __s)
        -:  928:{
        -:  929:    size_t __len = 0;
        -:  930:    for (; !eq(*__s, char_type(0)); ++__s)
        -:  931:        ++__len;
        -:  932:    return __len;
        -:  933:}
        -:  934:
        -:  935:inline _LIBCPP_INLINE_VISIBILITY
        -:  936:const char32_t*
        -:  937:char_traits<char32_t>::find(const char_type* __s, size_t __n, const char_type& __a)
        -:  938:{
        -:  939:    for (; __n; --__n)
        -:  940:    {
        -:  941:        if (eq(*__s, __a))
        -:  942:            return __s;
        -:  943:        ++__s;
        -:  944:    }
        -:  945:    return 0;
        -:  946:}
        -:  947:
        -:  948:inline _LIBCPP_INLINE_VISIBILITY
        -:  949:char32_t*
        -:  950:char_traits<char32_t>::move(char_type* __s1, const char_type* __s2, size_t __n)
        -:  951:{
        -:  952:    char_type* __r = __s1;
        -:  953:    if (__s1 < __s2)
        -:  954:    {
        -:  955:        for (; __n; --__n, ++__s1, ++__s2)
        -:  956:            assign(*__s1, *__s2);
        -:  957:    }
        -:  958:    else if (__s2 < __s1)
        -:  959:    {
        -:  960:        __s1 += __n;
        -:  961:        __s2 += __n;
        -:  962:        for (; __n; --__n)
        -:  963:            assign(*--__s1, *--__s2);
        -:  964:    }
        -:  965:    return __r;
        -:  966:}
        -:  967:
        -:  968:inline _LIBCPP_INLINE_VISIBILITY
        -:  969:char32_t*
        -:  970:char_traits<char32_t>::copy(char_type* __s1, const char_type* __s2, size_t __n)
        -:  971:{
        -:  972:    _LIBCPP_ASSERT(__s2 < __s1 || __s2 >= __s1+__n, "char_traits::copy overlapped range");
        -:  973:    char_type* __r = __s1;
        -:  974:    for (; __n; --__n, ++__s1, ++__s2)
        -:  975:        assign(*__s1, *__s2);
        -:  976:    return __r;
        -:  977:}
        -:  978:
        -:  979:inline _LIBCPP_INLINE_VISIBILITY
        -:  980:char32_t*
        -:  981:char_traits<char32_t>::assign(char_type* __s, size_t __n, char_type __a)
        -:  982:{
        -:  983:    char_type* __r = __s;
        -:  984:    for (; __n; --__n, ++__s)
        -:  985:        assign(*__s, __a);
        -:  986:    return __r;
        -:  987:}
        -:  988:
        -:  989:#endif  // _LIBCPP_HAS_NO_UNICODE_CHARS
        -:  990:
        -:  991:// basic_string
        -:  992:
        -:  993:template<class _CharT, class _Traits, class _Allocator>
        -:  994:basic_string<_CharT, _Traits, _Allocator>
        -:  995:operator+(const basic_string<_CharT, _Traits, _Allocator>& __x,
        -:  996:          const basic_string<_CharT, _Traits, _Allocator>& __y);
        -:  997:
        -:  998:template<class _CharT, class _Traits, class _Allocator>
        -:  999:basic_string<_CharT, _Traits, _Allocator>
        -: 1000:operator+(const _CharT* __x, const basic_string<_CharT,_Traits,_Allocator>& __y);
        -: 1001:
        -: 1002:template<class _CharT, class _Traits, class _Allocator>
        -: 1003:basic_string<_CharT, _Traits, _Allocator>
        -: 1004:operator+(_CharT __x, const basic_string<_CharT,_Traits,_Allocator>& __y);
        -: 1005:
        -: 1006:template<class _CharT, class _Traits, class _Allocator>
        -: 1007:basic_string<_CharT, _Traits, _Allocator>
        -: 1008:operator+(const basic_string<_CharT, _Traits, _Allocator>& __x, const _CharT* __y);
        -: 1009:
        -: 1010:template<class _CharT, class _Traits, class _Allocator>
        -: 1011:basic_string<_CharT, _Traits, _Allocator>
        -: 1012:operator+(const basic_string<_CharT, _Traits, _Allocator>& __x, _CharT __y);
        -: 1013:
        -: 1014:template <bool>
        -: 1015:class _LIBCPP_TYPE_VIS_ONLY __basic_string_common
        -: 1016:{
        -: 1017:protected:
        -: 1018:    void __throw_length_error() const;
        -: 1019:    void __throw_out_of_range() const;
        -: 1020:};
        -: 1021:
        -: 1022:template <bool __b>
        -: 1023:void
        -: 1024:__basic_string_common<__b>::__throw_length_error() const
        -: 1025:{
        -: 1026:#ifndef _LIBCPP_NO_EXCEPTIONS
        -: 1027:    throw length_error("basic_string");
        -: 1028:#else
        -: 1029:    assert(!"basic_string length_error");
        -: 1030:#endif
        -: 1031:}
        -: 1032:
        -: 1033:template <bool __b>
        -: 1034:void
        -: 1035:__basic_string_common<__b>::__throw_out_of_range() const
        -: 1036:{
        -: 1037:#ifndef _LIBCPP_NO_EXCEPTIONS
        -: 1038:    throw out_of_range("basic_string");
        -: 1039:#else
        -: 1040:    assert(!"basic_string out_of_range");
        -: 1041:#endif
        -: 1042:}
        -: 1043:
        -: 1044:#ifdef _LIBCPP_MSVC
        -: 1045:#pragma warning( push )
        -: 1046:#pragma warning( disable: 4231 )
        -: 1047:#endif // _LIBCPP_MSVC
        -: 1048:_LIBCPP_EXTERN_TEMPLATE(class _LIBCPP_TYPE_VIS __basic_string_common<true>)
        -: 1049:#ifdef _LIBCPP_MSVC
        -: 1050:#pragma warning( pop )
        -: 1051:#endif // _LIBCPP_MSVC
        -: 1052:
        -: 1053:#ifdef _LIBCPP_ALTERNATE_STRING_LAYOUT
        -: 1054:
        -: 1055:template <class _CharT, size_t = sizeof(_CharT)>
        -: 1056:struct __padding
        -: 1057:{
        -: 1058:    unsigned char __xx[sizeof(_CharT)-1];
        -: 1059:};
        -: 1060:
        -: 1061:template <class _CharT>
        -: 1062:struct __padding<_CharT, 1>
        -: 1063:{
        -: 1064:};
        -: 1065:
        -: 1066:#endif  // _LIBCPP_ALTERNATE_STRING_LAYOUT
        -: 1067:
        -: 1068:template<class _CharT, class _Traits, class _Allocator>
        -: 1069:class _LIBCPP_TYPE_VIS_ONLY basic_string
        -: 1070:    : private __basic_string_common<true>
        -: 1071:{
        -: 1072:public:
        -: 1073:    typedef basic_string                                 __self;
        -: 1074:    typedef _Traits                                      traits_type;
        -: 1075:    typedef typename traits_type::char_type              value_type;
        -: 1076:    typedef _Allocator                                   allocator_type;
        -: 1077:    typedef allocator_traits<allocator_type>             __alloc_traits;
        -: 1078:    typedef typename __alloc_traits::size_type           size_type;
        -: 1079:    typedef typename __alloc_traits::difference_type     difference_type;
        -: 1080:    typedef value_type&                                  reference;
        -: 1081:    typedef const value_type&                            const_reference;
        -: 1082:    typedef typename __alloc_traits::pointer             pointer;
        -: 1083:    typedef typename __alloc_traits::const_pointer       const_pointer;
        -: 1084:
        -: 1085:    static_assert(is_pod<value_type>::value, "Character type of basic_string must be a POD");
        -: 1086:    static_assert((is_same<_CharT, value_type>::value),
        -: 1087:                  "traits_type::char_type must be the same type as CharT");
        -: 1088:    static_assert((is_same<typename allocator_type::value_type, value_type>::value),
        -: 1089:                  "Allocator::value_type must be same type as value_type");
        -: 1090:#if defined(_LIBCPP_RAW_ITERATORS)
        -: 1091:    typedef pointer                                      iterator;
        -: 1092:    typedef const_pointer                                const_iterator;
        -: 1093:#else  // defined(_LIBCPP_RAW_ITERATORS)
        -: 1094:    typedef __wrap_iter<pointer>                         iterator;
        -: 1095:    typedef __wrap_iter<const_pointer>                   const_iterator;
        -: 1096:#endif  // defined(_LIBCPP_RAW_ITERATORS)
        -: 1097:    typedef _VSTD::reverse_iterator<iterator>             reverse_iterator;
        -: 1098:    typedef _VSTD::reverse_iterator<const_iterator>       const_reverse_iterator;
        -: 1099:
        -: 1100:private:
        -: 1101:
        -: 1102:#ifdef _LIBCPP_ALTERNATE_STRING_LAYOUT
        -: 1103:
        -: 1104:    struct __long
        -: 1105:    {
        -: 1106:        pointer   __data_;
        -: 1107:        size_type __size_;
        -: 1108:        size_type __cap_;
        -: 1109:    };
        -: 1110:
        -: 1111:#if _LIBCPP_BIG_ENDIAN
        -: 1112:    enum {__short_mask = 0x01};
        -: 1113:    enum {__long_mask  = 0x1ul};
        -: 1114:#else  // _LIBCPP_BIG_ENDIAN
        -: 1115:    enum {__short_mask = 0x80};
        -: 1116:    enum {__long_mask  = ~(size_type(~0) >> 1)};
        -: 1117:#endif  // _LIBCPP_BIG_ENDIAN
        -: 1118:
        -: 1119:    enum {__min_cap = (sizeof(__long) - 1)/sizeof(value_type) > 2 ?
        -: 1120:                      (sizeof(__long) - 1)/sizeof(value_type) : 2};
        -: 1121:
        -: 1122:    struct __short
        -: 1123:    {
        -: 1124:        value_type __data_[__min_cap];
        -: 1125:        struct
        -: 1126:            : __padding<value_type>
        -: 1127:        {
        -: 1128:            unsigned char __size_;
        -: 1129:        };
        -: 1130:    };
        -: 1131:
        -: 1132:#else
        -: 1133:
        -: 1134:    struct __long
        -: 1135:    {
        -: 1136:        size_type __cap_;
        -: 1137:        size_type __size_;
        -: 1138:        pointer   __data_;
        -: 1139:    };
        -: 1140:
        -: 1141:#if _LIBCPP_BIG_ENDIAN
        -: 1142:    enum {__short_mask = 0x80};
        -: 1143:    enum {__long_mask  = ~(size_type(~0) >> 1)};
        -: 1144:#else  // _LIBCPP_BIG_ENDIAN
        -: 1145:    enum {__short_mask = 0x01};
        -: 1146:    enum {__long_mask  = 0x1ul};
        -: 1147:#endif  // _LIBCPP_BIG_ENDIAN
        -: 1148:
        -: 1149:    enum {__min_cap = (sizeof(__long) - 1)/sizeof(value_type) > 2 ?
        -: 1150:                      (sizeof(__long) - 1)/sizeof(value_type) : 2};
        -: 1151:
        -: 1152:    struct __short
        -: 1153:    {
        -: 1154:        union
        -: 1155:        {
        -: 1156:            unsigned char __size_;
        -: 1157:            value_type __lx;
        -: 1158:        };
        -: 1159:        value_type __data_[__min_cap];
        -: 1160:    };
        -: 1161:
        -: 1162:#endif  // _LIBCPP_ALTERNATE_STRING_LAYOUT
        -: 1163:
        -: 1164:    union __ulx{__long __lx; __short __lxx;};
        -: 1165:
        -: 1166:    enum {__n_words = sizeof(__ulx) / sizeof(size_type)};
        -: 1167:
        -: 1168:    struct __raw
        -: 1169:    {
        -: 1170:        size_type __words[__n_words];
        -: 1171:    };
        -: 1172:
        -: 1173:    struct __rep
        -: 1174:    {
        -: 1175:        union
        -: 1176:        {
        -: 1177:            __long  __l;
        -: 1178:            __short __s;
        -: 1179:            __raw   __r;
        -: 1180:        };
        -: 1181:    };
        -: 1182:
        -: 1183:    __compressed_pair<__rep, allocator_type> __r_;
        -: 1184:
        -: 1185:public:
        -: 1186:    static const size_type npos = -1;
        -: 1187:
        -: 1188:    _LIBCPP_INLINE_VISIBILITY basic_string()
        -: 1189:        _NOEXCEPT_(is_nothrow_default_constructible<allocator_type>::value);
        -: 1190:    _LIBCPP_INLINE_VISIBILITY explicit basic_string(const allocator_type& __a);
        -: 1191:    basic_string(const basic_string& __str);
        -: 1192:    basic_string(const basic_string& __str, const allocator_type& __a);
        -: 1193:#ifndef _LIBCPP_HAS_NO_RVALUE_REFERENCES
        -: 1194:    _LIBCPP_INLINE_VISIBILITY
        -: 1195:    basic_string(basic_string&& __str)
        -: 1196:        _NOEXCEPT_(is_nothrow_move_constructible<allocator_type>::value);
        -: 1197:    _LIBCPP_INLINE_VISIBILITY
        -: 1198:    basic_string(basic_string&& __str, const allocator_type& __a);
        -: 1199:#endif  // _LIBCPP_HAS_NO_RVALUE_REFERENCES
        -: 1200:    _LIBCPP_INLINE_VISIBILITY basic_string(const value_type* __s);
        -: 1201:    _LIBCPP_INLINE_VISIBILITY
        -: 1202:    basic_string(const value_type* __s, const allocator_type& __a);
        -: 1203:    _LIBCPP_INLINE_VISIBILITY
        -: 1204:    basic_string(const value_type* __s, size_type __n);
        -: 1205:    _LIBCPP_INLINE_VISIBILITY
        -: 1206:    basic_string(const value_type* __s, size_type __n, const allocator_type& __a);
        -: 1207:    _LIBCPP_INLINE_VISIBILITY
        -: 1208:    basic_string(size_type __n, value_type __c);
        -: 1209:    _LIBCPP_INLINE_VISIBILITY
        -: 1210:    basic_string(size_type __n, value_type __c, const allocator_type& __a);
        -: 1211:    basic_string(const basic_string& __str, size_type __pos, size_type __n = npos,
        -: 1212:                 const allocator_type& __a = allocator_type());
        -: 1213:    template<class _InputIterator>
        -: 1214:        _LIBCPP_INLINE_VISIBILITY
        -: 1215:        basic_string(_InputIterator __first, _InputIterator __last);
        -: 1216:    template<class _InputIterator>
        -: 1217:        _LIBCPP_INLINE_VISIBILITY
        -: 1218:        basic_string(_InputIterator __first, _InputIterator __last, const allocator_type& __a);
        -: 1219:#ifndef _LIBCPP_HAS_NO_GENERALIZED_INITIALIZERS
        -: 1220:    _LIBCPP_INLINE_VISIBILITY
        -: 1221:    basic_string(initializer_list<value_type> __il);
        -: 1222:    _LIBCPP_INLINE_VISIBILITY
        -: 1223:    basic_string(initializer_list<value_type> __il, const allocator_type& __a);
        -: 1224:#endif  // _LIBCPP_HAS_NO_GENERALIZED_INITIALIZERS
        -: 1225:
        -: 1226:    ~basic_string();
        -: 1227:
        -: 1228:    basic_string& operator=(const basic_string& __str);
        -: 1229:#ifndef _LIBCPP_HAS_NO_RVALUE_REFERENCES
        -: 1230:    _LIBCPP_INLINE_VISIBILITY
        -: 1231:    basic_string& operator=(basic_string&& __str)
        -: 1232:        _NOEXCEPT_(__alloc_traits::propagate_on_container_move_assignment::value &&
        -: 1233:                   is_nothrow_move_assignable<allocator_type>::value);
        -: 1234:#endif
        -: 1235:    _LIBCPP_INLINE_VISIBILITY basic_string& operator=(const value_type* __s) {return assign(__s);}
        -: 1236:    basic_string& operator=(value_type __c);
        -: 1237:#ifndef _LIBCPP_HAS_NO_GENERALIZED_INITIALIZERS
        -: 1238:    _LIBCPP_INLINE_VISIBILITY
        -: 1239:    basic_string& operator=(initializer_list<value_type> __il) {return assign(__il.begin(), __il.size());}
        -: 1240:#endif  // _LIBCPP_HAS_NO_GENERALIZED_INITIALIZERS
        -: 1241:
        -: 1242:#if _LIBCPP_DEBUG_LEVEL >= 2
        -: 1243:    _LIBCPP_INLINE_VISIBILITY
        -: 1244:    iterator begin() _NOEXCEPT
        -: 1245:        {return iterator(this, __get_pointer());}
        -: 1246:    _LIBCPP_INLINE_VISIBILITY
        -: 1247:    const_iterator begin() const _NOEXCEPT
        -: 1248:        {return const_iterator(this, __get_pointer());}
        -: 1249:    _LIBCPP_INLINE_VISIBILITY
        -: 1250:    iterator end() _NOEXCEPT
        -: 1251:        {return iterator(this, __get_pointer() + size());}
        -: 1252:    _LIBCPP_INLINE_VISIBILITY
        -: 1253:    const_iterator end() const _NOEXCEPT
        -: 1254:        {return const_iterator(this, __get_pointer() + size());}
        -: 1255:#else
        -: 1256:    _LIBCPP_INLINE_VISIBILITY
        -: 1257:    iterator begin() _NOEXCEPT
        -: 1258:        {return iterator(__get_pointer());}
        -: 1259:    _LIBCPP_INLINE_VISIBILITY
        -: 1260:    const_iterator begin() const _NOEXCEPT
        -: 1261:        {return const_iterator(__get_pointer());}
        -: 1262:    _LIBCPP_INLINE_VISIBILITY
        -: 1263:    iterator end() _NOEXCEPT
        -: 1264:        {return iterator(__get_pointer() + size());}
        -: 1265:    _LIBCPP_INLINE_VISIBILITY
        -: 1266:    const_iterator end() const _NOEXCEPT
        -: 1267:        {return const_iterator(__get_pointer() + size());}
        -: 1268:#endif  // _LIBCPP_DEBUG_LEVEL >= 2
        -: 1269:    _LIBCPP_INLINE_VISIBILITY
        -: 1270:    reverse_iterator rbegin() _NOEXCEPT
        -: 1271:        {return reverse_iterator(end());}
        -: 1272:    _LIBCPP_INLINE_VISIBILITY
        -: 1273:    const_reverse_iterator rbegin() const _NOEXCEPT
        -: 1274:        {return const_reverse_iterator(end());}
        -: 1275:    _LIBCPP_INLINE_VISIBILITY
        -: 1276:    reverse_iterator rend() _NOEXCEPT
        -: 1277:        {return reverse_iterator(begin());}
        -: 1278:    _LIBCPP_INLINE_VISIBILITY
        -: 1279:    const_reverse_iterator rend() const _NOEXCEPT
        -: 1280:        {return const_reverse_iterator(begin());}
        -: 1281:
        -: 1282:    _LIBCPP_INLINE_VISIBILITY
        -: 1283:    const_iterator cbegin() const _NOEXCEPT
        -: 1284:        {return begin();}
        -: 1285:    _LIBCPP_INLINE_VISIBILITY
        -: 1286:    const_iterator cend() const _NOEXCEPT
        -: 1287:        {return end();}
        -: 1288:    _LIBCPP_INLINE_VISIBILITY
        -: 1289:    const_reverse_iterator crbegin() const _NOEXCEPT
        -: 1290:        {return rbegin();}
        -: 1291:    _LIBCPP_INLINE_VISIBILITY
        -: 1292:    const_reverse_iterator crend() const _NOEXCEPT
        -: 1293:        {return rend();}
        -: 1294:
        -: 1295:    _LIBCPP_INLINE_VISIBILITY size_type size() const _NOEXCEPT
        -: 1296:        {return __is_long() ? __get_long_size() : __get_short_size();}
        -: 1297:    _LIBCPP_INLINE_VISIBILITY size_type length() const _NOEXCEPT {return size();}
        -: 1298:    _LIBCPP_INLINE_VISIBILITY size_type max_size() const _NOEXCEPT;
        -: 1299:    _LIBCPP_INLINE_VISIBILITY size_type capacity() const _NOEXCEPT
        -: 1300:        {return (__is_long() ? __get_long_cap() : __min_cap) - 1;}
        -: 1301:
        -: 1302:    void resize(size_type __n, value_type __c);
        -: 1303:    _LIBCPP_INLINE_VISIBILITY void resize(size_type __n) {resize(__n, value_type());}
        -: 1304:
        -: 1305:    void reserve(size_type res_arg = 0);
        -: 1306:    _LIBCPP_INLINE_VISIBILITY
        -: 1307:    void shrink_to_fit() _NOEXCEPT {reserve();}
        -: 1308:    _LIBCPP_INLINE_VISIBILITY
        -: 1309:    void clear() _NOEXCEPT;
        -: 1310:    _LIBCPP_INLINE_VISIBILITY bool empty() const _NOEXCEPT {return size() == 0;}
        -: 1311:
        -: 1312:    _LIBCPP_INLINE_VISIBILITY const_reference operator[](size_type __pos) const;
        -: 1313:    _LIBCPP_INLINE_VISIBILITY reference       operator[](size_type __pos);
        -: 1314:
        -: 1315:    const_reference at(size_type __n) const;
        -: 1316:    reference       at(size_type __n);
        -: 1317:
        -: 1318:    _LIBCPP_INLINE_VISIBILITY basic_string& operator+=(const basic_string& __str) {return append(__str);}
        -: 1319:    _LIBCPP_INLINE_VISIBILITY basic_string& operator+=(const value_type* __s)         {return append(__s);}
        -: 1320:    _LIBCPP_INLINE_VISIBILITY basic_string& operator+=(value_type __c)            {push_back(__c); return *this;}
        -: 1321:#ifndef _LIBCPP_HAS_NO_GENERALIZED_INITIALIZERS
        -: 1322:    _LIBCPP_INLINE_VISIBILITY basic_string& operator+=(initializer_list<value_type> __il) {return append(__il);}
        -: 1323:#endif  // _LIBCPP_HAS_NO_GENERALIZED_INITIALIZERS
        -: 1324:
        -: 1325:    _LIBCPP_INLINE_VISIBILITY
        -: 1326:    basic_string& append(const basic_string& __str);
        -: 1327:    basic_string& append(const basic_string& __str, size_type __pos, size_type __n);
        -: 1328:    basic_string& append(const value_type* __s, size_type __n);
        -: 1329:    basic_string& append(const value_type* __s);
        -: 1330:    basic_string& append(size_type __n, value_type __c);
        -: 1331:    template<class _InputIterator>
        -: 1332:        typename enable_if
        -: 1333:        <
        -: 1334:             __is_input_iterator  <_InputIterator>::value &&
        -: 1335:            !__is_forward_iterator<_InputIterator>::value,
        -: 1336:            basic_string&
        -: 1337:        >::type
        -: 1338:        append(_InputIterator __first, _InputIterator __last);
        -: 1339:    template<class _ForwardIterator>
        -: 1340:        typename enable_if
        -: 1341:        <
        -: 1342:            __is_forward_iterator<_ForwardIterator>::value,
        -: 1343:            basic_string&
        -: 1344:        >::type
        -: 1345:        append(_ForwardIterator __first, _ForwardIterator __last);
        -: 1346:#ifndef _LIBCPP_HAS_NO_GENERALIZED_INITIALIZERS
        -: 1347:    _LIBCPP_INLINE_VISIBILITY
        -: 1348:    basic_string& append(initializer_list<value_type> __il) {return append(__il.begin(), __il.size());}
        -: 1349:#endif  // _LIBCPP_HAS_NO_GENERALIZED_INITIALIZERS
        -: 1350:
        -: 1351:    void push_back(value_type __c);
        -: 1352:    _LIBCPP_INLINE_VISIBILITY
        -: 1353:    void pop_back();
        -: 1354:    _LIBCPP_INLINE_VISIBILITY reference       front();
        -: 1355:    _LIBCPP_INLINE_VISIBILITY const_reference front() const;
        -: 1356:    _LIBCPP_INLINE_VISIBILITY reference       back();
        -: 1357:    _LIBCPP_INLINE_VISIBILITY const_reference back() const;
        -: 1358:
        -: 1359:    _LIBCPP_INLINE_VISIBILITY
        -: 1360:    basic_string& assign(const basic_string& __str);
        -: 1361:#ifndef _LIBCPP_HAS_NO_RVALUE_REFERENCES
        -: 1362:    _LIBCPP_INLINE_VISIBILITY
        -: 1363:    basic_string& assign(basic_string&& str)
        -: 1364:        {*this = _VSTD::move(str); return *this;}
        -: 1365:#endif
        -: 1366:    basic_string& assign(const basic_string& __str, size_type __pos, size_type __n);
        -: 1367:    basic_string& assign(const value_type* __s, size_type __n);
        -: 1368:    basic_string& assign(const value_type* __s);
        -: 1369:    basic_string& assign(size_type __n, value_type __c);
        -: 1370:    template<class _InputIterator>
        -: 1371:        typename enable_if
        -: 1372:        <
        -: 1373:             __is_input_iterator  <_InputIterator>::value &&
        -: 1374:            !__is_forward_iterator<_InputIterator>::value,
        -: 1375:            basic_string&
        -: 1376:        >::type
        -: 1377:        assign(_InputIterator __first, _InputIterator __last);
        -: 1378:    template<class _ForwardIterator>
        -: 1379:        typename enable_if
        -: 1380:        <
        -: 1381:            __is_forward_iterator<_ForwardIterator>::value,
        -: 1382:            basic_string&
        -: 1383:        >::type
        -: 1384:        assign(_ForwardIterator __first, _ForwardIterator __last);
        -: 1385:#ifndef _LIBCPP_HAS_NO_GENERALIZED_INITIALIZERS
        -: 1386:    _LIBCPP_INLINE_VISIBILITY
        -: 1387:    basic_string& assign(initializer_list<value_type> __il) {return assign(__il.begin(), __il.size());}
        -: 1388:#endif  // _LIBCPP_HAS_NO_GENERALIZED_INITIALIZERS
        -: 1389:
        -: 1390:    _LIBCPP_INLINE_VISIBILITY
        -: 1391:    basic_string& insert(size_type __pos1, const basic_string& __str);
        -: 1392:    basic_string& insert(size_type __pos1, const basic_string& __str, size_type __pos2, size_type __n);
        -: 1393:    basic_string& insert(size_type __pos, const value_type* __s, size_type __n);
        -: 1394:    basic_string& insert(size_type __pos, const value_type* __s);
        -: 1395:    basic_string& insert(size_type __pos, size_type __n, value_type __c);
        -: 1396:    iterator      insert(const_iterator __pos, value_type __c);
        -: 1397:    _LIBCPP_INLINE_VISIBILITY
        -: 1398:    iterator      insert(const_iterator __pos, size_type __n, value_type __c);
        -: 1399:    template<class _InputIterator>
        -: 1400:        typename enable_if
        -: 1401:        <
        -: 1402:             __is_input_iterator  <_InputIterator>::value &&
        -: 1403:            !__is_forward_iterator<_InputIterator>::value,
        -: 1404:            iterator
        -: 1405:        >::type
        -: 1406:        insert(const_iterator __pos, _InputIterator __first, _InputIterator __last);
        -: 1407:    template<class _ForwardIterator>
        -: 1408:        typename enable_if
        -: 1409:        <
        -: 1410:            __is_forward_iterator<_ForwardIterator>::value,
        -: 1411:            iterator
        -: 1412:        >::type
        -: 1413:        insert(const_iterator __pos, _ForwardIterator __first, _ForwardIterator __last);
        -: 1414:#ifndef _LIBCPP_HAS_NO_GENERALIZED_INITIALIZERS
        -: 1415:    _LIBCPP_INLINE_VISIBILITY
        -: 1416:    iterator insert(const_iterator __pos, initializer_list<value_type> __il)
        -: 1417:                    {return insert(__pos, __il.begin(), __il.end());}
        -: 1418:#endif  // _LIBCPP_HAS_NO_GENERALIZED_INITIALIZERS
        -: 1419:
        -: 1420:    basic_string& erase(size_type __pos = 0, size_type __n = npos);
        -: 1421:    _LIBCPP_INLINE_VISIBILITY
        -: 1422:    iterator      erase(const_iterator __pos);
        -: 1423:    _LIBCPP_INLINE_VISIBILITY
        -: 1424:    iterator      erase(const_iterator __first, const_iterator __last);
        -: 1425:
        -: 1426:    _LIBCPP_INLINE_VISIBILITY
        -: 1427:    basic_string& replace(size_type __pos1, size_type __n1, const basic_string& __str);
        -: 1428:    basic_string& replace(size_type __pos1, size_type __n1, const basic_string& __str, size_type __pos2, size_type __n2);
        -: 1429:    basic_string& replace(size_type __pos, size_type __n1, const value_type* __s, size_type __n2);
        -: 1430:    basic_string& replace(size_type __pos, size_type __n1, const value_type* __s);
        -: 1431:    basic_string& replace(size_type __pos, size_type __n1, size_type __n2, value_type __c);
        -: 1432:    _LIBCPP_INLINE_VISIBILITY
        -: 1433:    basic_string& replace(const_iterator __i1, const_iterator __i2, const basic_string& __str);
        -: 1434:    _LIBCPP_INLINE_VISIBILITY
        -: 1435:    basic_string& replace(const_iterator __i1, const_iterator __i2, const value_type* __s, size_type __n);
        -: 1436:    _LIBCPP_INLINE_VISIBILITY
        -: 1437:    basic_string& replace(const_iterator __i1, const_iterator __i2, const value_type* __s);
        -: 1438:    _LIBCPP_INLINE_VISIBILITY
        -: 1439:    basic_string& replace(const_iterator __i1, const_iterator __i2, size_type __n, value_type __c);
        -: 1440:    template<class _InputIterator>
        -: 1441:        typename enable_if
        -: 1442:        <
        -: 1443:            __is_input_iterator<_InputIterator>::value,
        -: 1444:            basic_string&
        -: 1445:        >::type
        -: 1446:        replace(const_iterator __i1, const_iterator __i2, _InputIterator __j1, _InputIterator __j2);
        -: 1447:#ifndef _LIBCPP_HAS_NO_GENERALIZED_INITIALIZERS
        -: 1448:    _LIBCPP_INLINE_VISIBILITY
        -: 1449:    basic_string& replace(const_iterator __i1, const_iterator __i2, initializer_list<value_type> __il)
        -: 1450:        {return replace(__i1, __i2, __il.begin(), __il.end());}
        -: 1451:#endif  // _LIBCPP_HAS_NO_GENERALIZED_INITIALIZERS
        -: 1452:
        -: 1453:    size_type copy(value_type* __s, size_type __n, size_type __pos = 0) const;
        -: 1454:    _LIBCPP_INLINE_VISIBILITY
        -: 1455:    basic_string substr(size_type __pos = 0, size_type __n = npos) const;
        -: 1456:
        -: 1457:    _LIBCPP_INLINE_VISIBILITY
        -: 1458:    void swap(basic_string& __str)
        -: 1459:        _NOEXCEPT_(!__alloc_traits::propagate_on_container_swap::value ||
        -: 1460:                   __is_nothrow_swappable<allocator_type>::value);
        -: 1461:
        -: 1462:    _LIBCPP_INLINE_VISIBILITY
    #####: 1463:    const value_type* c_str() const _NOEXCEPT {return data();}
        -: 1464:    _LIBCPP_INLINE_VISIBILITY
    #####: 1465:    const value_type* data() const _NOEXCEPT  {return _VSTD::__to_raw_pointer(__get_pointer());}
        -: 1466:
        -: 1467:    _LIBCPP_INLINE_VISIBILITY
        -: 1468:    allocator_type get_allocator() const _NOEXCEPT {return __alloc();}
        -: 1469:
        -: 1470:    _LIBCPP_INLINE_VISIBILITY
        -: 1471:    size_type find(const basic_string& __str, size_type __pos = 0) const _NOEXCEPT;
        -: 1472:    size_type find(const value_type* __s, size_type __pos, size_type __n) const _NOEXCEPT;
        -: 1473:    _LIBCPP_INLINE_VISIBILITY
[...]
        -: 3822:inline _LIBCPP_INLINE_VISIBILITY
        -: 3823:bool
        -: 3824:operator<=(const basic_string<_CharT, _Traits, _Allocator>& __lhs,
        -: 3825:           const basic_string<_CharT, _Traits, _Allocator>& __rhs) _NOEXCEPT
        -: 3826:{
        -: 3827:    return !(__rhs < __lhs);
        -: 3828:}
        -: 3829:
        -: 3830:template<class _CharT, class _Traits, class _Allocator>
        -: 3831:inline _LIBCPP_INLINE_VISIBILITY
        -: 3832:bool
        -: 3833:operator<=(const basic_string<_CharT, _Traits, _Allocator>& __lhs,
        -: 3834:           const _CharT* __rhs) _NOEXCEPT
        -: 3835:{
        -: 3836:    return !(__rhs < __lhs);
        -: 3837:}
        -: 3838:
        -: 3839:template<class _CharT, class _Traits, class _Allocator>
        -: 3840:inline _LIBCPP_INLINE_VISIBILITY
        -: 3841:bool
        -: 3842:operator<=(const _CharT* __lhs,
        -: 3843:           const basic_string<_CharT, _Traits, _Allocator>& __rhs) _NOEXCEPT
        -: 3844:{
        -: 3845:    return !(__rhs < __lhs);
        -: 3846:}
        -: 3847:
        -: 3848:// operator>=
        -: 3849:
        -: 3850:template<class _CharT, class _Traits, class _Allocator>
        -: 3851:inline _LIBCPP_INLINE_VISIBILITY
        -: 3852:bool
        -: 3853:operator>=(const basic_string<_CharT, _Traits, _Allocator>& __lhs,
        -: 3854:           const basic_string<_CharT, _Traits, _Allocator>& __rhs) _NOEXCEPT
        -: 3855:{
        -: 3856:    return !(__lhs < __rhs);
        -: 3857:}
        -: 3858:
        -: 3859:template<class _CharT, class _Traits, class _Allocator>
        -: 3860:inline _LIBCPP_INLINE_VISIBILITY
        -: 3861:bool
        -: 3862:operator>=(const basic_string<_CharT, _Traits, _Allocator>& __lhs,
        -: 3863:           const _CharT* __rhs) _NOEXCEPT
        -: 3864:{
        -: 3865:    return !(__lhs < __rhs);
        -: 3866:}
        -: 3867:
        -: 3868:template<class _CharT, class _Traits, class _Allocator>
        -: 3869:inline _LIBCPP_INLINE_VISIBILITY
        -: 3870:bool
        -: 3871:operator>=(const _CharT* __lhs,
        -: 3872:           const basic_string<_CharT, _Traits, _Allocator>& __rhs) _NOEXCEPT
        -: 3873:{
        -: 3874:    return !(__lhs < __rhs);
        -: 3875:}
        -: 3876:
        -: 3877:// operator +
        -: 3878:
        -: 3879:template<class _CharT, class _Traits, class _Allocator>
        -: 3880:basic_string<_CharT, _Traits, _Allocator>
        -: 3881:operator+(const basic_string<_CharT, _Traits, _Allocator>& __lhs,
        -: 3882:          const basic_string<_CharT, _Traits, _Allocator>& __rhs)
        -: 3883:{
        -: 3884:    basic_string<_CharT, _Traits, _Allocator> __r(__lhs.get_allocator());
        -: 3885:    typename basic_string<_CharT, _Traits, _Allocator>::size_type __lhs_sz = __lhs.size();
        -: 3886:    typename basic_string<_CharT, _Traits, _Allocator>::size_type __rhs_sz = __rhs.size();
        -: 3887:    __r.__init(__lhs.data(), __lhs_sz, __lhs_sz + __rhs_sz);
        -: 3888:    __r.append(__rhs.data(), __rhs_sz);
        -: 3889:    return __r;
        -: 3890:}
        -: 3891:
        -: 3892:template<class _CharT, class _Traits, class _Allocator>
        -: 3893:basic_string<_CharT, _Traits, _Allocator>
        -: 3894:operator+(const _CharT* __lhs , const basic_string<_CharT,_Traits,_Allocator>& __rhs)
        -: 3895:{
        -: 3896:    basic_string<_CharT, _Traits, _Allocator> __r(__rhs.get_allocator());
        -: 3897:    typename basic_string<_CharT, _Traits, _Allocator>::size_type __lhs_sz = _Traits::length(__lhs);
        -: 3898:    typename basic_string<_CharT, _Traits, _Allocator>::size_type __rhs_sz = __rhs.size();
        -: 3899:    __r.__init(__lhs, __lhs_sz, __lhs_sz + __rhs_sz);
        -: 3900:    __r.append(__rhs.data(), __rhs_sz);
        -: 3901:    return __r;
        -: 3902:}
        -: 3903:
        -: 3904:template<class _CharT, class _Traits, class _Allocator>
        -: 3905:basic_string<_CharT, _Traits, _Allocator>
        -: 3906:operator+(_CharT __lhs, const basic_string<_CharT,_Traits,_Allocator>& __rhs)
        -: 3907:{
        -: 3908:    basic_string<_CharT, _Traits, _Allocator> __r(__rhs.get_allocator());
        -: 3909:    typename basic_string<_CharT, _Traits, _Allocator>::size_type __rhs_sz = __rhs.size();
        -: 3910:    __r.__init(&__lhs, 1, 1 + __rhs_sz);
        -: 3911:    __r.append(__rhs.data(), __rhs_sz);
        -: 3912:    return __r;
        -: 3913:}
        -: 3914:
        -: 3915:template<class _CharT, class _Traits, class _Allocator>
        -: 3916:basic_string<_CharT, _Traits, _Allocator>
        -: 3917:operator+(const basic_string<_CharT, _Traits, _Allocator>& __lhs, const _CharT* __rhs)
        -: 3918:{
        -: 3919:    basic_string<_CharT, _Traits, _Allocator> __r(__lhs.get_allocator());
        -: 3920:    typename basic_string<_CharT, _Traits, _Allocator>::size_type __lhs_sz = __lhs.size();
        -: 3921:    typename basic_string<_CharT, _Traits, _Allocator>::size_type __rhs_sz = _Traits::length(__rhs);
        -: 3922:    __r.__init(__lhs.data(), __lhs_sz, __lhs_sz + __rhs_sz);
        -: 3923:    __r.append(__rhs, __rhs_sz);
        -: 3924:    return __r;
        -: 3925:}
        -: 3926:
        -: 3927:template<class _CharT, class _Traits, class _Allocator>
        -: 3928:basic_string<_CharT, _Traits, _Allocator>
        -: 3929:operator+(const basic_string<_CharT, _Traits, _Allocator>& __lhs, _CharT __rhs)
        -: 3930:{
        -: 3931:    basic_string<_CharT, _Traits, _Allocator> __r(__lhs.get_allocator());
        -: 3932:    typename basic_string<_CharT, _Traits, _Allocator>::size_type __lhs_sz = __lhs.size();
        -: 3933:    __r.__init(__lhs.data(), __lhs_sz, __lhs_sz + 1);
        -: 3934:    __r.push_back(__rhs);
        -: 3935:    return __r;
        -: 3936:}
        -: 3937:
        -: 3938:#ifndef _LIBCPP_HAS_NO_RVALUE_REFERENCES
        -: 3939:
        -: 3940:template<class _CharT, class _Traits, class _Allocator>
        -: 3941:inline _LIBCPP_INLINE_VISIBILITY
        -: 3942:basic_string<_CharT, _Traits, _Allocator>
        -: 3943:operator+(basic_string<_CharT, _Traits, _Allocator>&& __lhs, const basic_string<_CharT, _Traits, _Allocator>& __rhs)
        -: 3944:{
        -: 3945:    return _VSTD::move(__lhs.append(__rhs));
        -: 3946:}
        -: 3947:
        -: 3948:template<class _CharT, class _Traits, class _Allocator>
        -: 3949:inline _LIBCPP_INLINE_VISIBILITY
        -: 3950:basic_string<_CharT, _Traits, _Allocator>
        -: 3951:operator+(const basic_string<_CharT, _Traits, _Allocator>& __lhs, basic_string<_CharT, _Traits, _Allocator>&& __rhs)
        -: 3952:{
        -: 3953:    return _VSTD::move(__rhs.insert(0, __lhs));
        -: 3954:}
        -: 3955:
        -: 3956:template<class _CharT, class _Traits, class _Allocator>
        -: 3957:inline _LIBCPP_INLINE_VISIBILITY
        -: 3958:basic_string<_CharT, _Traits, _Allocator>
        -: 3959:operator+(basic_string<_CharT, _Traits, _Allocator>&& __lhs, basic_string<_CharT, _Traits, _Allocator>&& __rhs)
        -: 3960:{
        -: 3961:    return _VSTD::move(__lhs.append(__rhs));
        -: 3962:}
        -: 3963:
        -: 3964:template<class _CharT, class _Traits, class _Allocator>
        -: 3965:inline _LIBCPP_INLINE_VISIBILITY
        -: 3966:basic_string<_CharT, _Traits, _Allocator>
        -: 3967:operator+(const _CharT* __lhs , basic_string<_CharT,_Traits,_Allocator>&& __rhs)
        -: 3968:{
        -: 3969:    return _VSTD::move(__rhs.insert(0, __lhs));
        -: 3970:}
        -: 3971:
        -: 3972:template<class _CharT, class _Traits, class _Allocator>
        -: 3973:inline _LIBCPP_INLINE_VISIBILITY
        -: 3974:basic_string<_CharT, _Traits, _Allocator>
        -: 3975:operator+(_CharT __lhs, basic_string<_CharT,_Traits,_Allocator>&& __rhs)
        -: 3976:{
        -: 3977:    __rhs.insert(__rhs.begin(), __lhs);
        -: 3978:    return _VSTD::move(__rhs);
        -: 3979:}
        -: 3980:
        -: 3981:template<class _CharT, class _Traits, class _Allocator>
        -: 3982:inline _LIBCPP_INLINE_VISIBILITY
        -: 3983:basic_string<_CharT, _Traits, _Allocator>
        -: 3984:operator+(basic_string<_CharT, _Traits, _Allocator>&& __lhs, const _CharT* __rhs)
        -: 3985:{
        -: 3986:    return _VSTD::move(__lhs.append(__rhs));
        -: 3987:}
        -: 3988:
        -: 3989:template<class _CharT, class _Traits, class _Allocator>
        -: 3990:inline _LIBCPP_INLINE_VISIBILITY
        -: 3991:basic_string<_CharT, _Traits, _Allocator>
        -: 3992:operator+(basic_string<_CharT, _Traits, _Allocator>&& __lhs, _CharT __rhs)
        -: 3993:{
        -: 3994:    __lhs.push_back(__rhs);
        -: 3995:    return _VSTD::move(__lhs);
        -: 3996:}
        -: 3997:
        -: 3998:#endif  // _LIBCPP_HAS_NO_RVALUE_REFERENCES
        -: 3999:
        -: 4000:// swap
        -: 4001:
        -: 4002:template<class _CharT, class _Traits, class _Allocator>
        -: 4003:inline _LIBCPP_INLINE_VISIBILITY
        -: 4004:void
        -: 4005:swap(basic_string<_CharT, _Traits, _Allocator>& __lhs,
        -: 4006:     basic_string<_CharT, _Traits, _Allocator>& __rhs)
        -: 4007:     _NOEXCEPT_(_NOEXCEPT_(__lhs.swap(__rhs)))
        -: 4008:{
        -: 4009:    __lhs.swap(__rhs);
        -: 4010:}
        -: 4011:
        -: 4012:#ifndef _LIBCPP_HAS_NO_UNICODE_CHARS
        -: 4013:
        -: 4014:typedef basic_string<char16_t> u16string;
        -: 4015:typedef basic_string<char32_t> u32string;
        -: 4016:
        -: 4017:#endif  // _LIBCPP_HAS_NO_UNICODE_CHARS
        -: 4018:
        -: 4019:_LIBCPP_FUNC_VIS int                stoi  (const string& __str, size_t* __idx = 0, int __base = 10);
        -: 4020:_LIBCPP_FUNC_VIS long               stol  (const string& __str, size_t* __idx = 0, int __base = 10);
        -: 4021:_LIBCPP_FUNC_VIS unsigned long      stoul (const string& __str, size_t* __idx = 0, int __base = 10);
        -: 4022:_LIBCPP_FUNC_VIS long long          stoll (const string& __str, size_t* __idx = 0, int __base = 10);
        -: 4023:_LIBCPP_FUNC_VIS unsigned long long stoull(const string& __str, size_t* __idx = 0, int __base = 10);
        -: 4024:
        -: 4025:_LIBCPP_FUNC_VIS float       stof (const string& __str, size_t* __idx = 0);
        -: 4026:_LIBCPP_FUNC_VIS double      stod (const string& __str, size_t* __idx = 0);
        -: 4027:_LIBCPP_FUNC_VIS long double stold(const string& __str, size_t* __idx = 0);
        -: 4028:
        -: 4029:_LIBCPP_FUNC_VIS string to_string(int __val);
        -: 4030:_LIBCPP_FUNC_VIS string to_string(unsigned __val);
        -: 4031:_LIBCPP_FUNC_VIS string to_string(long __val);
        -: 4032:_LIBCPP_FUNC_VIS string to_string(unsigned long __val);
        -: 4033:_LIBCPP_FUNC_VIS string to_string(long long __val);
        -: 4034:_LIBCPP_FUNC_VIS string to_string(unsigned long long __val);
        -: 4035:_LIBCPP_FUNC_VIS string to_string(float __val);
        -: 4036:_LIBCPP_FUNC_VIS string to_string(double __val);
        -: 4037:_LIBCPP_FUNC_VIS string to_string(long double __val);
        -: 4038:
        -: 4039:_LIBCPP_FUNC_VIS int                stoi  (const wstring& __str, size_t* __idx = 0, int __base = 10);
        -: 4040:_LIBCPP_FUNC_VIS long               stol  (const wstring& __str, size_t* __idx = 0, int __base = 10);
        -: 4041:_LIBCPP_FUNC_VIS unsigned long      stoul (const wstring& __str, size_t* __idx = 0, int __base = 10);
        -: 4042:_LIBCPP_FUNC_VIS long long          stoll (const wstring& __str, size_t* __idx = 0, int __base = 10);
        -: 4043:_LIBCPP_FUNC_VIS unsigned long long stoull(const wstring& __str, size_t* __idx = 0, int __base = 10);
        -: 4044:
        -: 4045:_LIBCPP_FUNC_VIS float       stof (const wstring& __str, size_t* __idx = 0);
        -: 4046:_LIBCPP_FUNC_VIS double      stod (const wstring& __str, size_t* __idx = 0);
        -: 4047:_LIBCPP_FUNC_VIS long double stold(const wstring& __str, size_t* __idx = 0);
        -: 4048:
        -: 4049:_LIBCPP_FUNC_VIS wstring to_wstring(int __val);
        -: 4050:_LIBCPP_FUNC_VIS wstring to_wstring(unsigned __val);
        -: 4051:_LIBCPP_FUNC_VIS wstring to_wstring(long __val);
        -: 4052:_LIBCPP_FUNC_VIS wstring to_wstring(unsigned long __val);
        -: 4053:_LIBCPP_FUNC_VIS wstring to_wstring(long long __val);
        -: 4054:_LIBCPP_FUNC_VIS wstring to_wstring(unsigned long long __val);
        -: 4055:_LIBCPP_FUNC_VIS wstring to_wstring(float __val);
        -: 4056:_LIBCPP_FUNC_VIS wstring to_wstring(double __val);
        -: 4057:_LIBCPP_FUNC_VIS wstring to_wstring(long double __val);
        -: 4058:
        -: 4059:template<class _CharT, class _Traits, class _Allocator>
        -: 4060:    const typename basic_string<_CharT, _Traits, _Allocator>::size_type
        -: 4061:                   basic_string<_CharT, _Traits, _Allocator>::npos;
        -: 4062:
        -: 4063:template<class _Ptr>
        -: 4064:size_t _LIBCPP_INLINE_VISIBILITY __do_string_hash(_Ptr __p, _Ptr __e)
        -: 4065:{
        -: 4066:    typedef typename iterator_traits<_Ptr>::value_type value_type;
        -: 4067:    return __murmur2_or_cityhash<size_t>()(__p, (__e-__p)*sizeof(value_type));
        -: 4068:}
        -: 4069:
        -: 4070:template<class _CharT, class _Traits, class _Allocator>
        -: 4071:struct _LIBCPP_TYPE_VIS_ONLY hash<basic_string<_CharT, _Traits, _Allocator> >
        -: 4072:    : public unary_function<basic_string<_CharT, _Traits, _Allocator>, size_t>
        -: 4073:{
        -: 4074:    size_t
        -: 4075:        operator()(const basic_string<_CharT, _Traits, _Allocator>& __val) const _NOEXCEPT;
        -: 4076:};
        -: 4077:
        -: 4078:template<class _CharT, class _Traits, class _Allocator>
        -: 4079:size_t
        -: 4080:hash<basic_string<_CharT, _Traits, _Allocator> >::operator()(
        -: 4081:        const basic_string<_CharT, _Traits, _Allocator>& __val) const _NOEXCEPT
        -: 4082:{
        -: 4083:    return __do_string_hash(__val.data(), __val.data() + __val.size());
        -: 4084:}
        -: 4085:
        -: 4086:template<class _CharT, class _Traits, class _Allocator>
        -: 4087:basic_ostream<_CharT, _Traits>&
        -: 4088:operator<<(basic_ostream<_CharT, _Traits>& __os,
        -: 4089:           const basic_string<_CharT, _Traits, _Allocator>& __str);
        -: 4090:
        -: 4091:template<class _CharT, class _Traits, class _Allocator>
        -: 4092:basic_istream<_CharT, _Traits>&
        -: 4093:operator>>(basic_istream<_CharT, _Traits>& __is,
        -: 4094:           basic_string<_CharT, _Traits, _Allocator>& __str);
        -: 4095:
        -: 4096:template<class _CharT, class _Traits, class _Allocator>
        -: 4097:basic_istream<_CharT, _Traits>&
        -: 4098:getline(basic_istream<_CharT, _Traits>& __is,
        -: 4099:        basic_string<_CharT, _Traits, _Allocator>& __str, _CharT __dlm);
        -: 4100:
        -: 4101:template<class _CharT, class _Traits, class _Allocator>
        -: 4102:inline _LIBCPP_INLINE_VISIBILITY
        -: 4103:basic_istream<_CharT, _Traits>&
        -: 4104:getline(basic_istream<_CharT, _Traits>& __is,
        -: 4105:        basic_string<_CharT, _Traits, _Allocator>& __str);
        -: 4106:
        -: 4107:#ifndef _LIBCPP_HAS_NO_RVALUE_REFERENCES
        -: 4108:
        -: 4109:template<class _CharT, class _Traits, class _Allocator>
        -: 4110:inline _LIBCPP_INLINE_VISIBILITY
        -: 4111:basic_istream<_CharT, _Traits>&
        -: 4112:getline(basic_istream<_CharT, _Traits>&& __is,
        -: 4113:        basic_string<_CharT, _Traits, _Allocator>& __str, _CharT __dlm);
        -: 4114:
        -: 4115:template<class _CharT, class _Traits, class _Allocator>
        -: 4116:inline _LIBCPP_INLINE_VISIBILITY
        -: 4117:basic_istream<_CharT, _Traits>&
        -: 4118:getline(basic_istream<_CharT, _Traits>&& __is,
        -: 4119:        basic_string<_CharT, _Traits, _Allocator>& __str);
        -: 4120:
        -: 4121:#endif  // _LIBCPP_HAS_NO_RVALUE_REFERENCES
        -: 4122:
        -: 4123:#if _LIBCPP_DEBUG_LEVEL >= 2
        -: 4124:
        -: 4125:template<class _CharT, class _Traits, class _Allocator>
        -: 4126:bool
        -: 4127:basic_string<_CharT, _Traits, _Allocator>::__dereferenceable(const const_iterator* __i) const
        -: 4128:{
        -: 4129:    return this->data() <= _VSTD::__to_raw_pointer(__i->base()) &&
        -: 4130:           _VSTD::__to_raw_pointer(__i->base()) < this->data() + this->size();
        -: 4131:}
        -: 4132:
        -: 4133:template<class _CharT, class _Traits, class _Allocator>
        -: 4134:bool
        -: 4135:basic_string<_CharT, _Traits, _Allocator>::__decrementable(const const_iterator* __i) const
        -: 4136:{
        -: 4137:    return this->data() < _VSTD::__to_raw_pointer(__i->base()) &&
        -: 4138:           _VSTD::__to_raw_pointer(__i->base()) <= this->data() + this->size();
        -: 4139:}
        -: 4140:
        -: 4141:template<class _CharT, class _Traits, class _Allocator>
        -: 4142:bool
        -: 4143:basic_string<_CharT, _Traits, _Allocator>::__addable(const const_iterator* __i, ptrdiff_t __n) const
        -: 4144:{
        -: 4145:    const value_type* __p = _VSTD::__to_raw_pointer(__i->base()) + __n;
        -: 4146:    return this->data() <= __p && __p <= this->data() + this->size();
        -: 4147:}
        -: 4148:
        -: 4149:template<class _CharT, class _Traits, class _Allocator>
        -: 4150:bool
        -: 4151:basic_string<_CharT, _Traits, _Allocator>::__subscriptable(const const_iterator* __i, ptrdiff_t __n) const
        -: 4152:{
        -: 4153:    const value_type* __p = _VSTD::__to_raw_pointer(__i->base()) + __n;
        -: 4154:    return this->data() <= __p && __p < this->data() + this->size();
        -: 4155:}
        -: 4156:
        -: 4157:#endif  // _LIBCPP_DEBUG_LEVEL >= 2
        -: 4158:
        -: 4159:#if _LIBCPP_STD_VER > 11 
        -: 4160:// Literal suffixes for basic_string [basic.string.literals]
        -: 4161:inline namespace literals
        -: 4162:{
        -: 4163:  inline namespace string_literals
        -: 4164:  {
        -: 4165:    inline _LIBCPP_INLINE_VISIBILITY
        -: 4166:    basic_string<char> operator "" s( const char *__str, size_t __len )
        -: 4167:    {
        -: 4168:        return basic_string<char> (__str, __len);
        -: 4169:    }
        -: 4170:
        -: 4171:    inline _LIBCPP_INLINE_VISIBILITY
        -: 4172:    basic_string<wchar_t> operator "" s( const wchar_t *__str, size_t __len )
        -: 4173:    {
        -: 4174:        return basic_string<wchar_t> (__str, __len);
        -: 4175:    }
        -: 4176:
        -: 4177:    inline _LIBCPP_INLINE_VISIBILITY
        -: 4178:    basic_string<char16_t> operator "" s( const char16_t *__str, size_t __len )
        -: 4179:    {
        -: 4180:        return basic_string<char16_t> (__str, __len);
        -: 4181:    }
        -: 4182:
        -: 4183:    inline _LIBCPP_INLINE_VISIBILITY
        -: 4184:    basic_string<char32_t> operator "" s( const char32_t *__str, size_t __len )
        -: 4185:    {
        -: 4186:        return basic_string<char32_t> (__str, __len);
        -: 4187:    }
        -: 4188:  }
        -: 4189:}
        -: 4190:#endif
        -: 4191:
        -: 4192:_LIBCPP_EXTERN_TEMPLATE(class _LIBCPP_TYPE_VIS basic_string<char>)
        -: 4193:_LIBCPP_EXTERN_TEMPLATE(class _LIBCPP_TYPE_VIS basic_string<wchar_t>)
        -: 4194:_LIBCPP_EXTERN_TEMPLATE(string operator+<char, char_traits<char>, allocator<char> >(char const*, string const&))
        -: 4195:
        -: 4196:_LIBCPP_END_NAMESPACE_STD
        -: 4197:
        -: 4198:#endif  // _LIBCPP_STRING
